<!DOCTYPE html>
<html lang="en">

<head>
    <meta charset="UTF-8">
    <meta name="viewport" content="width=device-width, initial-scale=1.0">
    <title>Type System Test Results</title>
    <style>
        body,
        h1,
        h2,
        h3,
        p,
        table {
            font-family: "system-ui", "Segoe UI", Helvetica, Arial, sans-serif;
            margin: 0;
            padding: 0;
        }

        header {
            background-color: #333;
            color: #fff;
            text-align: center;
            padding: 10px 16px 12px;
        }

        table {
            margin: 0px;
            padding: 0px;
            width: 100%;
            border-collapse: collapse;
            font-family: "system-ui", "Segoe UI", Helvetica, Arial, sans-serif;
            font-size: 10pt;
            font-weight: normal;
            font-style: normal;
        }

        th,
        td {
            margin: 0px;
            padding: 0px;
            text-align: left;
            border-bottom: 0px solid #000;
            font-weight: normal;
        }

        .content_container {
            margin: 20px;
        }

        .table_container {
            margin-left: 20px;
        }

        .column {
            padding-left: 8px;
            padding-right: 8px;
            padding-top: 4px;
            padding-bottom: 4px;

            margin-left: 8px;
            margin-right: 8px;
            margin-top: 4px;
            margin-bottom: 4px;

            border-style: solid;
            border-color: white;
            border-left-width: 8px;
            border-right-width: 8px;
            border-top-width: 0;
            border-bottom-width: 0;
        }

        .col1 {
            width: 28%;
            vertical-align: top;
        }

        .col2 {
            width: 14%;
            cursor: pointer;
            text-align: center;
        }

        .tc-header {
            padding-top: 4px;
            text-align: center;
        }

        .tc-name {
            font-size: 16px;
            margin-top: 8px;
            margin-bottom: 8px;
        }

        .tc-time {
            font-size: 12px;
        }

        .test_group {
            font-size: 10pt;
            font-weight: bold;
        }

        .conformant {
            background-color: rgb(203, 255, 203);
        }

        .partially-conformant {
            background-color: rgb(251, 244, 166);
        }

        .not-conformant {
            background-color: rgb(242, 171, 171);
        }

        .tooltip-text {
            visibility: hidden;
            position: absolute;
            z-index: 2;
            width: 400px;
            color: black;
            font-size: 12px;
            background-color: white;
            border: 1px solid black;
            padding: 10px 15px 10px 15px;
            text-align: left;
        }

        .hover-text:hover .tooltip-text {
            visibility: visible;
        }

        .hover-text .tooltip-text p {
            margin: 4px;
        }

        #bottom {
            top: 25px;
            left: -80%;
        }

        #bottom::before {
            top: -5%;
            left: 94%;
        }

        .hover-text {
            position: relative;
        }

        .disclaimer {
            margin: 6px auto 0;
            max-width: 720px;
            font-size: 12px;
            line-height: 1.4;
            font-weight: normal;
            color: #d6d6d6;
        }
    </style>
</head>

<body>
    <div class="content_container">
        <header>
            <h3>Python Type System Conformance Test Results</h3>
            <p class="disclaimer">
                While spec conformance is important for the ecosystem, we don't recommend using it
                as the primary basis for choosing a type checker. It is not representative
                of many of the things users typically care about.
            </p>
        </header>
        <div class="table_container"><table><tbody>
<tr><th class="col1">&nbsp;</th>
<th class='tc-header'><div class='tc-name'>mypy 1.19.1</div>
</th>
<th class='tc-header'><div class='tc-name'>pyright 1.1.408</div>
</th>
<th class='tc-header'><div class='tc-name'>zuban 0.6.0</div>
</th>
<th class='tc-header'><div class='tc-name'>pyrefly 0.53.0</div>
</th>
<th class='tc-header'><div class='tc-name'>ty 0.0.17 (8cec85718 2026-02-13)</div>
</th>
</tr>
<tr><th class="column" colspan="6">
<a class="test_group" href="https://typing.readthedocs.io/en/latest/spec/annotations.html">Type annotations</a>
</th></tr>
<tr><th class="column col1">&nbsp;&nbsp;&nbsp;&nbsp;&nbsp;annotations_coroutines</th>
<th class="column col2 conformant">Pass</th>
<th class="column col2 conformant">Pass</th>
<th class="column col2 conformant">Pass</th>
<th class="column col2 conformant">Pass</th>
<th class="column col2 conformant">Pass</th>
</tr>
<tr><th class="column col1">&nbsp;&nbsp;&nbsp;&nbsp;&nbsp;annotations_forward_refs</th>
<th class="column col2 partially-conformant"><div class="hover-text">Partial<span class="tooltip-text" id="bottom" style="max-width: 400px; width: max-content; white-space: normal; word-wrap: break-word; overflow-wrap: break-word; text-align: left;"><div style='margin-bottom: 10px;'><strong>Notes:</strong><p>Does not report error for a forward reference that is not enclosed in quotes.</p><p>Does not report error for use of quoted type with "|" operator (runtime error).</p><p>Incorrectly generates error for quoted type defined in class scope.</p></div><div><strong>Errors Diff:</strong><br><pre style='margin: 5px 0; font-size: 0.9em; white-space: pre-wrap; word-wrap: break-word; overflow-wrap: break-word;'>Line 24: Expected 1 errors<br>Line 25: Expected 1 errors<br>Line 87: Unexpected errors ['annotations_forward_refs.py:87: error: Function "annotations_forward_refs.ClassD.int" is not valid as a type  [valid-type]']<br>Line 96: Unexpected errors ['annotations_forward_refs.py:96: error: Expression is of type int?, not "int"  [assert-type]']</pre></div></span></div></th>
<th class="column col2 conformant">Pass</th>
<th class="column col2 not-conformant"><div class="hover-text">Unknown (0f-/4f+)<span class="tooltip-text" id="bottom" style="max-width: 400px; width: max-content; white-space: normal; word-wrap: break-word; overflow-wrap: break-word; text-align: left;"><div><strong>Errors Diff:</strong><br><pre style='margin: 5px 0; font-size: 0.9em; white-space: pre-wrap; word-wrap: break-word; overflow-wrap: break-word;'>Line 82: Unexpected errors ['annotations_forward_refs.py:82: error: Name "str" is not defined  [name-defined]']<br>Line 87: Unexpected errors ['annotations_forward_refs.py:87: error: Function "annotations_forward_refs.ClassD.int" is not valid as a type  [valid-type]']<br>Line 95: Unexpected errors ['annotations_forward_refs.py:95: error: Expression is of type "Any", not "str"  [misc]']<br>Line 96: Unexpected errors ['annotations_forward_refs.py:96: error: Expression is of type "Any", not "int"  [misc]']</pre></div></span></div></th>
<th class="column col2 not-conformant"><div class="hover-text">Unknown (0f-/2f+)<span class="tooltip-text" id="bottom" style="max-width: 400px; width: max-content; white-space: normal; word-wrap: break-word; overflow-wrap: break-word; text-align: left;"><div><strong>Errors Diff:</strong><br><pre style='margin: 5px 0; font-size: 0.9em; white-space: pre-wrap; word-wrap: break-word; overflow-wrap: break-word;'>Line 87: Unexpected errors ['Expected a type form, got instance of `(self: Self@ClassD) -> None` [not-a-type]']<br>Line 96: Unexpected errors ['assert_type(Any, int) failed [assert-type]']</pre></div></span></div></th>
<th class="column col2 not-conformant"><div class="hover-text">Unknown (2f-/4f+)<span class="tooltip-text" id="bottom" style="max-width: 400px; width: max-content; white-space: normal; word-wrap: break-word; overflow-wrap: break-word; text-align: left;"><div><strong>Errors Diff:</strong><br><pre style='margin: 5px 0; font-size: 0.9em; white-space: pre-wrap; word-wrap: break-word; overflow-wrap: break-word;'>Line 24: Expected 1 errors<br>Line 25: Expected 1 errors<br>Line 82: Unexpected errors ['annotations_forward_refs.py:82:11: error[invalid-type-form] Variable of type `Literal[""]` is not allowed in a type expression']<br>Line 87: Unexpected errors ['annotations_forward_refs.py:87:9: error[invalid-type-form] Function `int` is not valid in a type expression']<br>Line 95: Unexpected errors ['annotations_forward_refs.py:95:1: error[type-assertion-failure] Type `str` does not match asserted type `Unknown`']<br>Line 96: Unexpected errors ['annotations_forward_refs.py:96:1: error[type-assertion-failure] Type `int` does not match asserted type `Unknown`']</pre></div></span></div></th>
</tr>
<tr><th class="column col1">&nbsp;&nbsp;&nbsp;&nbsp;&nbsp;annotations_generators</th>
<th class="column col2 partially-conformant"><div class="hover-text">Partial<span class="tooltip-text" id="bottom" style="max-width: 400px; width: max-content; white-space: normal; word-wrap: break-word; overflow-wrap: break-word; text-align: left;"><div style='margin-bottom: 10px;'><strong>Notes:</strong><p>Does not report incompatible Generator type in `yield from` statement.</p></div><div><strong>Errors Diff:</strong><br><pre style='margin: 5px 0; font-size: 0.9em; white-space: pre-wrap; word-wrap: break-word; overflow-wrap: break-word;'>Line 135: Expected 1 errors</pre></div></span></div></th>
<th class="column col2 conformant">Pass</th>
<th class="column col2 conformant">Pass</th>
<th class="column col2 not-conformant"><div class="hover-text">Unknown (0f-/3f+)<span class="tooltip-text" id="bottom" style="max-width: 400px; width: max-content; white-space: normal; word-wrap: break-word; overflow-wrap: break-word; text-align: left;"><div><strong>Errors Diff:</strong><br><pre style='margin: 5px 0; font-size: 0.9em; white-space: pre-wrap; word-wrap: break-word; overflow-wrap: break-word;'>Line 140: Unexpected errors ['This `yield` expression is unreachable [unreachable]']<br>Line 145: Unexpected errors ['This `yield` expression is unreachable [unreachable]']<br>Line 190: Unexpected errors ['This `yield` expression is unreachable [unreachable]']</pre></div></span></div></th>
<th class="column col2 not-conformant"><div class="hover-text">Unknown (8f-/1f+)<span class="tooltip-text" id="bottom" style="max-width: 400px; width: max-content; white-space: normal; word-wrap: break-word; overflow-wrap: break-word; text-align: left;"><div><strong>Errors Diff:</strong><br><pre style='margin: 5px 0; font-size: 0.9em; white-space: pre-wrap; word-wrap: break-word; overflow-wrap: break-word;'>Line 51: Expected 1 errors<br>Line 54: Expected 1 errors<br>Line 57: Expected 1 errors<br>Line 66: Expected 1 errors<br>Line 75: Expected 1 errors<br>Line 118: Expected 1 errors<br>Line 119: Expected 1 errors<br>Line 135: Expected 1 errors<br>Line 193: Unexpected errors ['annotations_generators.py:193:1: error[assert-type-unspellable-subtype] Type `() -> AsyncIterator[int]` does not match asserted type `def generator30() -> AsyncIterator[int]`']</pre></div></span></div></th>
</tr>
<tr><th class="column col1">&nbsp;&nbsp;&nbsp;&nbsp;&nbsp;annotations_methods</th>
<th class="column col2 conformant"><div class="hover-text">Pass*<span class="tooltip-text" id="bottom" style="max-width: 400px; width: max-content; white-space: normal; word-wrap: break-word; overflow-wrap: break-word; text-align: left;"><div style='margin-bottom: 10px;'><strong>Notes:</strong><p>Type evaluation differs from other type checkers because of ambiguity in the spec related to method bindings.</p></div></span></div></th>
<th class="column col2 conformant"><div class="hover-text">Pass*<span class="tooltip-text" id="bottom" style="max-width: 400px; width: max-content; white-space: normal; word-wrap: break-word; overflow-wrap: break-word; text-align: left;"><div style='margin-bottom: 10px;'><strong>Notes:</strong><p>Type evaluation differs from other type checkers because of ambiguity in the spec related to method bindings.</p></div></span></div></th>
<th class="column col2 conformant">Pass</th>
<th class="column col2 conformant">Pass</th>
<th class="column col2 conformant">Pass</th>
</tr>
<tr><th class="column col1">&nbsp;&nbsp;&nbsp;&nbsp;&nbsp;annotations_typeexpr</th>
<th class="column col2 conformant">Pass</th>
<th class="column col2 conformant">Pass</th>
<th class="column col2 conformant">Pass</th>
<th class="column col2 conformant">Pass</th>
<th class="column col2 conformant">Pass</th>
</tr>
<tr><th class="column" colspan="6">
<a class="test_group" href="https://typing.readthedocs.io/en/latest/spec/special-types.html">Special types in annotations</a>
</th></tr>
<tr><th class="column col1">&nbsp;&nbsp;&nbsp;&nbsp;&nbsp;specialtypes_any</th>
<th class="column col2 conformant">Pass</th>
<th class="column col2 conformant">Pass</th>
<th class="column col2 conformant">Pass</th>
<th class="column col2 conformant">Pass</th>
<th class="column col2 conformant">Pass</th>
</tr>
<tr><th class="column col1">&nbsp;&nbsp;&nbsp;&nbsp;&nbsp;specialtypes_never</th>
<th class="column col2 conformant">Pass</th>
<th class="column col2 conformant">Pass</th>
<th class="column col2 conformant">Pass</th>
<th class="column col2 conformant">Pass</th>
<th class="column col2 conformant">Pass</th>
</tr>
<tr><th class="column col1">&nbsp;&nbsp;&nbsp;&nbsp;&nbsp;specialtypes_none</th>
<th class="column col2 conformant">Pass</th>
<th class="column col2 conformant">Pass</th>
<th class="column col2 conformant">Pass</th>
<th class="column col2 conformant">Pass</th>
<th class="column col2 conformant">Pass</th>
</tr>
<tr><th class="column col1">&nbsp;&nbsp;&nbsp;&nbsp;&nbsp;specialtypes_promotions</th>
<th class="column col2 conformant">Pass</th>
<th class="column col2 conformant">Pass</th>
<th class="column col2 conformant">Pass</th>
<th class="column col2 conformant">Pass</th>
<th class="column col2 conformant">Pass</th>
</tr>
<tr><th class="column col1">&nbsp;&nbsp;&nbsp;&nbsp;&nbsp;specialtypes_type</th>
<th class="column col2 partially-conformant"><div class="hover-text">Partial<span class="tooltip-text" id="bottom" style="max-width: 400px; width: max-content; white-space: normal; word-wrap: break-word; overflow-wrap: break-word; text-align: left;"><div style='margin-bottom: 10px;'><strong>Notes:</strong><p>Does not treat `type` same as `type[Any]` for assert_type.</p><p>Does not allow access to unknown attributes from object of type `type[Any]`.</p></div><div><strong>Errors Diff:</strong><br><pre style='margin: 5px 0; font-size: 0.9em; white-space: pre-wrap; word-wrap: break-word; overflow-wrap: break-word;'>Line 84: Unexpected errors ['specialtypes_type.py:84: error: Expression is of type "type", not "type[Any]"  [assert-type]']<br>Line 99: Unexpected errors ['specialtypes_type.py:99: error: "type" has no attribute "unknown"  [attr-defined]']<br>Line 100: Unexpected errors ['specialtypes_type.py:100: error: "type" has no attribute "unknown"  [attr-defined]']<br>Line 139: Unexpected errors ['specialtypes_type.py:139: error: Expression is of type "type", not "type[Any]"  [assert-type]']</pre></div></span></div></th>
<th class="column col2 conformant">Pass</th>
<th class="column col2 conformant">Pass</th>
<th class="column col2 conformant">Pass</th>
<th class="column col2 not-conformant"><div class="hover-text">Unknown (2f-/11f+)<span class="tooltip-text" id="bottom" style="max-width: 400px; width: max-content; white-space: normal; word-wrap: break-word; overflow-wrap: break-word; text-align: left;"><div><strong>Errors Diff:</strong><br><pre style='margin: 5px 0; font-size: 0.9em; white-space: pre-wrap; word-wrap: break-word; overflow-wrap: break-word;'>Line 144: Expected 1 errors<br>Line 146: Expected 1 errors<br>Line 84: Unexpected errors ['specialtypes_type.py:84:5: error[type-assertion-failure] Type `type[Any]` does not match asserted type `type`']<br>Line 99: Unexpected errors ['specialtypes_type.py:99:17: error[unresolved-attribute] Object of type `type` has no attribute `unknown`']<br>Line 100: Unexpected errors ['specialtypes_type.py:100:17: error[unresolved-attribute] Object of type `type` has no attribute `unknown`']<br>Line 102: Unexpected errors ['specialtypes_type.py:102:5: error[type-assertion-failure] Type `tuple[type, ...]` does not match asserted type `Any`']<br>Line 107: Unexpected errors ['specialtypes_type.py:107:17: error[unresolved-attribute] Object of type `type` has no attribute `unknown`']<br>Line 108: Unexpected errors ['specialtypes_type.py:108:17: error[unresolved-attribute] Object of type `type` has no attribute `unknown`']<br>Line 110: Unexpected errors ['specialtypes_type.py:110:5: error[type-assertion-failure] Type `tuple[type, ...]` does not match asserted type `Any`']<br>Line 137: Unexpected errors ['specialtypes_type.py:137:5: error[type-assertion-failure] Type `type[Any]` does not match asserted type `type`']<br>Line 139: Unexpected errors ['specialtypes_type.py:139:5: error[type-assertion-failure] Type `type[Any]` does not match asserted type `type`']<br>Line 169: Unexpected errors ['specialtypes_type.py:169:21: error[invalid-assignment] Object of type `type` is not assignable to `type[int]`']<br>Line 175: Unexpected errors ['specialtypes_type.py:175:16: error[invalid-return-type] Return type does not match returned value: expected `type[T@ClassA]`, found `type`']</pre></div></span></div></th>
</tr>
<tr><th class="column" colspan="6">
<a class="test_group" href="https://typing.readthedocs.io/en/latest/spec/generics.html">Generics</a>
</th></tr>
<tr><th class="column col1">&nbsp;&nbsp;&nbsp;&nbsp;&nbsp;generics_base_class</th>
<th class="column col2 partially-conformant"><div class="hover-text">Partial<span class="tooltip-text" id="bottom" style="max-width: 400px; width: max-content; white-space: normal; word-wrap: break-word; overflow-wrap: break-word; text-align: left;"><div style='margin-bottom: 10px;'><strong>Notes:</strong><p>Does not detect inconsistent type variable ordering.</p></div><div><strong>Errors Diff:</strong><br><pre style='margin: 5px 0; font-size: 0.9em; white-space: pre-wrap; word-wrap: break-word; overflow-wrap: break-word;'>Line 98: Expected 1 errors</pre></div></span></div></th>
<th class="column col2 conformant">Pass</th>
<th class="column col2 conformant">Pass</th>
<th class="column col2 conformant">Pass</th>
<th class="column col2 not-conformant"><div class="hover-text">Unknown (1f-/0f+)<span class="tooltip-text" id="bottom" style="max-width: 400px; width: max-content; white-space: normal; word-wrap: break-word; overflow-wrap: break-word; text-align: left;"><div><strong>Errors Diff:</strong><br><pre style='margin: 5px 0; font-size: 0.9em; white-space: pre-wrap; word-wrap: break-word; overflow-wrap: break-word;'>Line 98: Expected 1 errors</pre></div></span></div></th>
</tr>
<tr><th class="column col1">&nbsp;&nbsp;&nbsp;&nbsp;&nbsp;generics_basic</th>
<th class="column col2 conformant">Pass</th>
<th class="column col2 conformant">Pass</th>
<th class="column col2 conformant">Pass</th>
<th class="column col2 not-conformant"><div class="hover-text">Unknown (0f-/3f+)<span class="tooltip-text" id="bottom" style="max-width: 400px; width: max-content; white-space: normal; word-wrap: break-word; overflow-wrap: break-word; text-align: left;"><div><strong>Errors Diff:</strong><br><pre style='margin: 5px 0; font-size: 0.9em; white-space: pre-wrap; word-wrap: break-word; overflow-wrap: break-word;'>Line 34: Unexpected errors ['`+` is not supported between `AnyStr` and `AnyStr` [unsupported-operation]', '`+` is not supported between `AnyStr` and `AnyStr` [unsupported-operation]']<br>Line 67: Unexpected errors ['assert_type(MyStr, str) failed [assert-type]']<br>Line 68: Unexpected errors ['assert_type(MyStr, str) failed [assert-type]', 'Argument `str` is not assignable to parameter `y` with type `MyStr` in function `concat` [bad-argument-type]']</pre></div></span></div></th>
<th class="column col2 not-conformant"><div class="hover-text">Unknown (4f-/0f+)<span class="tooltip-text" id="bottom" style="max-width: 400px; width: max-content; white-space: normal; word-wrap: break-word; overflow-wrap: break-word; text-align: left;"><div><strong>Errors Diff:</strong><br><pre style='margin: 5px 0; font-size: 0.9em; white-space: pre-wrap; word-wrap: break-word; overflow-wrap: break-word;'>Line 40: Expected 1 errors<br>Line 41: Expected 1 errors<br>Line 69: Expected 1 errors<br>Line 208: Expected 1 errors</pre></div></span></div></th>
</tr>
<tr><th class="column col1">&nbsp;&nbsp;&nbsp;&nbsp;&nbsp;generics_defaults</th>
<th class="column col2 partially-conformant"><div class="hover-text">Partial<span class="tooltip-text" id="bottom" style="max-width: 400px; width: max-content; white-space: normal; word-wrap: break-word; overflow-wrap: break-word; text-align: left;"><div><strong>Errors Diff:</strong><br><pre style='margin: 5px 0; font-size: 0.9em; white-space: pre-wrap; word-wrap: break-word; overflow-wrap: break-word;'>Line 143: Expected 1 errors<br>Line 30: Unexpected errors ['generics_defaults.py:30: error: Expression is of type "type[NoNonDefaults[DefaultStrT, DefaultIntT]]", not "type[NoNonDefaults[str, int]]"  [assert-type]']<br>Line 31: Unexpected errors ['generics_defaults.py:31: error: Expression is of type "type[NoNonDefaults[str, DefaultIntT]]", not "type[NoNonDefaults[str, int]]"  [assert-type]']<br>Line 38: Unexpected errors ['generics_defaults.py:38: error: Expression is of type "type[OneDefault[float, DefaultBoolT]]", not "type[OneDefault[float, bool]]"  [assert-type]']<br>Line 45: Unexpected errors ['generics_defaults.py:45: error: Expression is of type "type[AllTheDefaults[T1, T2, DefaultStrT, DefaultIntT, DefaultBoolT]]", not "type[AllTheDefaults[Any, Any, str, int, bool]]"  [assert-type]']<br>Line 46: Unexpected errors ['generics_defaults.py:46: error: Expression is of type "type[AllTheDefaults[int, complex, DefaultStrT, DefaultIntT, DefaultBoolT]]", not "type[AllTheDefaults[int, complex, str, int, bool]]"  [assert-type]']<br>Line 52: Unexpected errors ['generics_defaults.py:52: error: Expression is of type "type[AllTheDefaults[int, complex, DefaultStrT, DefaultIntT, DefaultBoolT]]", not "type[AllTheDefaults[int, complex, str, int, bool]]"  [assert-type]']<br>Line 55: Unexpected errors ['generics_defaults.py:55: error: Expression is of type "type[AllTheDefaults[int, complex, str, DefaultIntT, DefaultBoolT]]", not "type[AllTheDefaults[int, complex, str, int, bool]]"  [assert-type]']<br>Line 59: Unexpected errors ['generics_defaults.py:59: error: Expression is of type "type[AllTheDefaults[int, complex, str, int, DefaultBoolT]]", not "type[AllTheDefaults[int, complex, str, int, bool]]"  [assert-type]']<br>Line 79: Unexpected errors ['generics_defaults.py:79: error: Expression is of type "type[Class_ParamSpec[DefaultP]]", not "type[Class_ParamSpec[[str, int]]]"  [assert-type]']<br>Line 94: Unexpected errors ['generics_defaults.py:94: error: Expression is of type "type[Class_TypeVarTuple[*DefaultTs]]", not "type[Class_TypeVarTuple[str, int]]"  [assert-type]']<br>Line 156: Unexpected errors ['generics_defaults.py:156: error: Expression is of type "type[Foo6[*tuple[Any, ...], Any]]", not "type[Foo6[int, str, [float, bool]]]"  [assert-type]', 'generics_defaults.py:156: error: Can only replace ParamSpec with a parameter types list or another ParamSpec, got "str"  [misc]']<br>Line 157: Unexpected errors ['generics_defaults.py:157: error: Expression is of type "type[Foo6[*tuple[Any, ...], Any]]", not "type[Foo6[int, str, [bytes]]]"  [assert-type]', 'generics_defaults.py:157: error: Can only replace ParamSpec with a parameter types list or another ParamSpec, got "str"  [misc]']</pre></div></span></div></th>
<th class="column col2 conformant">Pass</th>
<th class="column col2 conformant">Pass</th>
<th class="column col2 conformant">Pass</th>
<th class="column col2 not-conformant"><div class="hover-text">Unknown (1f-/15f+)<span class="tooltip-text" id="bottom" style="max-width: 400px; width: max-content; white-space: normal; word-wrap: break-word; overflow-wrap: break-word; text-align: left;"><div><strong>Errors Diff:</strong><br><pre style='margin: 5px 0; font-size: 0.9em; white-space: pre-wrap; word-wrap: break-word; overflow-wrap: break-word;'>Line 143: Expected 1 errors<br>Line 30: Unexpected errors ["generics_defaults.py:30:1: error[assert-type-unspellable-subtype] Type `type[NoNonDefaults[str, int]]` does not match asserted type `<class 'NoNonDefaults'>`"]<br>Line 31: Unexpected errors ["generics_defaults.py:31:1: error[assert-type-unspellable-subtype] Type `type[NoNonDefaults[str, int]]` does not match asserted type `<class 'NoNonDefaults[str, int]'>`"]<br>Line 32: Unexpected errors ["generics_defaults.py:32:1: error[assert-type-unspellable-subtype] Type `type[NoNonDefaults[str, int]]` does not match asserted type `<class 'NoNonDefaults[str, int]'>`"]<br>Line 38: Unexpected errors ["generics_defaults.py:38:1: error[assert-type-unspellable-subtype] Type `type[OneDefault[int | float, bool]]` does not match asserted type `<class 'OneDefault[int | float, bool]'>`"]<br>Line 45: Unexpected errors ["generics_defaults.py:45:1: error[type-assertion-failure] Type `type[AllTheDefaults[Any, Any, str, int, bool]]` does not match asserted type `<class 'AllTheDefaults'>`"]<br>Line 46: Unexpected errors ["generics_defaults.py:46:1: error[assert-type-unspellable-subtype] Type `type[AllTheDefaults[int, int | float | complex, str, int, bool]]` does not match asserted type `<class 'AllTheDefaults[int, int | float | complex, str, int, bool]'>`"]<br>Line 52: Unexpected errors ["generics_defaults.py:52:1: error[assert-type-unspellable-subtype] Type `type[AllTheDefaults[int, int | float | complex, str, int, bool]]` does not match asserted type `<class 'AllTheDefaults[int, int | float | complex, str, int, bool]'>`"]<br>Line 55: Unexpected errors ["generics_defaults.py:55:1: error[assert-type-unspellable-subtype] Type `type[AllTheDefaults[int, int | float | complex, str, int, bool]]` does not match asserted type `<class 'AllTheDefaults[int, int | float | complex, str, int, bool]'>`"]<br>Line 59: Unexpected errors ["generics_defaults.py:59:1: error[assert-type-unspellable-subtype] Type `type[AllTheDefaults[int, int | float | complex, str, int, bool]]` does not match asserted type `<class 'AllTheDefaults[int, int | float | complex, str, int, bool]'>`"]<br>Line 63: Unexpected errors ["generics_defaults.py:63:1: error[assert-type-unspellable-subtype] Type `type[AllTheDefaults[int, int | float | complex, str, int, bool]]` does not match asserted type `<class 'AllTheDefaults[int, int | float | complex, str, int, bool]'>`"]<br>Line 79: Unexpected errors ["generics_defaults.py:79:1: error[assert-type-unspellable-subtype] Type `type[Class_ParamSpec[(str, int, /)]]` does not match asserted type `<class 'Class_ParamSpec'>`"]<br>Line 94: Unexpected errors ["generics_defaults.py:94:1: error[type-assertion-failure] Type `@Todo` does not match asserted type `<class 'Class_TypeVarTuple'>`"]<br>Line 95: Unexpected errors ['generics_defaults.py:95:1: error[type-assertion-failure] Type `@Todo` does not match asserted type `Class_TypeVarTuple`']<br>Line 156: Unexpected errors ['generics_defaults.py:156:49: error[invalid-type-form] List literals are not allowed in this context in a type expression: Did you mean `tuple[int | float, bool]`?']<br>Line 157: Unexpected errors ['generics_defaults.py:157:58: error[invalid-type-form] List literals are not allowed in this context in a type expression: Did you mean `list[bytes]`?']</pre></div></span></div></th>
</tr>
<tr><th class="column col1">&nbsp;&nbsp;&nbsp;&nbsp;&nbsp;generics_defaults_referential</th>
<th class="column col2 partially-conformant"><div class="hover-text">Partial<span class="tooltip-text" id="bottom" style="max-width: 400px; width: max-content; white-space: normal; word-wrap: break-word; overflow-wrap: break-word; text-align: left;"><div><strong>Errors Diff:</strong><br><pre style='margin: 5px 0; font-size: 0.9em; white-space: pre-wrap; word-wrap: break-word; overflow-wrap: break-word;'>Line 36: Expected 1 errors<br>Line 60: Expected 1 errors<br>Line 68: Expected 1 errors<br>Line 23: Unexpected errors ['generics_defaults_referential.py:23: error: Expression is of type "type[slice[StartT, StopT, StepT]]", not "type[slice[int, int, int | None]]"  [assert-type]']<br>Line 77: Unexpected errors ['generics_defaults_referential.py:77: error: TypeVar default must be one of the constraint types  [misc]']<br>Line 94: Unexpected errors ['generics_defaults_referential.py:94: error: Expression is of type "type[Bar[Z1, ListDefaultT]]", not "type[Bar[Any, list[Any]]]"  [assert-type]']<br>Line 95: Unexpected errors ['generics_defaults_referential.py:95: error: Expression is of type "type[Bar[int, ListDefaultT]]", not "type[Bar[int, list[int]]]"  [assert-type]']<br>Line 96: Unexpected errors ['generics_defaults_referential.py:96: error: Expression is of type "Bar[int, list[Never]]", not "Bar[int, list[int]]"  [assert-type]']</pre></div></span></div></th>
<th class="column col2 conformant">Pass</th>
<th class="column col2 conformant">Pass</th>
<th class="column col2 conformant">Pass</th>
<th class="column col2 not-conformant"><div class="hover-text">Unknown (2f-/3f+)<span class="tooltip-text" id="bottom" style="max-width: 400px; width: max-content; white-space: normal; word-wrap: break-word; overflow-wrap: break-word; text-align: left;"><div><strong>Errors Diff:</strong><br><pre style='margin: 5px 0; font-size: 0.9em; white-space: pre-wrap; word-wrap: break-word; overflow-wrap: break-word;'>Line 53: Expected 1 errors<br>Line 60: Expected 1 errors<br>Line 23: Unexpected errors ["generics_defaults_referential.py:23:1: error[assert-type-unspellable-subtype] Type `type[slice[int, int, int | None]]` does not match asserted type `<class 'slice'>`"]<br>Line 94: Unexpected errors ["generics_defaults_referential.py:94:1: error[type-assertion-failure] Type `type[Bar[Any, list[Any]]]` does not match asserted type `<class 'Bar'>`"]<br>Line 95: Unexpected errors ["generics_defaults_referential.py:95:1: error[assert-type-unspellable-subtype] Type `type[Bar[int, list[int]]]` does not match asserted type `<class 'Bar[int, list[int]]'>`"]</pre></div></span></div></th>
</tr>
<tr><th class="column col1">&nbsp;&nbsp;&nbsp;&nbsp;&nbsp;generics_defaults_specialization</th>
<th class="column col2 partially-conformant"><div class="hover-text">Partial<span class="tooltip-text" id="bottom" style="max-width: 400px; width: max-content; white-space: normal; word-wrap: break-word; overflow-wrap: break-word; text-align: left;"><div><strong>Errors Diff:</strong><br><pre style='margin: 5px 0; font-size: 0.9em; white-space: pre-wrap; word-wrap: break-word; overflow-wrap: break-word;'>Line 45: Unexpected errors ['generics_defaults_specialization.py:45: error: Expression is of type "type[Bar[DefaultStrT]]", not "type[Bar[str]]"  [assert-type]']</pre></div></span></div></th>
<th class="column col2 conformant">Pass</th>
<th class="column col2 conformant">Pass</th>
<th class="column col2 conformant">Pass</th>
<th class="column col2 not-conformant"><div class="hover-text">Unknown (1f-/1f+)<span class="tooltip-text" id="bottom" style="max-width: 400px; width: max-content; white-space: normal; word-wrap: break-word; overflow-wrap: break-word; text-align: left;"><div><strong>Errors Diff:</strong><br><pre style='margin: 5px 0; font-size: 0.9em; white-space: pre-wrap; word-wrap: break-word; overflow-wrap: break-word;'>Line 55: Expected 1 errors<br>Line 45: Unexpected errors ["generics_defaults_specialization.py:45:1: error[assert-type-unspellable-subtype] Type `type[Bar[str]]` does not match asserted type `<class 'Bar'>`"]</pre></div></span></div></th>
</tr>
<tr><th class="column col1">&nbsp;&nbsp;&nbsp;&nbsp;&nbsp;generics_paramspec_basic</th>
<th class="column col2 conformant">Pass</th>
<th class="column col2 conformant">Pass</th>
<th class="column col2 conformant">Pass</th>
<th class="column col2 conformant">Pass</th>
<th class="column col2 not-conformant"><div class="hover-text">Unknown (5f-/0f+)<span class="tooltip-text" id="bottom" style="max-width: 400px; width: max-content; white-space: normal; word-wrap: break-word; overflow-wrap: break-word; text-align: left;"><div><strong>Errors Diff:</strong><br><pre style='margin: 5px 0; font-size: 0.9em; white-space: pre-wrap; word-wrap: break-word; overflow-wrap: break-word;'>Line 15: Expected 1 errors<br>Line 27: Expected 1 errors<br>Line 31: Expected 1 errors<br>Line 35: Expected 1 errors<br>Line 39: Expected 1 errors</pre></div></span></div></th>
</tr>
<tr><th class="column col1">&nbsp;&nbsp;&nbsp;&nbsp;&nbsp;generics_paramspec_components</th>
<th class="column col2 conformant">Pass</th>
<th class="column col2 conformant">Pass</th>
<th class="column col2 conformant">Pass</th>
<th class="column col2 not-conformant"><div class="hover-text">Unknown (1f-/0f+)<span class="tooltip-text" id="bottom" style="max-width: 400px; width: max-content; white-space: normal; word-wrap: break-word; overflow-wrap: break-word; text-align: left;"><div><strong>Errors Diff:</strong><br><pre style='margin: 5px 0; font-size: 0.9em; white-space: pre-wrap; word-wrap: break-word; overflow-wrap: break-word;'>Line 30: Expected 1 errors</pre></div></span></div></th>
<th class="column col2 not-conformant"><div class="hover-text">Unknown (10f-/0f+)<span class="tooltip-text" id="bottom" style="max-width: 400px; width: max-content; white-space: normal; word-wrap: break-word; overflow-wrap: break-word; text-align: left;"><div><strong>Errors Diff:</strong><br><pre style='margin: 5px 0; font-size: 0.9em; white-space: pre-wrap; word-wrap: break-word; overflow-wrap: break-word;'>Line 20: Expected 1 errors<br>Line 26: Expected 1 errors<br>Line 30: Expected 1 errors<br>Line 35: Expected 1 errors<br>Line 36: Expected 1 errors<br>Line 38: Expected 1 errors<br>Line 41: Expected 1 errors<br>Line 60: Expected 1 errors<br>Line 70: Expected 1 errors<br>Line 72: Expected 1 errors</pre></div></span></div></th>
</tr>
<tr><th class="column col1">&nbsp;&nbsp;&nbsp;&nbsp;&nbsp;generics_paramspec_semantics</th>
<th class="column col2 conformant">Pass</th>
<th class="column col2 conformant"><div class="hover-text">Pass*<span class="tooltip-text" id="bottom" style="max-width: 400px; width: max-content; white-space: normal; word-wrap: break-word; overflow-wrap: break-word; text-align: left;"><div style='margin-bottom: 10px;'><strong>Notes:</strong><p>Constraint solver doesn't find common type for two signatures captured by a single ParamSpec (allowed).</p></div></span></div></th>
<th class="column col2 conformant">Pass</th>
<th class="column col2 conformant">Pass</th>
<th class="column col2 not-conformant"><div class="hover-text">Unknown (5f-/2f+)<span class="tooltip-text" id="bottom" style="max-width: 400px; width: max-content; white-space: normal; word-wrap: break-word; overflow-wrap: break-word; text-align: left;"><div><strong>Errors Diff:</strong><br><pre style='margin: 5px 0; font-size: 0.9em; white-space: pre-wrap; word-wrap: break-word; overflow-wrap: break-word;'>Line 98: Expected 1 errors<br>Line 120: Expected 1 errors<br>Line 127: Expected 1 errors<br>Line 132: Expected 1 errors<br>Line 137: Expected 1 errors<br>Line 106: Unexpected errors ['generics_paramspec_semantics.py:106:13: error[missing-argument] No argument provided for required parameter `**kwargs`']<br>Line 107: Unexpected errors ['generics_paramspec_semantics.py:107:13: error[missing-argument] No arguments provided for required parameters `*args`, `**kwargs`']</pre></div></span></div></th>
</tr>
<tr><th class="column col1">&nbsp;&nbsp;&nbsp;&nbsp;&nbsp;generics_paramspec_specialization</th>
<th class="column col2 conformant">Pass</th>
<th class="column col2 conformant">Pass</th>
<th class="column col2 conformant">Pass</th>
<th class="column col2 conformant">Pass</th>
<th class="column col2 conformant">Pass</th>
</tr>
<tr><th class="column col1">&nbsp;&nbsp;&nbsp;&nbsp;&nbsp;generics_scoping</th>
<th class="column col2 conformant">Pass</th>
<th class="column col2 conformant">Pass</th>
<th class="column col2 conformant">Pass</th>
<th class="column col2 not-conformant"><div class="hover-text">Unknown (8f-/0f+)<span class="tooltip-text" id="bottom" style="max-width: 400px; width: max-content; white-space: normal; word-wrap: break-word; overflow-wrap: break-word; text-align: left;"><div><strong>Errors Diff:</strong><br><pre style='margin: 5px 0; font-size: 0.9em; white-space: pre-wrap; word-wrap: break-word; overflow-wrap: break-word;'>Line 50: Expected 1 errors<br>Line 54: Expected 1 errors<br>Line 75: Expected 1 errors<br>Line 78: Expected 1 errors<br>Line 87: Expected 1 errors<br>Line 94: Expected 1 errors<br>Line 95: Expected 1 errors<br>Line 96: Expected 1 errors</pre></div></span></div></th>
<th class="column col2 not-conformant"><div class="hover-text">Unknown (7f-/4f+)<span class="tooltip-text" id="bottom" style="max-width: 400px; width: max-content; white-space: normal; word-wrap: break-word; overflow-wrap: break-word; text-align: left;"><div><strong>Errors Diff:</strong><br><pre style='margin: 5px 0; font-size: 0.9em; white-space: pre-wrap; word-wrap: break-word; overflow-wrap: break-word;'>Line 50: Expected 1 errors<br>Line 54: Expected 1 errors<br>Line 78: Expected 1 errors<br>Line 87: Expected 1 errors<br>Line 94: Expected 1 errors<br>Line 95: Expected 1 errors<br>Line 96: Expected 1 errors<br>Line 14: Unexpected errors ['generics_scoping.py:14:1: error[type-assertion-failure] Type `int` does not match asserted type `Literal[1]`']<br>Line 15: Unexpected errors ['generics_scoping.py:15:1: error[type-assertion-failure] Type `str` does not match asserted type `Literal["a"]`']<br>Line 42: Unexpected errors ['generics_scoping.py:42:1: error[type-assertion-failure] Type `str` does not match asserted type `Literal["abc"]`']<br>Line 43: Unexpected errors ['generics_scoping.py:43:1: error[type-assertion-failure] Type `bytes` does not match asserted type `Literal[b"abc"]`']</pre></div></span></div></th>
</tr>
<tr><th class="column col1">&nbsp;&nbsp;&nbsp;&nbsp;&nbsp;generics_self_advanced</th>
<th class="column col2 partially-conformant"><div class="hover-text">Partial<span class="tooltip-text" id="bottom" style="max-width: 400px; width: max-content; white-space: normal; word-wrap: break-word; overflow-wrap: break-word; text-align: left;"><div style='margin-bottom: 10px;'><strong>Notes:</strong><p>Does not infer the type of an unannotated `self` parameter to be type `Self`.</p><p>Does not retain `Self` when calling method that returns `Self`.</p><p>Does not infer the type of an unannotated `cls` parameter to be type `type[Self]`.</p><p>Does not retain `Self` when accessing attribute through `type[Self]`.</p></div><div><strong>Errors Diff:</strong><br><pre style='margin: 5px 0; font-size: 0.9em; white-space: pre-wrap; word-wrap: break-word; overflow-wrap: break-word;'>Line 35: Unexpected errors ['generics_self_advanced.py:35: error: Expression is of type "ChildB", not "Self"  [assert-type]']<br>Line 38: Unexpected errors ['generics_self_advanced.py:38: error: Expression is of type "ChildB", not "Self"  [assert-type]']<br>Line 42: Unexpected errors ['generics_self_advanced.py:42: error: Expression is of type "type[ChildB]", not "type[Self]"  [assert-type]']<br>Line 45: Unexpected errors ['generics_self_advanced.py:45: error: Expression is of type "ChildB", not "Self"  [assert-type]']</pre></div></span></div></th>
<th class="column col2 conformant">Pass</th>
<th class="column col2 not-conformant"><div class="hover-text">Unknown (0f-/2f+)<span class="tooltip-text" id="bottom" style="max-width: 400px; width: max-content; white-space: normal; word-wrap: break-word; overflow-wrap: break-word; text-align: left;"><div><strong>Errors Diff:</strong><br><pre style='margin: 5px 0; font-size: 0.9em; white-space: pre-wrap; word-wrap: break-word; overflow-wrap: break-word;'>Line 43: Unexpected errors ['generics_self_advanced.py:43: error: Access to generic instance variables via class is ambiguous  [misc]']<br>Line 44: Unexpected errors ['generics_self_advanced.py:44: error: Access to generic instance variables via class is ambiguous  [misc]']</pre></div></span></div></th>
<th class="column col2 conformant">Pass</th>
<th class="column col2 conformant">Pass</th>
</tr>
<tr><th class="column col1">&nbsp;&nbsp;&nbsp;&nbsp;&nbsp;generics_self_attributes</th>
<th class="column col2 conformant">Pass</th>
<th class="column col2 conformant">Pass</th>
<th class="column col2 conformant">Pass</th>
<th class="column col2 conformant">Pass</th>
<th class="column col2 conformant">Pass</th>
</tr>
<tr><th class="column col1">&nbsp;&nbsp;&nbsp;&nbsp;&nbsp;generics_self_basic</th>
<th class="column col2 conformant">Pass</th>
<th class="column col2 conformant">Pass</th>
<th class="column col2 conformant">Pass</th>
<th class="column col2 not-conformant"><div class="hover-text">Unknown (2f-/0f+)<span class="tooltip-text" id="bottom" style="max-width: 400px; width: max-content; white-space: normal; word-wrap: break-word; overflow-wrap: break-word; text-align: left;"><div><strong>Errors Diff:</strong><br><pre style='margin: 5px 0; font-size: 0.9em; white-space: pre-wrap; word-wrap: break-word; overflow-wrap: break-word;'>Line 20: Expected 1 errors<br>Line 33: Expected 1 errors</pre></div></span></div></th>
<th class="column col2 conformant">Pass</th>
</tr>
<tr><th class="column col1">&nbsp;&nbsp;&nbsp;&nbsp;&nbsp;generics_self_protocols</th>
<th class="column col2 conformant">Pass</th>
<th class="column col2 conformant">Pass</th>
<th class="column col2 conformant">Pass</th>
<th class="column col2 conformant">Pass</th>
<th class="column col2 conformant">Pass</th>
</tr>
<tr><th class="column col1">&nbsp;&nbsp;&nbsp;&nbsp;&nbsp;generics_self_usage</th>
<th class="column col2 conformant">Pass</th>
<th class="column col2 conformant">Pass</th>
<th class="column col2 conformant">Pass</th>
<th class="column col2 not-conformant"><div class="hover-text">Unknown (2f-/0f+)<span class="tooltip-text" id="bottom" style="max-width: 400px; width: max-content; white-space: normal; word-wrap: break-word; overflow-wrap: break-word; text-align: left;"><div><strong>Errors Diff:</strong><br><pre style='margin: 5px 0; font-size: 0.9em; white-space: pre-wrap; word-wrap: break-word; overflow-wrap: break-word;'>Line 82: Expected 1 errors<br>Line 87: Expected 1 errors</pre></div></span></div></th>
<th class="column col2 not-conformant"><div class="hover-text">Unknown (5f-/0f+)<span class="tooltip-text" id="bottom" style="max-width: 400px; width: max-content; white-space: normal; word-wrap: break-word; overflow-wrap: break-word; text-align: left;"><div><strong>Errors Diff:</strong><br><pre style='margin: 5px 0; font-size: 0.9em; white-space: pre-wrap; word-wrap: break-word; overflow-wrap: break-word;'>Line 82: Expected 1 errors<br>Line 113: Expected 1 errors<br>Line 118: Expected 1 errors<br>Line 123: Expected 1 errors<br>Line 127: Expected 1 errors</pre></div></span></div></th>
</tr>
<tr><th class="column col1">&nbsp;&nbsp;&nbsp;&nbsp;&nbsp;generics_syntax_compatibility</th>
<th class="column col2 conformant">Pass</th>
<th class="column col2 conformant">Pass</th>
<th class="column col2 conformant">Pass</th>
<th class="column col2 conformant">Pass</th>
<th class="column col2 not-conformant"><div class="hover-text">Unknown (2f-/0f+)<span class="tooltip-text" id="bottom" style="max-width: 400px; width: max-content; white-space: normal; word-wrap: break-word; overflow-wrap: break-word; text-align: left;"><div><strong>Errors Diff:</strong><br><pre style='margin: 5px 0; font-size: 0.9em; white-space: pre-wrap; word-wrap: break-word; overflow-wrap: break-word;'>Line 14: Expected 1 errors<br>Line 26: Expected 1 errors</pre></div></span></div></th>
</tr>
<tr><th class="column col1">&nbsp;&nbsp;&nbsp;&nbsp;&nbsp;generics_syntax_declarations</th>
<th class="column col2 conformant">Pass</th>
<th class="column col2 conformant">Pass</th>
<th class="column col2 conformant">Pass</th>
<th class="column col2 conformant">Pass</th>
<th class="column col2 conformant">Pass</th>
</tr>
<tr><th class="column col1">&nbsp;&nbsp;&nbsp;&nbsp;&nbsp;generics_syntax_infer_variance</th>
<th class="column col2 not-conformant"><div class="hover-text">Unsupported<span class="tooltip-text" id="bottom" style="max-width: 400px; width: max-content; white-space: normal; word-wrap: break-word; overflow-wrap: break-word; text-align: left;"><div style='margin-bottom: 10px;'><strong>Notes:</strong><p>Type parameter syntax not yet support.</p></div><div><strong>Errors Diff:</strong><br><pre style='margin: 5px 0; font-size: 0.9em; white-space: pre-wrap; word-wrap: break-word; overflow-wrap: break-word;'>Line 11: Unexpected errors ['generics_syntax_infer_variance.py:11: error: Unexpected argument to "TypeVar()": "infer_variance"  [misc]']<br>Line 12: Unexpected errors ['generics_syntax_infer_variance.py:12: error: Unexpected argument to "TypeVar()": "infer_variance"  [misc]']<br>Line 13: Unexpected errors ['generics_syntax_infer_variance.py:13: error: Unexpected argument to "TypeVar()": "infer_variance"  [misc]']<br>Line 20: Unexpected errors ['generics_syntax_infer_variance.py:20: error: Free type variable expected in Generic[...]  [misc]']<br>Line 21: Unexpected errors ['generics_syntax_infer_variance.py:21: error: Variable "generics_syntax_infer_variance.T" is not valid as a type  [valid-type]']<br>Line 24: Unexpected errors ['generics_syntax_infer_variance.py:24: error: Variable "generics_syntax_infer_variance.T" is not valid as a type  [valid-type]']<br>Line 28: Unexpected errors ['generics_syntax_infer_variance.py:28: error: "ShouldBeCovariant1" expects no type arguments, but 1 given  [type-arg]', 'generics_syntax_infer_variance.py:28: error: The type "type[ShouldBeCovariant1]" is not generic and not indexable  [misc]']<br>Line 32: Unexpected errors ['generics_syntax_infer_variance.py:32: error: Variable "generics_syntax_infer_variance.T" is not valid as a type  [valid-type]']<br>Line 34: Unexpected errors ['generics_syntax_infer_variance.py:34: error: Variable "generics_syntax_infer_variance.T" is not valid as a type  [valid-type]']<br>Line 37: Unexpected errors ['generics_syntax_infer_variance.py:37: error: Variable "generics_syntax_infer_variance.T" is not valid as a type  [valid-type]']<br>Line 39: Unexpected errors ['generics_syntax_infer_variance.py:39: error: Variable "generics_syntax_infer_variance.T" is not valid as a type  [valid-type]']<br>Line 46: Unexpected errors ['generics_syntax_infer_variance.py:46: error: "ShouldBeCovariant2" expects no type arguments, but 1 given  [type-arg]', 'generics_syntax_infer_variance.py:46: error: The type "type[ShouldBeCovariant2]" is not generic and not indexable  [misc]']<br>Line 50: Unexpected errors ['generics_syntax_infer_variance.py:50: error: Free type variable expected in Generic[...]  [misc]']<br>Line 51: Unexpected errors ['generics_syntax_infer_variance.py:51: error: Variable "generics_syntax_infer_variance.T" is not valid as a type  [valid-type]', 'generics_syntax_infer_variance.py:51: error: "ShouldBeCovariant2" expects no type arguments, but 1 given  [type-arg]']<br>Line 55: Unexpected errors ['generics_syntax_infer_variance.py:55: error: "ShouldBeCovariant3" expects no type arguments, but 1 given  [type-arg]', 'generics_syntax_infer_variance.py:55: error: The type "type[ShouldBeCovariant3]" is not generic and not indexable  [misc]']<br>Line 60: Unexpected errors ['generics_syntax_infer_variance.py:60: error: Free type variable expected in Generic[...]  [misc]']<br>Line 61: Unexpected errors ['generics_syntax_infer_variance.py:61: error: Variable "generics_syntax_infer_variance.T" is not valid as a type  [valid-type]']<br>Line 75: Unexpected errors ['generics_syntax_infer_variance.py:75: error: Free type variable expected in Generic[...]  [misc]']<br>Line 76: Unexpected errors ['generics_syntax_infer_variance.py:76: error: Variable "generics_syntax_infer_variance.T" is not valid as a type  [valid-type]']<br>Line 80: Unexpected errors ['generics_syntax_infer_variance.py:80: error: Variable "generics_syntax_infer_variance.T" is not valid as a type  [valid-type]']<br>Line 84: Unexpected errors ['generics_syntax_infer_variance.py:84: error: "ShouldBeCovariant5" expects no type arguments, but 1 given  [type-arg]', 'generics_syntax_infer_variance.py:84: error: The type "type[ShouldBeCovariant5]" is not generic and not indexable  [misc]']<br>Line 88: Unexpected errors ['generics_syntax_infer_variance.py:88: error: Free type variable expected in Generic[...]  [misc]']<br>Line 89: Unexpected errors ['generics_syntax_infer_variance.py:89: error: Variable "generics_syntax_infer_variance.T" is not valid as a type  [valid-type]']<br>Line 91: Unexpected errors ['generics_syntax_infer_variance.py:91: error: Variable "generics_syntax_infer_variance.T" is not valid as a type  [valid-type]']<br>Line 95: Unexpected errors ['generics_syntax_infer_variance.py:95: error: "ShouldBeCovariant6" expects no type arguments, but 1 given  [type-arg]', 'generics_syntax_infer_variance.py:95: error: The type "type[ShouldBeCovariant6]" is not generic and not indexable  [misc]']<br>Line 99: Unexpected errors ['generics_syntax_infer_variance.py:99: error: Free type variable expected in Generic[...]  [misc]']<br>Line 100: Unexpected errors ['generics_syntax_infer_variance.py:100: error: Variable "generics_syntax_infer_variance.T" is not valid as a type  [valid-type]']<br>Line 104: Unexpected errors ['generics_syntax_infer_variance.py:104: error: Variable "generics_syntax_infer_variance.T" is not valid as a type  [valid-type]']<br>Line 108: Unexpected errors ['generics_syntax_infer_variance.py:108: error: Variable "generics_syntax_infer_variance.T" is not valid as a type  [valid-type]']<br>Line 116: Unexpected errors ['generics_syntax_infer_variance.py:116: error: Free type variable expected in Generic[...]  [misc]']<br>Line 117: Unexpected errors ['generics_syntax_infer_variance.py:117: error: Variable "generics_syntax_infer_variance.T" is not valid as a type  [valid-type]']<br>Line 120: Unexpected errors ['generics_syntax_infer_variance.py:120: error: Variable "generics_syntax_infer_variance.T" is not valid as a type  [valid-type]']<br>Line 123: Unexpected errors ['generics_syntax_infer_variance.py:123: error: Variable "generics_syntax_infer_variance.T" is not valid as a type  [valid-type]']<br>Line 131: Unexpected errors ['generics_syntax_infer_variance.py:131: error: Variable "generics_syntax_infer_variance.K" is not valid as a type  [valid-type]', 'generics_syntax_infer_variance.py:131: error: Variable "generics_syntax_infer_variance.V" is not valid as a type  [valid-type]']<br>Line 157: Unexpected errors ['generics_syntax_infer_variance.py:157: error: Free type variable expected in Generic[...]  [misc]']<br>Line 158: Unexpected errors ['generics_syntax_infer_variance.py:158: error: Variable "generics_syntax_infer_variance.T" is not valid as a type  [valid-type]']<br>Line 161: Unexpected errors ['generics_syntax_infer_variance.py:161: error: Variable "generics_syntax_infer_variance.T" is not valid as a type  [valid-type]']<br>Line 166: Unexpected errors ['generics_syntax_infer_variance.py:166: error: "ShouldBeContravariant1" expects no type arguments, but 1 given  [type-arg]', 'generics_syntax_infer_variance.py:166: error: The type "type[ShouldBeContravariant1]" is not generic and not indexable  [misc]']</pre></div></span></div></th>
<th class="column col2 conformant">Pass</th>
<th class="column col2 conformant">Pass</th>
<th class="column col2 conformant">Pass</th>
<th class="column col2 not-conformant"><div class="hover-text">Unknown (2f-/7f+)<span class="tooltip-text" id="bottom" style="max-width: 400px; width: max-content; white-space: normal; word-wrap: break-word; overflow-wrap: break-word; text-align: left;"><div><strong>Errors Diff:</strong><br><pre style='margin: 5px 0; font-size: 0.9em; white-space: pre-wrap; word-wrap: break-word; overflow-wrap: break-word;'>Line 15: Expected 1 errors<br>Line 17: Expected 1 errors<br>Line 28: Unexpected errors ['generics_syntax_infer_variance.py:28:37: error[invalid-assignment] Object of type `ShouldBeCovariant1[int]` is not assignable to `ShouldBeCovariant1[int | float]`']<br>Line 46: Unexpected errors ['generics_syntax_infer_variance.py:46:37: error[invalid-assignment] Object of type `ShouldBeCovariant2[int]` is not assignable to `ShouldBeCovariant2[int | float]`']<br>Line 55: Unexpected errors ['generics_syntax_infer_variance.py:55:37: error[invalid-assignment] Object of type `ShouldBeCovariant3[int]` is not assignable to `ShouldBeCovariant3[int | float]`']<br>Line 84: Unexpected errors ['generics_syntax_infer_variance.py:84:36: error[invalid-assignment] Object of type `ShouldBeCovariant5[int]` is not assignable to `ShouldBeCovariant5[int | float]`']<br>Line 92: Unexpected errors ['generics_syntax_infer_variance.py:92:9: error[invalid-assignment] Cannot assign to final attribute `x` on type `Self@__init__`']<br>Line 95: Unexpected errors ['generics_syntax_infer_variance.py:95:36: error[invalid-assignment] Object of type `ShouldBeCovariant6[int]` is not assignable to `ShouldBeCovariant6[int | float]`']<br>Line 166: Unexpected errors ['generics_syntax_infer_variance.py:166:43: error[invalid-assignment] Object of type `ShouldBeContravariant1[int | float]` is not assignable to `ShouldBeContravariant1[int]`']</pre></div></span></div></th>
</tr>
<tr><th class="column col1">&nbsp;&nbsp;&nbsp;&nbsp;&nbsp;generics_syntax_scoping</th>
<th class="column col2 partially-conformant"><div class="hover-text">Partial<span class="tooltip-text" id="bottom" style="max-width: 400px; width: max-content; white-space: normal; word-wrap: break-word; overflow-wrap: break-word; text-align: left;"><div style='margin-bottom: 10px;'><strong>Notes:</strong><p>Does not following runtime scoping rules for type parameters in all cases.</p></div><div><strong>Errors Diff:</strong><br><pre style='margin: 5px 0; font-size: 0.9em; white-space: pre-wrap; word-wrap: break-word; overflow-wrap: break-word;'>Line 62: Unexpected errors ['generics_syntax_scoping.py:62: error: Expression is of type "Any", not "str"  [assert-type]']<br>Line 67: Unexpected errors ['generics_syntax_scoping.py:67: error: Expression is of type "Any", not "int"  [assert-type]']<br>Line 116: Unexpected errors ['generics_syntax_scoping.py:116: error: Expression is of type "Any", not "TypeVar"  [assert-type]']<br>Line 121: Unexpected errors ['generics_syntax_scoping.py:121: error: Expression is of type "Any", not "complex"  [assert-type]']<br>Line 124: Unexpected errors ['generics_syntax_scoping.py:124: error: Expression is of type "Any", not "complex"  [assert-type]']</pre></div></span></div></th>
<th class="column col2 conformant">Pass</th>
<th class="column col2 conformant">Pass</th>
<th class="column col2 conformant">Pass</th>
<th class="column col2 not-conformant"><div class="hover-text">Unknown (3f-/4f+)<span class="tooltip-text" id="bottom" style="max-width: 400px; width: max-content; white-space: normal; word-wrap: break-word; overflow-wrap: break-word; text-align: left;"><div><strong>Errors Diff:</strong><br><pre style='margin: 5px 0; font-size: 0.9em; white-space: pre-wrap; word-wrap: break-word; overflow-wrap: break-word;'>Line 92: Expected 1 errors<br>Line 95: Expected 1 errors<br>Line 98: Expected 1 errors<br>Line 113: Unexpected errors ['generics_syntax_scoping.py:113:9: error[type-assertion-failure] Type `str` does not match asserted type `Literal[""]`']<br>Line 116: Unexpected errors ['generics_syntax_scoping.py:116:13: error[assert-type-unspellable-subtype] Type `TypeVar` does not match asserted type `TypeVar`']<br>Line 121: Unexpected errors ['generics_syntax_scoping.py:121:9: error[type-assertion-failure] Type `int | float | complex` does not match asserted type `complex`']<br>Line 124: Unexpected errors ['generics_syntax_scoping.py:124:13: error[type-assertion-failure] Type `int | float | complex` does not match asserted type `complex`']</pre></div></span></div></th>
</tr>
<tr><th class="column col1">&nbsp;&nbsp;&nbsp;&nbsp;&nbsp;generics_type_erasure</th>
<th class="column col2 partially-conformant"><div class="hover-text">Partial<span class="tooltip-text" id="bottom" style="max-width: 400px; width: max-content; white-space: normal; word-wrap: break-word; overflow-wrap: break-word; text-align: left;"><div style='margin-bottom: 10px;'><strong>Notes:</strong><p>Infers Node[Never] instead of Node[Any] when argument is not provided.</p><p>False negative on instance attribute access on type(node).</p></div><div><strong>Errors Diff:</strong><br><pre style='margin: 5px 0; font-size: 0.9em; white-space: pre-wrap; word-wrap: break-word; overflow-wrap: break-word;'>Line 46: Expected 1 errors<br>Line 19: Unexpected errors ['generics_type_erasure.py:19: error: Expression is of type "Node[Never]", not "Node[Any]"  [assert-type]']<br>Line 22: Unexpected errors ['generics_type_erasure.py:22: error: Expression is of type "Never", not "Any"  [assert-type]']</pre></div></span></div></th>
<th class="column col2 conformant">Pass</th>
<th class="column col2 conformant">Pass</th>
<th class="column col2 conformant">Pass</th>
<th class="column col2 not-conformant"><div class="hover-text">Unknown (5f-/0f+)<span class="tooltip-text" id="bottom" style="max-width: 400px; width: max-content; white-space: normal; word-wrap: break-word; overflow-wrap: break-word; text-align: left;"><div><strong>Errors Diff:</strong><br><pre style='margin: 5px 0; font-size: 0.9em; white-space: pre-wrap; word-wrap: break-word; overflow-wrap: break-word;'>Line 42: Expected 1 errors<br>Line 43: Expected 1 errors<br>Line 44: Expected 1 errors<br>Line 45: Expected 1 errors<br>Line 46: Expected 1 errors</pre></div></span></div></th>
</tr>
<tr><th class="column col1">&nbsp;&nbsp;&nbsp;&nbsp;&nbsp;generics_typevartuple_args</th>
<th class="column col2 partially-conformant"><div class="hover-text">Partial<span class="tooltip-text" id="bottom" style="max-width: 400px; width: max-content; white-space: normal; word-wrap: break-word; overflow-wrap: break-word; text-align: left;"><div style='margin-bottom: 10px;'><strong>Notes:</strong><p>Does not enforce that tuples captured by TypeVarTuple are same type.</p></div><div><strong>Errors Diff:</strong><br><pre style='margin: 5px 0; font-size: 0.9em; white-space: pre-wrap; word-wrap: break-word; overflow-wrap: break-word;'>Line 75: Expected 1 errors<br>Line 76: Expected 1 errors</pre></div></span></div></th>
<th class="column col2 conformant">Pass</th>
<th class="column col2 conformant">Pass</th>
<th class="column col2 conformant">Pass</th>
<th class="column col2 not-conformant"><div class="hover-text">Unknown (9f-/3f+)<span class="tooltip-text" id="bottom" style="max-width: 400px; width: max-content; white-space: normal; word-wrap: break-word; overflow-wrap: break-word; text-align: left;"><div><strong>Errors Diff:</strong><br><pre style='margin: 5px 0; font-size: 0.9em; white-space: pre-wrap; word-wrap: break-word; overflow-wrap: break-word;'>Line 33: Expected 1 errors<br>Line 34: Expected 1 errors<br>Line 48: Expected 1 errors<br>Line 57: Expected 1 errors<br>Line 58: Expected 1 errors<br>Line 59: Expected 1 errors<br>Line 67: Expected 1 errors<br>Line 75: Expected 1 errors<br>Line 76: Expected 1 errors<br>Line 20: Unexpected errors ['generics_typevartuple_args.py:20:1: error[type-assertion-failure] Type `tuple[int, str]` does not match asserted type `tuple[@Todo(TypeVarTuple), ...]`']<br>Line 31: Unexpected errors ['generics_typevartuple_args.py:31:1: error[type-assertion-failure] Type `tuple[()]` does not match asserted type `tuple[@Todo(TypeVarTuple), ...]`']<br>Line 32: Unexpected errors ['generics_typevartuple_args.py:32:1: error[type-assertion-failure] Type `tuple[int, str]` does not match asserted type `tuple[@Todo(TypeVarTuple), ...]`']</pre></div></span></div></th>
</tr>
<tr><th class="column col1">&nbsp;&nbsp;&nbsp;&nbsp;&nbsp;generics_typevartuple_basic</th>
<th class="column col2 partially-conformant"><div class="hover-text">Partial<span class="tooltip-text" id="bottom" style="max-width: 400px; width: max-content; white-space: normal; word-wrap: break-word; overflow-wrap: break-word; text-align: left;"><div style='margin-bottom: 10px;'><strong>Notes:</strong><p>Does not enforce that tuples captured by TypeVarTuple are same length.</p><p>Does not enforce that tuples captured by TypeVarTuple are same type.</p></div><div><strong>Errors Diff:</strong><br><pre style='margin: 5px 0; font-size: 0.9em; white-space: pre-wrap; word-wrap: break-word; overflow-wrap: break-word;'>Line 89: Expected 1 errors<br>Line 90: Expected 1 errors<br>Line 57: Unexpected errors ['generics_typevartuple_basic.py:57: error: Incompatible return value type (got "tuple[*Shape]", expected "tuple[Any]")  [return-value]']</pre></div></span></div></th>
<th class="column col2 conformant">Pass</th>
<th class="column col2 conformant">Pass</th>
<th class="column col2 not-conformant"><div class="hover-text">Unknown (0f-/1f+)<span class="tooltip-text" id="bottom" style="max-width: 400px; width: max-content; white-space: normal; word-wrap: break-word; overflow-wrap: break-word; text-align: left;"><div><strong>Errors Diff:</strong><br><pre style='margin: 5px 0; font-size: 0.9em; white-space: pre-wrap; word-wrap: break-word; overflow-wrap: break-word;'>Line 85: Unexpected errors ['Argument `tuple[float]` is not assignable to parameter `arg2` with type `tuple[int]` in function `func2` [bad-argument-type]']</pre></div></span></div></th>
<th class="column col2 not-conformant"><div class="hover-text">Unknown (10f-/1f+)<span class="tooltip-text" id="bottom" style="max-width: 400px; width: max-content; white-space: normal; word-wrap: break-word; overflow-wrap: break-word; text-align: left;"><div><strong>Errors Diff:</strong><br><pre style='margin: 5px 0; font-size: 0.9em; white-space: pre-wrap; word-wrap: break-word; overflow-wrap: break-word;'>Line 43: Expected 1 errors<br>Line 53: Expected 1 errors<br>Line 56: Expected 1 errors<br>Line 59: Expected 1 errors<br>Line 89: Expected 1 errors<br>Line 90: Expected 1 errors<br>Line 99: Expected 1 errors<br>Line 100: Expected 1 errors<br>Line 106: Expected 1 errors<br>Lines 44, 45: Expected error (tag 'v6')<br>Line 84: Unexpected errors ['generics_typevartuple_basic.py:84:1: error[type-assertion-failure] Type `tuple[int]` does not match asserted type `tuple[@Todo(TypeVarTuple), ...]`']</pre></div></span></div></th>
</tr>
<tr><th class="column col1">&nbsp;&nbsp;&nbsp;&nbsp;&nbsp;generics_typevartuple_callable</th>
<th class="column col2 conformant">Pass</th>
<th class="column col2 conformant">Pass</th>
<th class="column col2 conformant">Pass</th>
<th class="column col2 conformant">Pass</th>
<th class="column col2 not-conformant"><div class="hover-text">Unknown (1f-/3f+)<span class="tooltip-text" id="bottom" style="max-width: 400px; width: max-content; white-space: normal; word-wrap: break-word; overflow-wrap: break-word; text-align: left;"><div><strong>Errors Diff:</strong><br><pre style='margin: 5px 0; font-size: 0.9em; white-space: pre-wrap; word-wrap: break-word; overflow-wrap: break-word;'>Line 26: Expected 1 errors<br>Line 41: Unexpected errors ['generics_typevartuple_callable.py:41:1: error[type-assertion-failure] Type `tuple[str, int, int | float | complex]` does not match asserted type `tuple[@Todo(TypeVarTuple), ...]`']<br>Line 42: Unexpected errors ['generics_typevartuple_callable.py:42:1: error[type-assertion-failure] Type `tuple[str]` does not match asserted type `tuple[@Todo(TypeVarTuple), ...]`']<br>Line 49: Unexpected errors ['generics_typevartuple_callable.py:49:1: error[type-assertion-failure] Type `tuple[int | float, str, int | float | complex]` does not match asserted type `tuple[@Todo(TypeVarTuple), ...]`']</pre></div></span></div></th>
</tr>
<tr><th class="column col1">&nbsp;&nbsp;&nbsp;&nbsp;&nbsp;generics_typevartuple_concat</th>
<th class="column col2 conformant">Pass</th>
<th class="column col2 conformant">Pass</th>
<th class="column col2 conformant">Pass</th>
<th class="column col2 conformant">Pass</th>
<th class="column col2 not-conformant"><div class="hover-text">Unknown (0f-/1f+)<span class="tooltip-text" id="bottom" style="max-width: 400px; width: max-content; white-space: normal; word-wrap: break-word; overflow-wrap: break-word; text-align: left;"><div><strong>Errors Diff:</strong><br><pre style='margin: 5px 0; font-size: 0.9em; white-space: pre-wrap; word-wrap: break-word; overflow-wrap: break-word;'>Line 52: Unexpected errors ['generics_typevartuple_concat.py:52:1: error[type-assertion-failure] Type `tuple[int, bool, str]` does not match asserted type `tuple[@Todo(TypeVarTuple), ...]`']</pre></div></span></div></th>
</tr>
<tr><th class="column col1">&nbsp;&nbsp;&nbsp;&nbsp;&nbsp;generics_typevartuple_overloads</th>
<th class="column col2 conformant">Pass</th>
<th class="column col2 conformant">Pass</th>
<th class="column col2 conformant">Pass</th>
<th class="column col2 conformant">Pass</th>
<th class="column col2 conformant">Pass</th>
</tr>
<tr><th class="column col1">&nbsp;&nbsp;&nbsp;&nbsp;&nbsp;generics_typevartuple_specialization</th>
<th class="column col2 partially-conformant"><div class="hover-text">Partial<span class="tooltip-text" id="bottom" style="max-width: 400px; width: max-content; white-space: normal; word-wrap: break-word; overflow-wrap: break-word; text-align: left;"><div style='margin-bottom: 10px;'><strong>Notes:</strong><p>Incorrectly specializes generic alias that includes a TypeVar and TypeVarTuple if no type arguments are provided.</p><p>Rejects specialization of generic type alias defined as a tuple containing a TypeVar.</p></div><div><strong>Errors Diff:</strong><br><pre style='margin: 5px 0; font-size: 0.9em; white-space: pre-wrap; word-wrap: break-word; overflow-wrap: break-word;'>Line 85: Unexpected errors ['generics_typevartuple_specialization.py:85: error: Argument 1 to "takes_float_array_with_specific_shape" has incompatible type "Array2[float, *tuple[Any, ...]]"; expected "Array2[float, Height, Width]"  [arg-type]']<br>Line 108: Unexpected errors ['generics_typevartuple_specialization.py:108: error: Type application is only supported for generic classes  [misc]']</pre></div></span></div></th>
<th class="column col2 conformant">Pass</th>
<th class="column col2 conformant">Pass</th>
<th class="column col2 not-conformant"><div class="hover-text">Unknown (0f-/4f+)<span class="tooltip-text" id="bottom" style="max-width: 400px; width: max-content; white-space: normal; word-wrap: break-word; overflow-wrap: break-word; text-align: left;"><div><strong>Errors Diff:</strong><br><pre style='margin: 5px 0; font-size: 0.9em; white-space: pre-wrap; word-wrap: break-word; overflow-wrap: break-word;'>Line 51: Unexpected errors ['assert_type(tuple[int, *tuple[Any, ...]], tuple[int]) failed [assert-type]']<br>Line 94: Unexpected errors ['assert_type(tuple[float, *tuple[Any, ...]], tuple[float]) failed [assert-type]']<br>Line 153: Unexpected errors ['Unpacked argument cannot be used for type parameter T1 [bad-unpacking]']<br>Line 157: Unexpected errors ['assert_type(tuple[Any], tuple[*tuple[int, ...], int]) failed [assert-type]']</pre></div></span></div></th>
<th class="column col2 not-conformant"><div class="hover-text">Unknown (4f-/16f+)<span class="tooltip-text" id="bottom" style="max-width: 400px; width: max-content; white-space: normal; word-wrap: break-word; overflow-wrap: break-word; text-align: left;"><div><strong>Errors Diff:</strong><br><pre style='margin: 5px 0; font-size: 0.9em; white-space: pre-wrap; word-wrap: break-word; overflow-wrap: break-word;'>Line 109: Expected 1 errors<br>Line 110: Expected 1 errors<br>Line 127: Expected 1 errors<br>Line 163: Expected 1 errors<br>Line 45: Unexpected errors ["generics_typevartuple_specialization.py:45:40: error[not-subscriptable] Cannot subscript non-generic type: `<class 'tuple[str, @Todo]'>` is already specialized"]<br>Line 46: Unexpected errors ['generics_typevartuple_specialization.py:46:5: error[type-assertion-failure] Type `tuple[int, int | float, bool]` does not match asserted type `tuple[@Todo(TypeVarTuple), ...]`']<br>Line 47: Unexpected errors ['generics_typevartuple_specialization.py:47:5: error[type-assertion-failure] Type `tuple[str, @Todo]` does not match asserted type `Unknown`']<br>Line 51: Unexpected errors ['generics_typevartuple_specialization.py:51:5: error[type-assertion-failure] Type `tuple[int]` does not match asserted type `tuple[@Todo(TypeVarTuple), ...]`']<br>Line 52: Unexpected errors ['generics_typevartuple_specialization.py:52:37: error[invalid-type-form] Tuple literals are not allowed in this context in a type expression: Did you mean `tuple[()]`?']<br>Line 93: Unexpected errors ['generics_typevartuple_specialization.py:93:5: error[type-assertion-failure] Type `tuple[str, int]` does not match asserted type `tuple[@Todo(TypeVarTuple), ...]`']<br>Line 94: Unexpected errors ['generics_typevartuple_specialization.py:94:5: error[type-assertion-failure] Type `tuple[int | float]` does not match asserted type `tuple[@Todo(TypeVarTuple), ...]`']<br>Line 95: Unexpected errors ['generics_typevartuple_specialization.py:95:5: error[type-assertion-failure] Type `tuple[Any, *tuple[Any, ...]]` does not match asserted type `tuple[@Todo(TypeVarTuple), ...]`']<br>Line 135: Unexpected errors ['generics_typevartuple_specialization.py:135:5: error[type-assertion-failure] Type `tuple[tuple[()], str, bool]` does not match asserted type `tuple[tuple[@Todo(TypeVarTuple), ...], Unknown, Unknown]`']<br>Line 136: Unexpected errors ['generics_typevartuple_specialization.py:136:5: error[type-assertion-failure] Type `tuple[tuple[str], bool, int | float]` does not match asserted type `tuple[tuple[@Todo(TypeVarTuple), ...], Unknown, Unknown]`']<br>Line 137: Unexpected errors ['generics_typevartuple_specialization.py:137:5: error[type-assertion-failure] Type `tuple[tuple[str, bool], int | float, int]` does not match asserted type `tuple[tuple[@Todo(TypeVarTuple), ...], Unknown, Unknown]`']<br>Line 148: Unexpected errors ['generics_typevartuple_specialization.py:148:5: error[type-assertion-failure] Type `tuple[tuple[()], str, bool, int | float]` does not match asserted type `tuple[tuple[@Todo(TypeVarTuple), ...], Unknown, Unknown, Unknown]`']<br>Line 149: Unexpected errors ['generics_typevartuple_specialization.py:149:5: error[type-assertion-failure] Type `tuple[tuple[bool], str, int | float, int]` does not match asserted type `tuple[tuple[@Todo(TypeVarTuple), ...], Unknown, Unknown, Unknown]`']<br>Line 157: Unexpected errors ['generics_typevartuple_specialization.py:157:5: error[type-assertion-failure] Type `tuple[*tuple[int, ...], int]` does not match asserted type `tuple[@Todo(TypeVarTuple), ...]`']<br>Line 158: Unexpected errors ['generics_typevartuple_specialization.py:158:5: error[type-assertion-failure] Type `tuple[*tuple[int, ...], str]` does not match asserted type `tuple[@Todo(TypeVarTuple), ...]`']<br>Line 159: Unexpected errors ['generics_typevartuple_specialization.py:159:5: error[type-assertion-failure] Type `tuple[*tuple[int, ...], str]` does not match asserted type `tuple[@Todo(TypeVarTuple), ...]`']</pre></div></span></div></th>
</tr>
<tr><th class="column col1">&nbsp;&nbsp;&nbsp;&nbsp;&nbsp;generics_typevartuple_unpack</th>
<th class="column col2 conformant">Pass</th>
<th class="column col2 conformant">Pass</th>
<th class="column col2 conformant">Pass</th>
<th class="column col2 conformant">Pass</th>
<th class="column col2 not-conformant"><div class="hover-text">Unknown (1f-/0f+)<span class="tooltip-text" id="bottom" style="max-width: 400px; width: max-content; white-space: normal; word-wrap: break-word; overflow-wrap: break-word; text-align: left;"><div><strong>Errors Diff:</strong><br><pre style='margin: 5px 0; font-size: 0.9em; white-space: pre-wrap; word-wrap: break-word; overflow-wrap: break-word;'>Line 30: Expected 1 errors</pre></div></span></div></th>
</tr>
<tr><th class="column col1">&nbsp;&nbsp;&nbsp;&nbsp;&nbsp;generics_upper_bound</th>
<th class="column col2 partially-conformant"><div class="hover-text">Partial<span class="tooltip-text" id="bottom" style="max-width: 400px; width: max-content; white-space: normal; word-wrap: break-word; overflow-wrap: break-word; text-align: left;"><div style='margin-bottom: 10px;'><strong>Notes:</strong><p>Does not reject use of type variable within an upper bound.</p></div><div><strong>Errors Diff:</strong><br><pre style='margin: 5px 0; font-size: 0.9em; white-space: pre-wrap; word-wrap: break-word; overflow-wrap: break-word;'>Line 24: Expected 1 errors</pre></div></span></div></th>
<th class="column col2 conformant">Pass</th>
<th class="column col2 conformant">Pass</th>
<th class="column col2 conformant">Pass</th>
<th class="column col2 not-conformant"><div class="hover-text">Unknown (0f-/2f+)<span class="tooltip-text" id="bottom" style="max-width: 400px; width: max-content; white-space: normal; word-wrap: break-word; overflow-wrap: break-word; text-align: left;"><div><strong>Errors Diff:</strong><br><pre style='margin: 5px 0; font-size: 0.9em; white-space: pre-wrap; word-wrap: break-word; overflow-wrap: break-word;'>Line 37: Unexpected errors ['generics_upper_bound.py:37:1: error[type-assertion-failure] Type `list[int]` does not match asserted type `list[Unknown | int]`']<br>Line 38: Unexpected errors ['generics_upper_bound.py:38:1: error[type-assertion-failure] Type `set[int]` does not match asserted type `set[Unknown | int]`']</pre></div></span></div></th>
</tr>
<tr><th class="column col1">&nbsp;&nbsp;&nbsp;&nbsp;&nbsp;generics_variance</th>
<th class="column col2 partially-conformant"><div class="hover-text">Partial<span class="tooltip-text" id="bottom" style="max-width: 400px; width: max-content; white-space: normal; word-wrap: break-word; overflow-wrap: break-word; text-align: left;"><div style='margin-bottom: 10px;'><strong>Notes:</strong><p>Does not reject use of class-scoped TypeVar used in a base class when variance is incompatible.</p></div><div><strong>Errors Diff:</strong><br><pre style='margin: 5px 0; font-size: 0.9em; white-space: pre-wrap; word-wrap: break-word; overflow-wrap: break-word;'>Line 113: Expected 1 errors<br>Line 163: Expected 1 errors<br>Line 167: Expected 1 errors<br>Line 191: Expected 1 errors<br>Lines 141, 142: Expected error (tag 'CoContra_Child5')<br>Lines 195, 196: Expected error (tag 'ContraToContraToContra_WithTA')</pre></div></span></div></th>
<th class="column col2 conformant">Pass</th>
<th class="column col2 conformant">Pass</th>
<th class="column col2 conformant">Pass</th>
<th class="column col2 not-conformant"><div class="hover-text">Unknown (12f-/0f+)<span class="tooltip-text" id="bottom" style="max-width: 400px; width: max-content; white-space: normal; word-wrap: break-word; overflow-wrap: break-word; text-align: left;"><div><strong>Errors Diff:</strong><br><pre style='margin: 5px 0; font-size: 0.9em; white-space: pre-wrap; word-wrap: break-word; overflow-wrap: break-word;'>Line 77: Expected 1 errors<br>Line 81: Expected 1 errors<br>Line 93: Expected 1 errors<br>Line 105: Expected 1 errors<br>Line 113: Expected 1 errors<br>Line 163: Expected 1 errors<br>Line 167: Expected 1 errors<br>Line 191: Expected 1 errors<br>Lines 125, 126: Expected error (tag 'CoContra_Child2')<br>Lines 131, 132: Expected error (tag 'CoContra_Child3')<br>Lines 141, 142: Expected error (tag 'CoContra_Child5')<br>Lines 195, 196: Expected error (tag 'ContraToContraToContra_WithTA')</pre></div></span></div></th>
</tr>
<tr><th class="column col1">&nbsp;&nbsp;&nbsp;&nbsp;&nbsp;generics_variance_inference</th>
<th class="column col2 conformant">Pass</th>
<th class="column col2 conformant">Pass</th>
<th class="column col2 conformant">Pass</th>
<th class="column col2 conformant">Pass</th>
<th class="column col2 conformant">Pass</th>
</tr>
<tr><th class="column" colspan="6">
<a class="test_group" href="https://typing.readthedocs.io/en/latest/spec/qualifiers.html">Type qualifiers</a>
</th></tr>
<tr><th class="column col1">&nbsp;&nbsp;&nbsp;&nbsp;&nbsp;qualifiers_annotated</th>
<th class="column col2 partially-conformant"><div class="hover-text">Partial<span class="tooltip-text" id="bottom" style="max-width: 400px; width: max-content; white-space: normal; word-wrap: break-word; overflow-wrap: break-word; text-align: left;"><div style='margin-bottom: 10px;'><strong>Notes:</strong><p>Does not allow ClassVar to be nested within Annotated.</p><p>Does not allow Final to be nested within Annotated.</p><p>Does not allow Required and NotRequired to be nested within Annotated.</p><p>Does not reject type[T] compatibility for type alias defined with Annotated.</p><p>Does not reject call of type alias defined with Annotated.</p></div><div><strong>Errors Diff:</strong><br><pre style='margin: 5px 0; font-size: 0.9em; white-space: pre-wrap; word-wrap: break-word; overflow-wrap: break-word;'>Line 72: Expected 1 errors<br>Line 80: Expected 1 errors<br>Line 88: Expected 1 errors<br>Line 93: Unexpected errors ['qualifiers_annotated.py:93: error: Invalid type: ClassVar nested inside other type  [valid-type]']<br>Line 95: Unexpected errors ['qualifiers_annotated.py:95: error: Final can be only used as an outermost qualifier in a variable annotation  [valid-type]']</pre></div></span></div></th>
<th class="column col2 conformant">Pass</th>
<th class="column col2 conformant">Pass</th>
<th class="column col2 not-conformant"><div class="hover-text">Unknown (6f-/0f+)<span class="tooltip-text" id="bottom" style="max-width: 400px; width: max-content; white-space: normal; word-wrap: break-word; overflow-wrap: break-word; text-align: left;"><div><strong>Errors Diff:</strong><br><pre style='margin: 5px 0; font-size: 0.9em; white-space: pre-wrap; word-wrap: break-word; overflow-wrap: break-word;'>Line 71: Expected 1 errors<br>Line 72: Expected 1 errors<br>Line 79: Expected 1 errors<br>Line 80: Expected 1 errors<br>Line 87: Expected 1 errors<br>Line 88: Expected 1 errors</pre></div></span></div></th>
<th class="column col2 conformant">Pass</th>
</tr>
<tr><th class="column col1">&nbsp;&nbsp;&nbsp;&nbsp;&nbsp;qualifiers_final_annotation</th>
<th class="column col2 partially-conformant"><div class="hover-text">Partial<span class="tooltip-text" id="bottom" style="max-width: 400px; width: max-content; white-space: normal; word-wrap: break-word; overflow-wrap: break-word; text-align: left;"><div style='margin-bottom: 10px;'><strong>Notes:</strong><p>Does not treat use of Final name as if it was replaced by the literal in NamedTuple definition.</p><p>Does not allow conditional assignment of Final instance variable in __init__ method.</p><p>Does not allow redefinition of private class variable that is marked Final in parent class.</p><p>Does not report modification of local Final variable via "for" statement.</p></div><div><strong>Errors Diff:</strong><br><pre style='margin: 5px 0; font-size: 0.9em; white-space: pre-wrap; word-wrap: break-word; overflow-wrap: break-word;'>Line 149: Expected 1 errors<br>Line 59: Unexpected errors ['qualifiers_final_annotation.py:59: error: Cannot assign to final attribute "ID6"  [misc]']<br>Line 96: Unexpected errors ['qualifiers_final_annotation.py:96: error: Cannot assign to final name "__private"  [misc]']<br>Line 131: Unexpected errors ['qualifiers_final_annotation.py:131: error: Invalid "NamedTuple()" field name  [misc]']<br>Line 133: Unexpected errors ['qualifiers_final_annotation.py:133: error: Unexpected keyword argument "x" for "N"  [call-arg]', 'qualifiers_final_annotation.py:133: error: Unexpected keyword argument "y" for "N"  [call-arg]']</pre></div></span></div></th>
<th class="column col2 conformant">Pass</th>
<th class="column col2 conformant">Pass</th>
<th class="column col2 not-conformant"><div class="hover-text">Unknown (3f-/2f+)<span class="tooltip-text" id="bottom" style="max-width: 400px; width: max-content; white-space: normal; word-wrap: break-word; overflow-wrap: break-word; text-align: left;"><div><strong>Errors Diff:</strong><br><pre style='margin: 5px 0; font-size: 0.9em; white-space: pre-wrap; word-wrap: break-word; overflow-wrap: break-word;'>Line 34: Expected 1 errors<br>Line 38: Expected 1 errors<br>Line 107: Expected 1 errors<br>Line 131: Unexpected errors ['Expected first item to be a string literal [invalid-argument]', 'Expected first item to be a string literal [invalid-argument]']<br>Line 133: Unexpected errors ['Unexpected keyword argument `x` in function `N.__new__` [unexpected-keyword]', 'Unexpected keyword argument `y` in function `N.__new__` [unexpected-keyword]']</pre></div></span></div></th>
<th class="column col2 not-conformant"><div class="hover-text">Unknown (5f-/0f+)<span class="tooltip-text" id="bottom" style="max-width: 400px; width: max-content; white-space: normal; word-wrap: break-word; overflow-wrap: break-word; text-align: left;"><div><strong>Errors Diff:</strong><br><pre style='margin: 5px 0; font-size: 0.9em; white-space: pre-wrap; word-wrap: break-word; overflow-wrap: break-word;'>Line 62: Expected 1 errors<br>Line 63: Expected 1 errors<br>Line 67: Expected 1 errors<br>Line 107: Expected 1 errors<br>Line 108: Expected 1 errors</pre></div></span></div></th>
</tr>
<tr><th class="column col1">&nbsp;&nbsp;&nbsp;&nbsp;&nbsp;qualifiers_final_decorator</th>
<th class="column col2 conformant">Pass</th>
<th class="column col2 conformant">Pass</th>
<th class="column col2 conformant">Pass</th>
<th class="column col2 conformant">Pass</th>
<th class="column col2 not-conformant"><div class="hover-text">Unknown (1f-/0f+)<span class="tooltip-text" id="bottom" style="max-width: 400px; width: max-content; white-space: normal; word-wrap: break-word; overflow-wrap: break-word; text-align: left;"><div><strong>Errors Diff:</strong><br><pre style='margin: 5px 0; font-size: 0.9em; white-space: pre-wrap; word-wrap: break-word; overflow-wrap: break-word;'>Lines 125, 126: Expected error (tag 'func')</pre></div></span></div></th>
</tr>
<tr><th class="column" colspan="6">
<a class="test_group" href="https://typing.readthedocs.io/en/latest/spec/class-compat.html">Class type compatibility</a>
</th></tr>
<tr><th class="column col1">&nbsp;&nbsp;&nbsp;&nbsp;&nbsp;classes_classvar</th>
<th class="column col2 partially-conformant"><div class="hover-text">Partial<span class="tooltip-text" id="bottom" style="max-width: 400px; width: max-content; white-space: normal; word-wrap: break-word; overflow-wrap: break-word; text-align: left;"><div style='margin-bottom: 10px;'><strong>Notes:</strong><p>Internal error if TypeVarTuple is used in ClassVar.</p><p>Does not reject use of ParamSpec in ClassVar.</p><p>Rejects ClassVar nested in Annotated.</p><p>Does not reject use of ClassVar in TypeAlias definition.</p></div><div><strong>Errors Diff:</strong><br><pre style='margin: 5px 0; font-size: 0.9em; white-space: pre-wrap; word-wrap: break-word; overflow-wrap: break-word;'>Line 45: Expected 1 errors<br>Line 46: Expected 1 errors<br>Line 47: Expected 1 errors<br>Line 67: Unexpected errors ['classes_classvar.py:67: error: Invalid type: ClassVar nested inside other type  [valid-type]']<br>Line 130: Unexpected errors ['classes_classvar.py:130: error: All protocol members must have explicitly declared types  [misc]']</pre></div></span></div></th>
<th class="column col2 conformant">Pass</th>
<th class="column col2 conformant">Pass</th>
<th class="column col2 conformant">Pass</th>
<th class="column col2 not-conformant"><div class="hover-text">Unknown (2f-/0f+)<span class="tooltip-text" id="bottom" style="max-width: 400px; width: max-content; white-space: normal; word-wrap: break-word; overflow-wrap: break-word; text-align: left;"><div><strong>Errors Diff:</strong><br><pre style='margin: 5px 0; font-size: 0.9em; white-space: pre-wrap; word-wrap: break-word; overflow-wrap: break-word;'>Line 54: Expected 1 errors<br>Line 78: Expected 1 errors</pre></div></span></div></th>
</tr>
<tr><th class="column col1">&nbsp;&nbsp;&nbsp;&nbsp;&nbsp;classes_override</th>
<th class="column col2 conformant">Pass</th>
<th class="column col2 conformant">Pass</th>
<th class="column col2 conformant">Pass</th>
<th class="column col2 conformant">Pass</th>
<th class="column col2 conformant">Pass</th>
</tr>
<tr><th class="column" colspan="6">
<a class="test_group" href="https://typing.readthedocs.io/en/latest/spec/aliases.html">Type aliases</a>
</th></tr>
<tr><th class="column col1">&nbsp;&nbsp;&nbsp;&nbsp;&nbsp;aliases_explicit</th>
<th class="column col2 partially-conformant"><div class="hover-text">Partial<span class="tooltip-text" id="bottom" style="max-width: 400px; width: max-content; white-space: normal; word-wrap: break-word; overflow-wrap: break-word; text-align: left;"><div style='margin-bottom: 10px;'><strong>Notes:</strong><p>Does not reject specialization of type alias that has already been implicitly specialized.</p></div><div><strong>Errors Diff:</strong><br><pre style='margin: 5px 0; font-size: 0.9em; white-space: pre-wrap; word-wrap: break-word; overflow-wrap: break-word;'>Line 100: Expected 1 errors</pre></div></span></div></th>
<th class="column col2 conformant">Pass</th>
<th class="column col2 conformant">Pass</th>
<th class="column col2 conformant">Pass</th>
<th class="column col2 not-conformant"><div class="hover-text">Unknown (2f-/1f+)<span class="tooltip-text" id="bottom" style="max-width: 400px; width: max-content; white-space: normal; word-wrap: break-word; overflow-wrap: break-word; text-align: left;"><div><strong>Errors Diff:</strong><br><pre style='margin: 5px 0; font-size: 0.9em; white-space: pre-wrap; word-wrap: break-word; overflow-wrap: break-word;'>Line 87: Expected 1 errors<br>Line 100: Expected 1 errors<br>Line 57: Unexpected errors ['aliases_explicit.py:57:5: error[type-assertion-failure] Type `(int, str, str, /) -> None` does not match asserted type `Unknown`']</pre></div></span></div></th>
</tr>
<tr><th class="column col1">&nbsp;&nbsp;&nbsp;&nbsp;&nbsp;aliases_implicit</th>
<th class="column col2 conformant">Pass</th>
<th class="column col2 conformant">Pass</th>
<th class="column col2 conformant">Pass</th>
<th class="column col2 not-conformant"><div class="hover-text">Unknown (5f-/0f+)<span class="tooltip-text" id="bottom" style="max-width: 400px; width: max-content; white-space: normal; word-wrap: break-word; overflow-wrap: break-word; text-align: left;"><div><strong>Errors Diff:</strong><br><pre style='margin: 5px 0; font-size: 0.9em; white-space: pre-wrap; word-wrap: break-word; overflow-wrap: break-word;'>Line 106: Expected 1 errors<br>Line 111: Expected 1 errors<br>Line 112: Expected 1 errors<br>Line 113: Expected 1 errors<br>Line 117: Expected 1 errors</pre></div></span></div></th>
<th class="column col2 not-conformant"><div class="hover-text">Unknown (5f-/1f+)<span class="tooltip-text" id="bottom" style="max-width: 400px; width: max-content; white-space: normal; word-wrap: break-word; overflow-wrap: break-word; text-align: left;"><div><strong>Errors Diff:</strong><br><pre style='margin: 5px 0; font-size: 0.9em; white-space: pre-wrap; word-wrap: break-word; overflow-wrap: break-word;'>Line 106: Expected 1 errors<br>Line 111: Expected 1 errors<br>Line 112: Expected 1 errors<br>Line 113: Expected 1 errors<br>Line 117: Expected 1 errors<br>Line 68: Unexpected errors ['aliases_implicit.py:68:5: error[type-assertion-failure] Type `(int, str, str, /) -> None` does not match asserted type `Unknown`']</pre></div></span></div></th>
</tr>
<tr><th class="column col1">&nbsp;&nbsp;&nbsp;&nbsp;&nbsp;aliases_newtype</th>
<th class="column col2 partially-conformant"><div class="hover-text">Partial<span class="tooltip-text" id="bottom" style="max-width: 400px; width: max-content; white-space: normal; word-wrap: break-word; overflow-wrap: break-word; text-align: left;"><div style='margin-bottom: 10px;'><strong>Notes:</strong><p>`NewType`s are incorrectly considered to be classes.</p></div><div><strong>Errors Diff:</strong><br><pre style='margin: 5px 0; font-size: 0.9em; white-space: pre-wrap; word-wrap: break-word; overflow-wrap: break-word;'>Line 18: Expected 1 errors</pre></div></span></div></th>
<th class="column col2 conformant">Pass</th>
<th class="column col2 conformant">Pass</th>
<th class="column col2 conformant">Pass</th>
<th class="column col2 conformant">Pass</th>
</tr>
<tr><th class="column col1">&nbsp;&nbsp;&nbsp;&nbsp;&nbsp;aliases_recursive</th>
<th class="column col2 conformant">Pass</th>
<th class="column col2 conformant">Pass</th>
<th class="column col2 conformant">Pass</th>
<th class="column col2 conformant">Pass</th>
<th class="column col2 not-conformant"><div class="hover-text">Unknown (11f-/0f+)<span class="tooltip-text" id="bottom" style="max-width: 400px; width: max-content; white-space: normal; word-wrap: break-word; overflow-wrap: break-word; text-align: left;"><div><strong>Errors Diff:</strong><br><pre style='margin: 5px 0; font-size: 0.9em; white-space: pre-wrap; word-wrap: break-word; overflow-wrap: break-word;'>Line 19: Expected 1 errors<br>Line 20: Expected 1 errors<br>Line 38: Expected 1 errors<br>Line 39: Expected 1 errors<br>Line 50: Expected 1 errors<br>Line 51: Expected 1 errors<br>Line 52: Expected 1 errors<br>Line 63: Expected 1 errors<br>Line 69: Expected 1 errors<br>Line 72: Expected 1 errors<br>Line 75: Expected 1 errors</pre></div></span></div></th>
</tr>
<tr><th class="column col1">&nbsp;&nbsp;&nbsp;&nbsp;&nbsp;aliases_type_statement</th>
<th class="column col2 partially-conformant"><div class="hover-text">Partial<span class="tooltip-text" id="bottom" style="max-width: 400px; width: max-content; white-space: normal; word-wrap: break-word; overflow-wrap: break-word; text-align: left;"><div style='margin-bottom: 10px;'><strong>Notes:</strong><p>Does not reject type alias defined in function scope.</p></div><div><strong>Errors Diff:</strong><br><pre style='margin: 5px 0; font-size: 0.9em; white-space: pre-wrap; word-wrap: break-word; overflow-wrap: break-word;'>Line 56: Expected 1 errors</pre></div></span></div></th>
<th class="column col2 conformant">Pass</th>
<th class="column col2 conformant">Pass</th>
<th class="column col2 conformant">Pass</th>
<th class="column col2 not-conformant"><div class="hover-text">Unknown (5f-/1f+)<span class="tooltip-text" id="bottom" style="max-width: 400px; width: max-content; white-space: normal; word-wrap: break-word; overflow-wrap: break-word; text-align: left;"><div><strong>Errors Diff:</strong><br><pre style='margin: 5px 0; font-size: 0.9em; white-space: pre-wrap; word-wrap: break-word; overflow-wrap: break-word;'>Line 56: Expected 1 errors<br>Line 62: Expected 1 errors<br>Line 67: Expected 1 errors<br>Line 84: Expected 1 errors<br>Lines 51, 52: Expected error (tag 'TA14')<br>Line 10: Unexpected errors ['aliases_type_statement.py:10:52: error[invalid-type-arguments] Too many type arguments: expected 2, got 3']</pre></div></span></div></th>
</tr>
<tr><th class="column col1">&nbsp;&nbsp;&nbsp;&nbsp;&nbsp;aliases_typealiastype</th>
<th class="column col2 partially-conformant"><div class="hover-text">Partial<span class="tooltip-text" id="bottom" style="max-width: 400px; width: max-content; white-space: normal; word-wrap: break-word; overflow-wrap: break-word; text-align: left;"><div style='margin-bottom: 10px;'><strong>Notes:</strong><p>Incorrectly rejects some recursive type aliases using TypeAliasType.</p><p>Incorrectly rejects the use of a class-scoped TypeVar in a TypeAliasType definition.</p></div><div><strong>Errors Diff:</strong><br><pre style='margin: 5px 0; font-size: 0.9em; white-space: pre-wrap; word-wrap: break-word; overflow-wrap: break-word;'>Line 20: Unexpected errors ['aliases_typealiastype.py:20: error: Cannot resolve name "GoodAlias5" (possible cyclic definition)  [misc]']<br>Line 22: Unexpected errors ['aliases_typealiastype.py:22: error: Cannot resolve name "GoodAlias5" (possible cyclic definition)  [misc]']<br>Line 27: Unexpected errors ['aliases_typealiastype.py:27: error: Type variable "T" is not included in type_params  [valid-type]']</pre></div></span></div></th>
<th class="column col2 conformant">Pass</th>
<th class="column col2 conformant">Pass</th>
<th class="column col2 not-conformant"><div class="hover-text">Unknown (2f-/0f+)<span class="tooltip-text" id="bottom" style="max-width: 400px; width: max-content; white-space: normal; word-wrap: break-word; overflow-wrap: break-word; text-align: left;"><div><strong>Errors Diff:</strong><br><pre style='margin: 5px 0; font-size: 0.9em; white-space: pre-wrap; word-wrap: break-word; overflow-wrap: break-word;'>Line 48: Expected 1 errors<br>Line 66: Expected 1 errors</pre></div></span></div></th>
<th class="column col2 not-conformant"><div class="hover-text">Unknown (8f-/1f+)<span class="tooltip-text" id="bottom" style="max-width: 400px; width: max-content; white-space: normal; word-wrap: break-word; overflow-wrap: break-word; text-align: left;"><div><strong>Errors Diff:</strong><br><pre style='margin: 5px 0; font-size: 0.9em; white-space: pre-wrap; word-wrap: break-word; overflow-wrap: break-word;'>Line 40: Expected 1 errors<br>Line 43: Expected 1 errors<br>Line 44: Expected 1 errors<br>Line 45: Expected 1 errors<br>Line 46: Expected 1 errors<br>Line 47: Expected 1 errors<br>Line 48: Expected 1 errors<br>Line 23: Unexpected errors ['aliases_typealiastype.py:23:5: error[invalid-argument-type] Argument to class `TypeAliasType` is incorrect: Expected `tuple[TypeVar | ParamSpec | typing_extensions.TypeVarTuple, ...]`, found `tuple[TypeVar, TypeVar, ParamSpec, typing.TypeVarTuple]`']</pre></div></span></div></th>
</tr>
<tr><th class="column col1">&nbsp;&nbsp;&nbsp;&nbsp;&nbsp;aliases_variance</th>
<th class="column col2 conformant">Pass</th>
<th class="column col2 conformant">Pass</th>
<th class="column col2 conformant">Pass</th>
<th class="column col2 conformant">Pass</th>
<th class="column col2 not-conformant"><div class="hover-text">Unknown (4f-/0f+)<span class="tooltip-text" id="bottom" style="max-width: 400px; width: max-content; white-space: normal; word-wrap: break-word; overflow-wrap: break-word; text-align: left;"><div><strong>Errors Diff:</strong><br><pre style='margin: 5px 0; font-size: 0.9em; white-space: pre-wrap; word-wrap: break-word; overflow-wrap: break-word;'>Line 24: Expected 1 errors<br>Line 28: Expected 1 errors<br>Line 32: Expected 1 errors<br>Line 44: Expected 1 errors</pre></div></span></div></th>
</tr>
<tr><th class="column" colspan="6">
<a class="test_group" href="https://typing.readthedocs.io/en/latest/spec/literal.html">Literals</a>
</th></tr>
<tr><th class="column col1">&nbsp;&nbsp;&nbsp;&nbsp;&nbsp;literals_interactions</th>
<th class="column col2 partially-conformant"><div class="hover-text">Partial<span class="tooltip-text" id="bottom" style="max-width: 400px; width: max-content; white-space: normal; word-wrap: break-word; overflow-wrap: break-word; text-align: left;"><div style='margin-bottom: 10px;'><strong>Notes:</strong><p>Does not narrow type of `x` with `x in Literal` type guard pattern.</p></div><div><strong>Errors Diff:</strong><br><pre style='margin: 5px 0; font-size: 0.9em; white-space: pre-wrap; word-wrap: break-word; overflow-wrap: break-word;'>Line 106: Unexpected errors ['literals_interactions.py:106: error: Argument 1 to "expects_bad_status" has incompatible type "str"; expected "Literal[\'MALFORMED\', \'ABORTED\']"  [arg-type]']<br>Line 109: Unexpected errors ['literals_interactions.py:109: error: Argument 1 to "expects_pending_status" has incompatible type "str"; expected "Literal[\'PENDING\']"  [arg-type]']</pre></div></span></div></th>
<th class="column col2 conformant">Pass</th>
<th class="column col2 conformant">Pass</th>
<th class="column col2 conformant">Pass</th>
<th class="column col2 not-conformant"><div class="hover-text">Unknown (2f-/2f+)<span class="tooltip-text" id="bottom" style="max-width: 400px; width: max-content; white-space: normal; word-wrap: break-word; overflow-wrap: break-word; text-align: left;"><div><strong>Errors Diff:</strong><br><pre style='margin: 5px 0; font-size: 0.9em; white-space: pre-wrap; word-wrap: break-word; overflow-wrap: break-word;'>Line 106: Unexpected errors ['literals_interactions.py:106:35: error[invalid-argument-type] Argument to function `expects_bad_status` is incorrect: Expected `Literal["MALFORMED", "ABORTED"]`, found `str`']<br>Line 109: Unexpected errors ['literals_interactions.py:109:32: error[invalid-argument-type] Argument to function `expects_pending_status` is incorrect: Expected `Literal["PENDING"]`, found `str`']</pre></div></span></div></th>
</tr>
<tr><th class="column col1">&nbsp;&nbsp;&nbsp;&nbsp;&nbsp;literals_literalstring</th>
<th class="column col2 not-conformant"><div class="hover-text">Unsupported<span class="tooltip-text" id="bottom" style="max-width: 400px; width: max-content; white-space: normal; word-wrap: break-word; overflow-wrap: break-word; text-align: left;"><div style='margin-bottom: 10px;'><strong>Notes:</strong><p>Support for `LiteralString` is not implemented.</p></div><div><strong>Errors Diff:</strong><br><pre style='margin: 5px 0; font-size: 0.9em; white-space: pre-wrap; word-wrap: break-word; overflow-wrap: break-word;'>Line 66: Expected 1 errors<br>Line 120: Expected 1 errors<br>Line 134: Expected 1 errors<br>Line 171: Expected 1 errors<br>Line 157: Unexpected errors ["literals_literalstring.py:157: error: Overloaded function signature 3 will never be matched: signature 2's parameter type(s) are the same or broader  [overload-cannot-match]"]<br>Line 167: Unexpected errors ['literals_literalstring.py:167: error: Expression is of type "B", not "A"  [assert-type]']</pre></div></span></div></th>
<th class="column col2 conformant">Pass</th>
<th class="column col2 conformant">Pass</th>
<th class="column col2 conformant">Pass</th>
<th class="column col2 not-conformant"><div class="hover-text">Unknown (0f-/4f+)<span class="tooltip-text" id="bottom" style="max-width: 400px; width: max-content; white-space: normal; word-wrap: break-word; overflow-wrap: break-word; text-align: left;"><div><strong>Errors Diff:</strong><br><pre style='margin: 5px 0; font-size: 0.9em; white-space: pre-wrap; word-wrap: break-word; overflow-wrap: break-word;'>Line 53: Unexpected errors ['literals_literalstring.py:53:5: error[type-assertion-failure] Type `str` does not match asserted type `LiteralString`']<br>Line 63: Unexpected errors ['literals_literalstring.py:63:5: error[type-assertion-failure] Type `LiteralString` does not match asserted type `str`']<br>Line 68: Unexpected errors ['literals_literalstring.py:68:5: error[type-assertion-failure] Type `str` does not match asserted type `LiteralString`']<br>Line 167: Unexpected errors ['literals_literalstring.py:167:1: error[type-assertion-failure] Type `A` does not match asserted type `B`']</pre></div></span></div></th>
</tr>
<tr><th class="column col1">&nbsp;&nbsp;&nbsp;&nbsp;&nbsp;literals_parameterizations</th>
<th class="column col2 partially-conformant"><div class="hover-text">Partial<span class="tooltip-text" id="bottom" style="max-width: 400px; width: max-content; white-space: normal; word-wrap: break-word; overflow-wrap: break-word; text-align: left;"><div style='margin-bottom: 10px;'><strong>Notes:</strong><p>Does not reject tuple within Literal.</p></div><div><strong>Errors Diff:</strong><br><pre style='margin: 5px 0; font-size: 0.9em; white-space: pre-wrap; word-wrap: break-word; overflow-wrap: break-word;'>Line 46: Expected 1 errors</pre></div></span></div></th>
<th class="column col2 conformant">Pass</th>
<th class="column col2 conformant">Pass</th>
<th class="column col2 conformant">Pass</th>
<th class="column col2 conformant">Pass</th>
</tr>
<tr><th class="column col1">&nbsp;&nbsp;&nbsp;&nbsp;&nbsp;literals_semantics</th>
<th class="column col2 conformant">Pass</th>
<th class="column col2 conformant">Pass</th>
<th class="column col2 conformant">Pass</th>
<th class="column col2 conformant">Pass</th>
<th class="column col2 conformant">Pass</th>
</tr>
<tr><th class="column" colspan="6">
<a class="test_group" href="https://typing.readthedocs.io/en/latest/spec/protocol.html">Protocols</a>
</th></tr>
<tr><th class="column col1">&nbsp;&nbsp;&nbsp;&nbsp;&nbsp;protocols_class_objects</th>
<th class="column col2 conformant">Pass</th>
<th class="column col2 conformant">Pass</th>
<th class="column col2 conformant">Pass</th>
<th class="column col2 conformant">Pass</th>
<th class="column col2 not-conformant"><div class="hover-text">Unknown (7f-/1f+)<span class="tooltip-text" id="bottom" style="max-width: 400px; width: max-content; white-space: normal; word-wrap: break-word; overflow-wrap: break-word; text-align: left;"><div><strong>Errors Diff:</strong><br><pre style='margin: 5px 0; font-size: 0.9em; white-space: pre-wrap; word-wrap: break-word; overflow-wrap: break-word;'>Line 29: Expected 1 errors<br>Line 34: Expected 1 errors<br>Line 74: Expected 1 errors<br>Line 104: Expected 1 errors<br>Line 106: Expected 1 errors<br>Line 107: Expected 1 errors<br>Line 108: Expected 1 errors<br>Line 59: Unexpected errors ["protocols_class_objects.py:59:16: error[invalid-assignment] Object of type `<class 'ConcreteA'>` is not assignable to `ProtoA2`"]</pre></div></span></div></th>
</tr>
<tr><th class="column col1">&nbsp;&nbsp;&nbsp;&nbsp;&nbsp;protocols_definition</th>
<th class="column col2 partially-conformant"><div class="hover-text">Partial<span class="tooltip-text" id="bottom" style="max-width: 400px; width: max-content; white-space: normal; word-wrap: break-word; overflow-wrap: break-word; text-align: left;"><div style='margin-bottom: 10px;'><strong>Notes:</strong><p>Does not detect protocol mismatch if concrete method is missing annotations.</p><p>Does not detect protocol mismatch if concrete method's parameters are position-only.</p></div><div><strong>Errors Diff:</strong><br><pre style='margin: 5px 0; font-size: 0.9em; white-space: pre-wrap; word-wrap: break-word; overflow-wrap: break-word;'>Line 285: Expected 1 errors<br>Line 286: Expected 1 errors<br>Line 288: Expected 1 errors</pre></div></span></div></th>
<th class="column col2 conformant">Pass</th>
<th class="column col2 conformant">Pass</th>
<th class="column col2 conformant">Pass</th>
<th class="column col2 not-conformant"><div class="hover-text">Unknown (8f-/0f+)<span class="tooltip-text" id="bottom" style="max-width: 400px; width: max-content; white-space: normal; word-wrap: break-word; overflow-wrap: break-word; text-align: left;"><div><strong>Errors Diff:</strong><br><pre style='margin: 5px 0; font-size: 0.9em; white-space: pre-wrap; word-wrap: break-word; overflow-wrap: break-word;'>Line 67: Expected 1 errors<br>Line 117: Expected 1 errors<br>Line 157: Expected 1 errors<br>Line 158: Expected 1 errors<br>Line 218: Expected 1 errors<br>Line 339: Expected 1 errors<br>Line 340: Expected 1 errors<br>Line 341: Expected 1 errors</pre></div></span></div></th>
</tr>
<tr><th class="column col1">&nbsp;&nbsp;&nbsp;&nbsp;&nbsp;protocols_explicit</th>
<th class="column col2 conformant"><div class="hover-text">Pass*<span class="tooltip-text" id="bottom" style="max-width: 400px; width: max-content; white-space: normal; word-wrap: break-word; overflow-wrap: break-word; text-align: left;"><div style='margin-bottom: 10px;'><strong>Notes:</strong><p>Does not report unimplemented attributes for class that explicitly derives from protocol until it is instantiated.</p></div></span></div></th>
<th class="column col2 conformant">Pass</th>
<th class="column col2 conformant">Pass</th>
<th class="column col2 conformant">Pass</th>
<th class="column col2 not-conformant"><div class="hover-text">Unknown (5f-/0f+)<span class="tooltip-text" id="bottom" style="max-width: 400px; width: max-content; white-space: normal; word-wrap: break-word; overflow-wrap: break-word; text-align: left;"><div><strong>Errors Diff:</strong><br><pre style='margin: 5px 0; font-size: 0.9em; white-space: pre-wrap; word-wrap: break-word; overflow-wrap: break-word;'>Line 27: Expected 1 errors<br>Line 60: Expected 1 errors<br>Line 89: Expected 1 errors<br>Line 134: Expected 1 errors<br>Line 164: Expected 1 errors</pre></div></span></div></th>
</tr>
<tr><th class="column col1">&nbsp;&nbsp;&nbsp;&nbsp;&nbsp;protocols_generic</th>
<th class="column col2 conformant">Pass</th>
<th class="column col2 conformant">Pass</th>
<th class="column col2 conformant">Pass</th>
<th class="column col2 conformant">Pass</th>
<th class="column col2 not-conformant"><div class="hover-text">Unknown (3f-/0f+)<span class="tooltip-text" id="bottom" style="max-width: 400px; width: max-content; white-space: normal; word-wrap: break-word; overflow-wrap: break-word; text-align: left;"><div><strong>Errors Diff:</strong><br><pre style='margin: 5px 0; font-size: 0.9em; white-space: pre-wrap; word-wrap: break-word; overflow-wrap: break-word;'>Line 145: Expected 1 errors<br>Line 146: Expected 1 errors<br>Line 147: Expected 1 errors</pre></div></span></div></th>
</tr>
<tr><th class="column col1">&nbsp;&nbsp;&nbsp;&nbsp;&nbsp;protocols_merging</th>
<th class="column col2 conformant">Pass</th>
<th class="column col2 conformant">Pass</th>
<th class="column col2 conformant">Pass</th>
<th class="column col2 conformant">Pass</th>
<th class="column col2 not-conformant"><div class="hover-text">Unknown (1f-/0f+)<span class="tooltip-text" id="bottom" style="max-width: 400px; width: max-content; white-space: normal; word-wrap: break-word; overflow-wrap: break-word; text-align: left;"><div><strong>Errors Diff:</strong><br><pre style='margin: 5px 0; font-size: 0.9em; white-space: pre-wrap; word-wrap: break-word; overflow-wrap: break-word;'>Line 82: Expected 1 errors</pre></div></span></div></th>
</tr>
<tr><th class="column col1">&nbsp;&nbsp;&nbsp;&nbsp;&nbsp;protocols_modules</th>
<th class="column col2 conformant">Pass</th>
<th class="column col2 conformant">Pass</th>
<th class="column col2 conformant">Pass</th>
<th class="column col2 not-conformant"><div class="hover-text">Unknown (0f-/1f+)<span class="tooltip-text" id="bottom" style="max-width: 400px; width: max-content; white-space: normal; word-wrap: break-word; overflow-wrap: break-word; text-align: left;"><div><strong>Errors Diff:</strong><br><pre style='margin: 5px 0; font-size: 0.9em; white-space: pre-wrap; word-wrap: break-word; overflow-wrap: break-word;'>Line 25: Unexpected errors ['`Module[_protocols_modules1]` is not assignable to `Options1` [bad-assignment]']</pre></div></span></div></th>
<th class="column col2 not-conformant"><div class="hover-text">Unknown (0f-/2f+)<span class="tooltip-text" id="bottom" style="max-width: 400px; width: max-content; white-space: normal; word-wrap: break-word; overflow-wrap: break-word; text-align: left;"><div><strong>Errors Diff:</strong><br><pre style='margin: 5px 0; font-size: 0.9em; white-space: pre-wrap; word-wrap: break-word; overflow-wrap: break-word;'>Line 25: Unexpected errors ["protocols_modules.py:25:17: error[invalid-assignment] Object of type `<module '_protocols_modules1'>` is not assignable to `Options1`"]<br>Line 47: Unexpected errors ["protocols_modules.py:47:18: error[invalid-assignment] Object of type `<module '_protocols_modules2'>` is not assignable to `Reporter1`"]</pre></div></span></div></th>
</tr>
<tr><th class="column col1">&nbsp;&nbsp;&nbsp;&nbsp;&nbsp;protocols_recursive</th>
<th class="column col2 conformant">Pass</th>
<th class="column col2 conformant">Pass</th>
<th class="column col2 conformant">Pass</th>
<th class="column col2 conformant">Pass</th>
<th class="column col2 not-conformant"><div class="hover-text">Unknown (0f-/1f+)<span class="tooltip-text" id="bottom" style="max-width: 400px; width: max-content; white-space: normal; word-wrap: break-word; overflow-wrap: break-word; text-align: left;"><div><strong>Errors Diff:</strong><br><pre style='margin: 5px 0; font-size: 0.9em; white-space: pre-wrap; word-wrap: break-word; overflow-wrap: break-word;'>Line 81: Unexpected errors ['protocols_recursive.py:81:1: error[type-assertion-failure] Type `list[int]` does not match asserted type `Unknown`']</pre></div></span></div></th>
</tr>
<tr><th class="column col1">&nbsp;&nbsp;&nbsp;&nbsp;&nbsp;protocols_runtime_checkable</th>
<th class="column col2 partially-conformant"><div class="hover-text">Partial<span class="tooltip-text" id="bottom" style="max-width: 400px; width: max-content; white-space: normal; word-wrap: break-word; overflow-wrap: break-word; text-align: left;"><div style='margin-bottom: 10px;'><strong>Notes:</strong><p>Does not report unsafe overlap for runtime_checkable protocol.</p></div><div><strong>Errors Diff:</strong><br><pre style='margin: 5px 0; font-size: 0.9em; white-space: pre-wrap; word-wrap: break-word; overflow-wrap: break-word;'>Line 88: Expected 1 errors<br>Line 92: Expected 1 errors<br>Line 96: Expected 1 errors</pre></div></span></div></th>
<th class="column col2 conformant">Pass</th>
<th class="column col2 conformant">Pass</th>
<th class="column col2 conformant">Pass</th>
<th class="column col2 not-conformant"><div class="hover-text">Unknown (4f-/0f+)<span class="tooltip-text" id="bottom" style="max-width: 400px; width: max-content; white-space: normal; word-wrap: break-word; overflow-wrap: break-word; text-align: left;"><div><strong>Errors Diff:</strong><br><pre style='margin: 5px 0; font-size: 0.9em; white-space: pre-wrap; word-wrap: break-word; overflow-wrap: break-word;'>Line 61: Expected 1 errors<br>Line 88: Expected 1 errors<br>Line 92: Expected 1 errors<br>Line 96: Expected 1 errors</pre></div></span></div></th>
</tr>
<tr><th class="column col1">&nbsp;&nbsp;&nbsp;&nbsp;&nbsp;protocols_self</th>
<th class="column col2 conformant">Pass</th>
<th class="column col2 conformant">Pass</th>
<th class="column col2 conformant">Pass</th>
<th class="column col2 conformant">Pass</th>
<th class="column col2 conformant">Pass</th>
</tr>
<tr><th class="column col1">&nbsp;&nbsp;&nbsp;&nbsp;&nbsp;protocols_subtyping</th>
<th class="column col2 conformant">Pass</th>
<th class="column col2 conformant">Pass</th>
<th class="column col2 conformant">Pass</th>
<th class="column col2 conformant">Pass</th>
<th class="column col2 conformant">Pass</th>
</tr>
<tr><th class="column col1">&nbsp;&nbsp;&nbsp;&nbsp;&nbsp;protocols_variance</th>
<th class="column col2 conformant">Pass</th>
<th class="column col2 conformant">Pass</th>
<th class="column col2 conformant">Pass</th>
<th class="column col2 conformant">Pass</th>
<th class="column col2 not-conformant"><div class="hover-text">Unknown (7f-/0f+)<span class="tooltip-text" id="bottom" style="max-width: 400px; width: max-content; white-space: normal; word-wrap: break-word; overflow-wrap: break-word; text-align: left;"><div><strong>Errors Diff:</strong><br><pre style='margin: 5px 0; font-size: 0.9em; white-space: pre-wrap; word-wrap: break-word; overflow-wrap: break-word;'>Line 21: Expected 1 errors<br>Line 40: Expected 1 errors<br>Line 56: Expected 1 errors<br>Line 66: Expected 1 errors<br>Line 104: Expected 1 errors<br>Lines 61, 62: Expected error (tag 'covariant_in_input')<br>Lines 71, 72: Expected error (tag 'contravariant_in_output')</pre></div></span></div></th>
</tr>
<tr><th class="column" colspan="6">
<a class="test_group" href="https://typing.readthedocs.io/en/latest/spec/callables.html">Callables</a>
</th></tr>
<tr><th class="column col1">&nbsp;&nbsp;&nbsp;&nbsp;&nbsp;callables_annotation</th>
<th class="column col2 partially-conformant"><div class="hover-text">Partial<span class="tooltip-text" id="bottom" style="max-width: 400px; width: max-content; white-space: normal; word-wrap: break-word; overflow-wrap: break-word; text-align: left;"><div style='margin-bottom: 10px;'><strong>Notes:</strong><p>Incorrectly treats "*args: T, **kwargs: T" as "..." when T is specialized to Any.</p><p>Does not treat "*args: Any, **kargs: Any" as "..." when separated by keyword parameter.</p></div><div><strong>Errors Diff:</strong><br><pre style='margin: 5px 0; font-size: 0.9em; white-space: pre-wrap; word-wrap: break-word; overflow-wrap: break-word;'>Line 159: Expected 1 errors<br>Line 157: Unexpected errors ['callables_annotation.py:157: error: Incompatible types in assignment (expression has type "Proto7", variable has type "Proto6")  [assignment]']</pre></div></span></div></th>
<th class="column col2 conformant">Pass</th>
<th class="column col2 conformant">Pass</th>
<th class="column col2 not-conformant"><div class="hover-text">Unknown (0f-/2f+)<span class="tooltip-text" id="bottom" style="max-width: 400px; width: max-content; white-space: normal; word-wrap: break-word; overflow-wrap: break-word; text-align: left;"><div><strong>Errors Diff:</strong><br><pre style='margin: 5px 0; font-size: 0.9em; white-space: pre-wrap; word-wrap: break-word; overflow-wrap: break-word;'>Line 156: Unexpected errors ['`Proto4[Ellipsis]` is not assignable to `Proto3` [bad-assignment]']<br>Line 157: Unexpected errors ['`Proto7` is not assignable to `Proto6` [bad-assignment]']</pre></div></span></div></th>
<th class="column col2 not-conformant"><div class="hover-text">Unknown (7f-/1f+)<span class="tooltip-text" id="bottom" style="max-width: 400px; width: max-content; white-space: normal; word-wrap: break-word; overflow-wrap: break-word; text-align: left;"><div><strong>Errors Diff:</strong><br><pre style='margin: 5px 0; font-size: 0.9em; white-space: pre-wrap; word-wrap: break-word; overflow-wrap: break-word;'>Line 59: Expected 1 errors<br>Line 91: Expected 1 errors<br>Line 93: Expected 1 errors<br>Line 159: Expected 1 errors<br>Line 172: Expected 1 errors<br>Line 187: Expected 1 errors<br>Line 189: Expected 1 errors<br>Line 157: Unexpected errors ['callables_annotation.py:157:20: error[invalid-assignment] Object of type `Proto7` is not assignable to `Proto6`']</pre></div></span></div></th>
</tr>
<tr><th class="column col1">&nbsp;&nbsp;&nbsp;&nbsp;&nbsp;callables_kwargs</th>
<th class="column col2 partially-conformant"><div class="hover-text">Partial<span class="tooltip-text" id="bottom" style="max-width: 400px; width: max-content; white-space: normal; word-wrap: break-word; overflow-wrap: break-word; text-align: left;"><div style='margin-bottom: 10px;'><strong>Notes:</strong><p>Allows callable without kwargs to be assigned to callable with unpacked kwargs</p></div><div><strong>Errors Diff:</strong><br><pre style='margin: 5px 0; font-size: 0.9em; white-space: pre-wrap; word-wrap: break-word; overflow-wrap: break-word;'>Line 134: Expected 1 errors</pre></div></span></div></th>
<th class="column col2 conformant">Pass</th>
<th class="column col2 conformant">Pass</th>
<th class="column col2 conformant">Pass</th>
<th class="column col2 not-conformant"><div class="hover-text">Unknown (9f-/4f+)<span class="tooltip-text" id="bottom" style="max-width: 400px; width: max-content; white-space: normal; word-wrap: break-word; overflow-wrap: break-word; text-align: left;"><div><strong>Errors Diff:</strong><br><pre style='margin: 5px 0; font-size: 0.9em; white-space: pre-wrap; word-wrap: break-word; overflow-wrap: break-word;'>Line 46: Expected 1 errors<br>Line 51: Expected 1 errors<br>Line 58: Expected 1 errors<br>Line 63: Expected 1 errors<br>Line 65: Expected 1 errors<br>Line 101: Expected 1 errors<br>Line 102: Expected 1 errors<br>Line 111: Expected 1 errors<br>Line 122: Expected 1 errors<br>Line 24: Unexpected errors ['callables_kwargs.py:24:5: error[type-assertion-failure] Type `int` does not match asserted type `@Todo`']<br>Line 32: Unexpected errors ['callables_kwargs.py:32:9: error[type-assertion-failure] Type `str` does not match asserted type `@Todo`']<br>Line 35: Unexpected errors ['callables_kwargs.py:35:5: error[type-assertion-failure] Type `str` does not match asserted type `@Todo`']<br>Line 41: Unexpected errors ['callables_kwargs.py:41:5: error[type-assertion-failure] Type `TD1` does not match asserted type `dict[str, @Todo]`']</pre></div></span></div></th>
</tr>
<tr><th class="column col1">&nbsp;&nbsp;&nbsp;&nbsp;&nbsp;callables_protocol</th>
<th class="column col2 conformant">Pass</th>
<th class="column col2 conformant">Pass</th>
<th class="column col2 conformant">Pass</th>
<th class="column col2 conformant">Pass</th>
<th class="column col2 conformant">Pass</th>
</tr>
<tr><th class="column col1">&nbsp;&nbsp;&nbsp;&nbsp;&nbsp;callables_subtyping</th>
<th class="column col2 conformant">Pass</th>
<th class="column col2 conformant">Pass</th>
<th class="column col2 conformant">Pass</th>
<th class="column col2 conformant">Pass</th>
<th class="column col2 not-conformant"><div class="hover-text">Unknown (1f-/0f+)<span class="tooltip-text" id="bottom" style="max-width: 400px; width: max-content; white-space: normal; word-wrap: break-word; overflow-wrap: break-word; text-align: left;"><div><strong>Errors Diff:</strong><br><pre style='margin: 5px 0; font-size: 0.9em; white-space: pre-wrap; word-wrap: break-word; overflow-wrap: break-word;'>Line 125: Expected 1 errors</pre></div></span></div></th>
</tr>
<tr><th class="column" colspan="6">
<a class="test_group" href="https://typing.readthedocs.io/en/latest/spec/constructors.html">Constructors</a>
</th></tr>
<tr><th class="column col1">&nbsp;&nbsp;&nbsp;&nbsp;&nbsp;constructors_call_init</th>
<th class="column col2 partially-conformant"><div class="hover-text">Partial<span class="tooltip-text" id="bottom" style="max-width: 400px; width: max-content; white-space: normal; word-wrap: break-word; overflow-wrap: break-word; text-align: left;"><div style='margin-bottom: 10px;'><strong>Notes:</strong><p>Does not report errors during binding to self parameter of __init__ method.</p><p>Does not reject use of class-scoped type variables in annotation of self parameter in __init__ method.</p></div><div><strong>Errors Diff:</strong><br><pre style='margin: 5px 0; font-size: 0.9em; white-space: pre-wrap; word-wrap: break-word; overflow-wrap: break-word;'>Line 56: Expected 1 errors<br>Line 107: Expected 1 errors<br>Line 73: Unexpected errors ['constructors_call_init.py:73: error: Expression is of type "Class5[list[int]]", not "Class5[int]"  [assert-type]']</pre></div></span></div></th>
<th class="column col2 conformant">Pass</th>
<th class="column col2 conformant">Pass</th>
<th class="column col2 conformant">Pass</th>
<th class="column col2 not-conformant"><div class="hover-text">Unknown (2f-/2f+)<span class="tooltip-text" id="bottom" style="max-width: 400px; width: max-content; white-space: normal; word-wrap: break-word; overflow-wrap: break-word; text-align: left;"><div><strong>Errors Diff:</strong><br><pre style='margin: 5px 0; font-size: 0.9em; white-space: pre-wrap; word-wrap: break-word; overflow-wrap: break-word;'>Line 42: Expected 1 errors<br>Line 107: Expected 1 errors<br>Line 91: Unexpected errors ['constructors_call_init.py:91:1: error[type-assertion-failure] Type `Class6[int, str]` does not match asserted type `Class6[Unknown, Unknown]`']<br>Line 99: Unexpected errors ['constructors_call_init.py:99:1: error[type-assertion-failure] Type `Class7[str, int]` does not match asserted type `Class7[Unknown, Unknown]`']</pre></div></span></div></th>
</tr>
<tr><th class="column col1">&nbsp;&nbsp;&nbsp;&nbsp;&nbsp;constructors_call_metaclass</th>
<th class="column col2 not-conformant"><div class="hover-text">Unupported<span class="tooltip-text" id="bottom" style="max-width: 400px; width: max-content; white-space: normal; word-wrap: break-word; overflow-wrap: break-word; text-align: left;"><div style='margin-bottom: 10px;'><strong>Notes:</strong><p>Does not honor metaclass __call__ method when evaluating constructor call.</p><p>Does not skip evaluation of __new__ and __init__ if custom metaclass call returns non-class.</p></div><div><strong>Errors Diff:</strong><br><pre style='margin: 5px 0; font-size: 0.9em; white-space: pre-wrap; word-wrap: break-word; overflow-wrap: break-word;'>Line 26: Unexpected errors ['constructors_call_metaclass.py:26: error: Expression is of type "Class1", not "Never"  [assert-type]', 'constructors_call_metaclass.py:26: error: Missing positional argument "x" in call to "Class1"  [call-arg]']<br>Line 39: Unexpected errors ['constructors_call_metaclass.py:39: error: Expression is of type "Class2", not "int | Meta2"  [assert-type]', 'constructors_call_metaclass.py:39: error: Missing positional argument "x" in call to "Class2"  [call-arg]']<br>Line 46: Unexpected errors ['constructors_call_metaclass.py:46: error: Argument 2 for "super" not an instance of argument 1  [misc]']</pre></div></span></div></th>
<th class="column col2 conformant">Pass</th>
<th class="column col2 conformant">Pass</th>
<th class="column col2 conformant">Pass</th>
<th class="column col2 not-conformant"><div class="hover-text">Unknown (0f-/2f+)<span class="tooltip-text" id="bottom" style="max-width: 400px; width: max-content; white-space: normal; word-wrap: break-word; overflow-wrap: break-word; text-align: left;"><div><strong>Errors Diff:</strong><br><pre style='margin: 5px 0; font-size: 0.9em; white-space: pre-wrap; word-wrap: break-word; overflow-wrap: break-word;'>Line 39: Unexpected errors ['constructors_call_metaclass.py:39:1: error[type-assertion-failure] Type `int | Meta2` does not match asserted type `Class2`', 'constructors_call_metaclass.py:39:13: error[missing-argument] No argument provided for required parameter `x` of function `__new__`']<br>Line 46: Unexpected errors ["constructors_call_metaclass.py:46:16: error[invalid-super-argument] `type[T@__call__]` is not an instance or subclass of `<class 'Meta3'>` in `super(<class 'Meta3'>, type[T@__call__])` call"]</pre></div></span></div></th>
</tr>
<tr><th class="column col1">&nbsp;&nbsp;&nbsp;&nbsp;&nbsp;constructors_call_new</th>
<th class="column col2 partially-conformant"><div class="hover-text">Partial<span class="tooltip-text" id="bottom" style="max-width: 400px; width: max-content; white-space: normal; word-wrap: break-word; overflow-wrap: break-word; text-align: left;"><div style='margin-bottom: 10px;'><strong>Notes:</strong><p>Does not support __new__ return type that is not a subclass of the class being constructed.</p><p>Does not skip evaluation of __init__ based on __new__ return type.</p><p>Does not report errors during binding to cls parameter of __new__ method.</p></div><div><strong>Errors Diff:</strong><br><pre style='margin: 5px 0; font-size: 0.9em; white-space: pre-wrap; word-wrap: break-word; overflow-wrap: break-word;'>Line 148: Expected 1 errors<br>Line 40: Unexpected errors ['constructors_call_new.py:40: error: Incompatible return type for "__new__" (returns "int", but must return a subtype of "Class3")  [misc]']<br>Line 49: Unexpected errors ['constructors_call_new.py:49: error: Expression is of type "Class3", not "int"  [assert-type]', 'constructors_call_new.py:49: error: Missing positional argument "x" in call to "Class3"  [call-arg]']<br>Line 57: Unexpected errors ['constructors_call_new.py:57: error: "__new__" must return a class instance (got "Class4 | Any")  [misc]']<br>Line 64: Unexpected errors ['constructors_call_new.py:64: error: Expression is of type "Class4", not "Class4 | Any"  [assert-type]', 'constructors_call_new.py:64: error: Missing positional argument "x" in call to "Class4"  [call-arg]']<br>Line 76: Unexpected errors ['constructors_call_new.py:76: error: Expression is of type "Class5", not "Never"  [assert-type]', 'constructors_call_new.py:76: error: Missing positional argument "x" in call to "Class5"  [call-arg]']<br>Line 82: Unexpected errors ['constructors_call_new.py:82: error: "__new__" must return a class instance (got "int | Class6")  [misc]']<br>Line 89: Unexpected errors ['constructors_call_new.py:89: error: Expression is of type "Class6", not "int | Class6"  [assert-type]', 'constructors_call_new.py:89: error: Missing positional argument "x" in call to "Class6"  [call-arg]']</pre></div></span></div></th>
<th class="column col2 conformant">Pass</th>
<th class="column col2 conformant">Pass</th>
<th class="column col2 conformant">Pass</th>
<th class="column col2 not-conformant"><div class="hover-text">Unknown (0f-/6f+)<span class="tooltip-text" id="bottom" style="max-width: 400px; width: max-content; white-space: normal; word-wrap: break-word; overflow-wrap: break-word; text-align: left;"><div><strong>Errors Diff:</strong><br><pre style='margin: 5px 0; font-size: 0.9em; white-space: pre-wrap; word-wrap: break-word; overflow-wrap: break-word;'>Line 49: Unexpected errors ['constructors_call_new.py:49:1: error[type-assertion-failure] Type `int` does not match asserted type `Class3`', 'constructors_call_new.py:49:13: error[missing-argument] No argument provided for required parameter `x` of bound method `__init__`']<br>Line 64: Unexpected errors ['constructors_call_new.py:64:1: error[type-assertion-failure] Type `Class4 | Any` does not match asserted type `Class4`', 'constructors_call_new.py:64:13: error[missing-argument] No argument provided for required parameter `x` of bound method `__init__`']<br>Line 76: Unexpected errors ['constructors_call_new.py:76:5: error[type-assertion-failure] Type `Never` does not match asserted type `Class5`', 'constructors_call_new.py:76:17: error[missing-argument] No argument provided for required parameter `x` of bound method `__init__`']<br>Line 89: Unexpected errors ['constructors_call_new.py:89:1: error[type-assertion-failure] Type `int | Class6` does not match asserted type `Class6`', 'constructors_call_new.py:89:13: error[missing-argument] No argument provided for required parameter `x` of bound method `__init__`']<br>Line 117: Unexpected errors ['constructors_call_new.py:117:1: error[type-assertion-failure] Type `Class8[list[int]]` does not match asserted type `Class8[int]`']<br>Line 118: Unexpected errors ['constructors_call_new.py:118:1: error[type-assertion-failure] Type `Class8[list[str]]` does not match asserted type `Class8[str]`']</pre></div></span></div></th>
</tr>
<tr><th class="column col1">&nbsp;&nbsp;&nbsp;&nbsp;&nbsp;constructors_call_type</th>
<th class="column col2 partially-conformant"><div class="hover-text">Partial<span class="tooltip-text" id="bottom" style="max-width: 400px; width: max-content; white-space: normal; word-wrap: break-word; overflow-wrap: break-word; text-align: left;"><div style='margin-bottom: 10px;'><strong>Notes:</strong><p>Does not validate call to custom metaclass __call__ method through type[T].</p></div><div><strong>Errors Diff:</strong><br><pre style='margin: 5px 0; font-size: 0.9em; white-space: pre-wrap; word-wrap: break-word; overflow-wrap: break-word;'>Line 30: Expected 1 errors<br>Line 72: Expected 1 errors</pre></div></span></div></th>
<th class="column col2 conformant">Pass</th>
<th class="column col2 conformant">Pass</th>
<th class="column col2 conformant">Pass</th>
<th class="column col2 not-conformant"><div class="hover-text">Unknown (3f-/0f+)<span class="tooltip-text" id="bottom" style="max-width: 400px; width: max-content; white-space: normal; word-wrap: break-word; overflow-wrap: break-word; text-align: left;"><div><strong>Errors Diff:</strong><br><pre style='margin: 5px 0; font-size: 0.9em; white-space: pre-wrap; word-wrap: break-word; overflow-wrap: break-word;'>Line 30: Expected 1 errors<br>Line 64: Expected 1 errors<br>Line 72: Expected 1 errors</pre></div></span></div></th>
</tr>
<tr><th class="column col1">&nbsp;&nbsp;&nbsp;&nbsp;&nbsp;constructors_callable</th>
<th class="column col2 partially-conformant"><div class="hover-text">Partial<span class="tooltip-text" id="bottom" style="max-width: 400px; width: max-content; white-space: normal; word-wrap: break-word; overflow-wrap: break-word; text-align: left;"><div style='margin-bottom: 10px;'><strong>Notes:</strong><p>Does not generate a union type for __new__ and __init__ when converting class to callable.</p><p>Does not ignore __init__ based on __new__ return type when converting class to callable.</p><p>Does not support __new__ return type that is different from class being constructed.</p></div><div><strong>Errors Diff:</strong><br><pre style='margin: 5px 0; font-size: 0.9em; white-space: pre-wrap; word-wrap: break-word; overflow-wrap: break-word;'>Line 129: Expected 1 errors<br>Line 146: Expected 1 errors<br>Line 74: Unexpected errors ['constructors_callable.py:74: error: Incompatible return type for "__new__" (returns "int", but must return a subtype of "Class4")  [misc]']<br>Line 80: Unexpected errors ['constructors_callable.py:80: error: Expression is of type "Class4", not "int"  [assert-type]']<br>Line 102: Unexpected errors ['constructors_callable.py:102: error: Expression is of type "Class5", not "Never"  [assert-type]']<br>Line 107: Unexpected errors ['constructors_callable.py:107: error: Expression is of type "Class5", not "Never"  [assert-type]']<br>Line 118: Unexpected errors ['constructors_callable.py:118: error: Incompatible return type for "__new__" (returns "Class6Proxy", but must return a subtype of "Class6")  [misc]']<br>Line 128: Unexpected errors ['constructors_callable.py:128: error: Expression is of type "Class6", not "Class6Proxy"  [assert-type]', 'constructors_callable.py:128: error: Too few arguments  [call-arg]']<br>Line 145: Unexpected errors ['constructors_callable.py:145: error: Expression is of type "Class6Any", not "Any"  [assert-type]', 'constructors_callable.py:145: error: Too few arguments  [call-arg]']</pre></div></span></div></th>
<th class="column col2 conformant">Pass</th>
<th class="column col2 conformant">Pass</th>
<th class="column col2 not-conformant"><div class="hover-text">Unknown (2f-/2f+)<span class="tooltip-text" id="bottom" style="max-width: 400px; width: max-content; white-space: normal; word-wrap: break-word; overflow-wrap: break-word; text-align: left;"><div><strong>Errors Diff:</strong><br><pre style='margin: 5px 0; font-size: 0.9em; white-space: pre-wrap; word-wrap: break-word; overflow-wrap: break-word;'>Line 186: Expected 1 errors<br>Line 197: Expected 1 errors<br>Line 167: Unexpected errors ['assert_type(Class7[int], Class7[str]) failed [assert-type]', "Argument `Literal['']` is not assignable to parameter `x` with type `int` [bad-argument-type]"]<br>Line 185: Unexpected errors ['assert_type(Class8[Any], Class8[str]) failed [assert-type]']</pre></div></span></div></th>
<th class="column col2 not-conformant"><div class="hover-text">Unknown (6f-/7f+)<span class="tooltip-text" id="bottom" style="max-width: 400px; width: max-content; white-space: normal; word-wrap: break-word; overflow-wrap: break-word; text-align: left;"><div><strong>Errors Diff:</strong><br><pre style='margin: 5px 0; font-size: 0.9em; white-space: pre-wrap; word-wrap: break-word; overflow-wrap: break-word;'>Line 66: Expected 1 errors<br>Line 67: Expected 1 errors<br>Line 68: Expected 1 errors<br>Line 186: Expected 1 errors<br>Line 197: Expected 1 errors<br>Line 102: Unexpected errors ['constructors_callable.py:102:5: error[type-assertion-failure] Type `Never` does not match asserted type `Unknown`']<br>Line 107: Unexpected errors ['constructors_callable.py:107:5: error[type-assertion-failure] Type `Never` does not match asserted type `Unknown`']<br>Line 143: Unexpected errors ["constructors_callable.py:143:27: error[invalid-argument-type] Argument to function `accepts_callable` is incorrect: Expected `() -> Any | Class6Any`, found `<class 'Class6Any'>`"]<br>Line 145: Unexpected errors ['constructors_callable.py:145:1: error[type-assertion-failure] Type `Any` does not match asserted type `Any | Class6Any`']<br>Line 166: Unexpected errors ['constructors_callable.py:166:1: error[type-assertion-failure] Type `Class7[int]` does not match asserted type `Class7[int] | Class7[str]`']<br>Line 167: Unexpected errors ['constructors_callable.py:167:1: error[type-assertion-failure] Type `Class7[str]` does not match asserted type `Class7[int] | Class7[str]`']<br>Line 185: Unexpected errors ['constructors_callable.py:185:1: error[type-assertion-failure] Type `Class8[str]` does not match asserted type `Class8[Unknown | str]`']</pre></div></span></div></th>
</tr>
<tr><th class="column col1">&nbsp;&nbsp;&nbsp;&nbsp;&nbsp;constructors_consistency</th>
<th class="column col2 conformant"><div class="hover-text">Pass*<span class="tooltip-text" id="bottom" style="max-width: 400px; width: max-content; white-space: normal; word-wrap: break-word; overflow-wrap: break-word; text-align: left;"><div style='margin-bottom: 10px;'><strong>Notes:</strong><p>Does not report inconsistency between __new__ and __init__ (optional).</p></div></span></div></th>
<th class="column col2 conformant">Pass</th>
<th class="column col2 conformant">Pass</th>
<th class="column col2 conformant">Pass</th>
<th class="column col2 conformant">Pass</th>
</tr>
<tr><th class="column" colspan="6">
<a class="test_group" href="https://typing.readthedocs.io/en/latest/spec/overload.html">Overloads</a>
</th></tr>
<tr><th class="column col1">&nbsp;&nbsp;&nbsp;&nbsp;&nbsp;overloads_basic</th>
<th class="column col2 conformant">Pass</th>
<th class="column col2 conformant">Pass</th>
<th class="column col2 conformant">Pass</th>
<th class="column col2 conformant">Pass</th>
<th class="column col2 conformant">Pass</th>
</tr>
<tr><th class="column col1">&nbsp;&nbsp;&nbsp;&nbsp;&nbsp;overloads_consistency</th>
<th class="column col2 conformant">Pass</th>
<th class="column col2 conformant">Pass</th>
<th class="column col2 conformant">Pass</th>
<th class="column col2 conformant">Pass</th>
<th class="column col2 not-conformant"><div class="hover-text">Unknown (2f-/0f+)<span class="tooltip-text" id="bottom" style="max-width: 400px; width: max-content; white-space: normal; word-wrap: break-word; overflow-wrap: break-word; text-align: left;"><div><strong>Errors Diff:</strong><br><pre style='margin: 5px 0; font-size: 0.9em; white-space: pre-wrap; word-wrap: break-word; overflow-wrap: break-word;'>Lines 25, 28: Expected error (tag 'return_type')<br>Lines 41, 44: Expected error (tag 'parameter_type')</pre></div></span></div></th>
</tr>
<tr><th class="column col1">&nbsp;&nbsp;&nbsp;&nbsp;&nbsp;overloads_definitions</th>
<th class="column col2 partially-conformant"><div class="hover-text">Partial<span class="tooltip-text" id="bottom" style="max-width: 400px; width: max-content; white-space: normal; word-wrap: break-word; overflow-wrap: break-word; text-align: left;"><div style='margin-bottom: 10px;'><strong>Notes:</strong><p>Allows @override to be on all overloads and implementation, instead of just implementation.</p></div><div><strong>Errors Diff:</strong><br><pre style='margin: 5px 0; font-size: 0.9em; white-space: pre-wrap; word-wrap: break-word; overflow-wrap: break-word;'>Lines 226, 227, 228, 231, 232: Expected error (tag 'override_impl')</pre></div></span></div></th>
<th class="column col2 conformant">Pass</th>
<th class="column col2 conformant">Pass</th>
<th class="column col2 conformant">Pass</th>
<th class="column col2 conformant">Pass</th>
</tr>
<tr><th class="column col1">&nbsp;&nbsp;&nbsp;&nbsp;&nbsp;overloads_definitions_stub</th>
<th class="column col2 partially-conformant"><div class="hover-text">Partial<span class="tooltip-text" id="bottom" style="max-width: 400px; width: max-content; white-space: normal; word-wrap: break-word; overflow-wrap: break-word; text-align: left;"><div style='margin-bottom: 10px;'><strong>Notes:</strong><p>Allows @override to appear in a stub file not on the first overload.</p></div><div><strong>Errors Diff:</strong><br><pre style='margin: 5px 0; font-size: 0.9em; white-space: pre-wrap; word-wrap: break-word; overflow-wrap: break-word;'>Lines 143, 146, 147, 149: Expected error (tag 'override_impl')</pre></div></span></div></th>
<th class="column col2 conformant">Pass</th>
<th class="column col2 conformant">Pass</th>
<th class="column col2 conformant">Pass</th>
<th class="column col2 conformant">Pass</th>
</tr>
<tr><th class="column col1">&nbsp;&nbsp;&nbsp;&nbsp;&nbsp;overloads_evaluation</th>
<th class="column col2 partially-conformant"><div class="hover-text">Partial<span class="tooltip-text" id="bottom" style="max-width: 400px; width: max-content; white-space: normal; word-wrap: break-word; overflow-wrap: break-word; text-align: left;"><div style='margin-bottom: 10px;'><strong>Notes:</strong><p>Does not expand boolean arguments to Literal[True] and Literal[False].</p><p>Does not expand enum arguments to literal variants.</p><p>Does not expand tuple arguments to possible combinations.</p><p>Does not evaluate Any in some cases where overload is ambiguous.</p><p>Evaluates Any in some cases where overload is not ambiguous.</p></div><div><strong>Errors Diff:</strong><br><pre style='margin: 5px 0; font-size: 0.9em; white-space: pre-wrap; word-wrap: break-word; overflow-wrap: break-word;'>Line 135: Unexpected errors ['overloads_evaluation.py:135: error: No overload variant of "expand_bool" matches argument type "bool"  [call-overload]']<br>Line 136: Unexpected errors ['overloads_evaluation.py:136: error: Expression is of type "Any", not "Literal[0, 1]"  [assert-type]']<br>Line 161: Unexpected errors ['overloads_evaluation.py:161: error: No overload variant of "expand_enum" matches argument type "Color"  [call-overload]']<br>Line 162: Unexpected errors ['overloads_evaluation.py:162: error: Expression is of type "Any", not "Literal[0, 1]"  [assert-type]']<br>Line 205: Unexpected errors ['overloads_evaluation.py:205: error: Argument 1 to "expand_tuple" has incompatible type "tuple[int, int | str]"; expected "tuple[int, int]"  [arg-type]']<br>Line 206: Unexpected errors ['overloads_evaluation.py:206: error: Expression is of type "int", not "int | str"  [assert-type]']<br>Line 265: Unexpected errors ['overloads_evaluation.py:265: error: Expression is of type "list[Any]", not "Any"  [assert-type]']<br>Line 281: Unexpected errors ['overloads_evaluation.py:281: error: Expression is of type "list[Any]", not "Any"  [assert-type]']<br>Line 303: Unexpected errors ['overloads_evaluation.py:303: error: Expression is of type "Any", not "float"  [assert-type]']<br>Line 347: Unexpected errors ['overloads_evaluation.py:347: error: Expression is of type "list[Any]", not "Any"  [assert-type]']</pre></div></span></div></th>
<th class="column col2 partially-conformant"><div class="hover-text">Partial<span class="tooltip-text" id="bottom" style="max-width: 400px; width: max-content; white-space: normal; word-wrap: break-word; overflow-wrap: break-word; text-align: left;"><div style='margin-bottom: 10px;'><strong>Notes:</strong><p>Does not evaluate Any in some cases where overload is ambiguous.</p></div><div><strong>Errors Diff:</strong><br><pre style='margin: 5px 0; font-size: 0.9em; white-space: pre-wrap; word-wrap: break-word; overflow-wrap: break-word;'>Line 281: Unexpected errors ['overloads_evaluation.py:281:17 - error: "assert_type" mismatch: expected "Any" but received "list[int]" (reportAssertTypeFailure)']</pre></div></span></div></th>
<th class="column col2 conformant">Pass</th>
<th class="column col2 conformant">Pass</th>
<th class="column col2 conformant">Pass</th>
</tr>
<tr><th class="column" colspan="6">
<a class="test_group" href="https://typing.readthedocs.io/en/latest/spec/exceptions.html">Exceptions</a>
</th></tr>
<tr><th class="column col1">&nbsp;&nbsp;&nbsp;&nbsp;&nbsp;exceptions_context_managers</th>
<th class="column col2 conformant">Pass</th>
<th class="column col2 conformant">Pass</th>
<th class="column col2 conformant">Pass</th>
<th class="column col2 not-conformant"><div class="hover-text">Unknown (0f-/2f+)<span class="tooltip-text" id="bottom" style="max-width: 400px; width: max-content; white-space: normal; word-wrap: break-word; overflow-wrap: break-word; text-align: left;"><div><strong>Errors Diff:</strong><br><pre style='margin: 5px 0; font-size: 0.9em; white-space: pre-wrap; word-wrap: break-word; overflow-wrap: break-word;'>Line 50: Unexpected errors ['assert_type(str, int | str) failed [assert-type]']<br>Line 57: Unexpected errors ['assert_type(str, int | str) failed [assert-type]']</pre></div></span></div></th>
<th class="column col2 not-conformant"><div class="hover-text">Unknown (0f-/2f+)<span class="tooltip-text" id="bottom" style="max-width: 400px; width: max-content; white-space: normal; word-wrap: break-word; overflow-wrap: break-word; text-align: left;"><div><strong>Errors Diff:</strong><br><pre style='margin: 5px 0; font-size: 0.9em; white-space: pre-wrap; word-wrap: break-word; overflow-wrap: break-word;'>Line 50: Unexpected errors ['exceptions_context_managers.py:50:5: error[type-assertion-failure] Type `int | str` does not match asserted type `str`']<br>Line 57: Unexpected errors ['exceptions_context_managers.py:57:5: error[type-assertion-failure] Type `int | str` does not match asserted type `str`']</pre></div></span></div></th>
</tr>
<tr><th class="column" colspan="6">
<a class="test_group" href="https://typing.readthedocs.io/en/latest/spec/dataclasses.html">Dataclasses</a>
</th></tr>
<tr><th class="column col1">&nbsp;&nbsp;&nbsp;&nbsp;&nbsp;dataclasses_descriptors</th>
<th class="column col2 partially-conformant"><div class="hover-text">Partial<span class="tooltip-text" id="bottom" style="max-width: 400px; width: max-content; white-space: normal; word-wrap: break-word; overflow-wrap: break-word; text-align: left;"><div style='margin-bottom: 10px;'><strong>Notes:</strong><p>Does not correctly evaluate type of descriptor access.</p></div><div><strong>Errors Diff:</strong><br><pre style='margin: 5px 0; font-size: 0.9em; white-space: pre-wrap; word-wrap: break-word; overflow-wrap: break-word;'>Line 66: Unexpected errors ['dataclasses_descriptors.py:66: error: Expression is of type "Desc2[int]", not "int"  [assert-type]']<br>Line 67: Unexpected errors ['dataclasses_descriptors.py:67: error: Expression is of type "Desc2[str]", not "str"  [assert-type]']</pre></div></span></div></th>
<th class="column col2 conformant">Pass</th>
<th class="column col2 conformant">Pass</th>
<th class="column col2 not-conformant"><div class="hover-text">Unknown (0f-/6f+)<span class="tooltip-text" id="bottom" style="max-width: 400px; width: max-content; white-space: normal; word-wrap: break-word; overflow-wrap: break-word; text-align: left;"><div><strong>Errors Diff:</strong><br><pre style='margin: 5px 0; font-size: 0.9em; white-space: pre-wrap; word-wrap: break-word; overflow-wrap: break-word;'>Line 32: Unexpected errors ['Cannot set field `y` to data descriptor `Desc1` with inconsistent types [bad-class-definition]']<br>Line 58: Unexpected errors ['Cannot set field `z` to non-data descriptor `Desc2` [bad-class-definition]']<br>Line 61: Unexpected errors ['assert_type(Desc2[int], list[int]) failed [assert-type]']<br>Line 62: Unexpected errors ['assert_type(Desc2[str], list[str]) failed [assert-type]']<br>Line 66: Unexpected errors ['assert_type(Desc2[int], int) failed [assert-type]']<br>Line 67: Unexpected errors ['assert_type(Desc2[str], str) failed [assert-type]']</pre></div></span></div></th>
<th class="column col2 not-conformant"><div class="hover-text">Unknown (0f-/2f+)<span class="tooltip-text" id="bottom" style="max-width: 400px; width: max-content; white-space: normal; word-wrap: break-word; overflow-wrap: break-word; text-align: left;"><div><strong>Errors Diff:</strong><br><pre style='margin: 5px 0; font-size: 0.9em; white-space: pre-wrap; word-wrap: break-word; overflow-wrap: break-word;'>Line 66: Unexpected errors ['dataclasses_descriptors.py:66:1: error[type-assertion-failure] Type `int` does not match asserted type `int | Desc2[int]`']<br>Line 67: Unexpected errors ['dataclasses_descriptors.py:67:1: error[type-assertion-failure] Type `str` does not match asserted type `str | Desc2[str]`']</pre></div></span></div></th>
</tr>
<tr><th class="column col1">&nbsp;&nbsp;&nbsp;&nbsp;&nbsp;dataclasses_final</th>
<th class="column col2 partially-conformant"><div class="hover-text">Partial<span class="tooltip-text" id="bottom" style="max-width: 400px; width: max-content; white-space: normal; word-wrap: break-word; overflow-wrap: break-word; text-align: left;"><div style='margin-bottom: 10px;'><strong>Notes:</strong><p>Wrongly requires a Final dataclass field to be initialized at class level.</p><p>Doesn't support Final nested inside ClassVar.</p></div><div><strong>Errors Diff:</strong><br><pre style='margin: 5px 0; font-size: 0.9em; white-space: pre-wrap; word-wrap: break-word; overflow-wrap: break-word;'>Line 27: Expected 1 errors<br>Line 16: Unexpected errors ['dataclasses_final.py:16: error: Final name must be initialized with a value  [misc]']<br>Line 18: Unexpected errors ['dataclasses_final.py:18: error: Final can be only used as an outermost qualifier in a variable annotation  [valid-type]']<br>Line 24: Unexpected errors ['dataclasses_final.py:24: error: Expression is of type "Any", not "int"  [assert-type]']</pre></div></span></div></th>
<th class="column col2 conformant">Pass</th>
<th class="column col2 conformant">Pass</th>
<th class="column col2 conformant">Pass</th>
<th class="column col2 conformant">Pass</th>
</tr>
<tr><th class="column col1">&nbsp;&nbsp;&nbsp;&nbsp;&nbsp;dataclasses_frozen</th>
<th class="column col2 conformant">Pass</th>
<th class="column col2 conformant">Pass</th>
<th class="column col2 conformant">Pass</th>
<th class="column col2 conformant">Pass</th>
<th class="column col2 conformant">Pass</th>
</tr>
<tr><th class="column col1">&nbsp;&nbsp;&nbsp;&nbsp;&nbsp;dataclasses_hash</th>
<th class="column col2 partially-conformant"><div class="hover-text">Partial<span class="tooltip-text" id="bottom" style="max-width: 400px; width: max-content; white-space: normal; word-wrap: break-word; overflow-wrap: break-word; text-align: left;"><div style='margin-bottom: 10px;'><strong>Notes:</strong><p>Does not report when dataclass is not compatible with Hashable protocol.</p></div><div><strong>Errors Diff:</strong><br><pre style='margin: 5px 0; font-size: 0.9em; white-space: pre-wrap; word-wrap: break-word; overflow-wrap: break-word;'>Line 15: Expected 1 errors<br>Line 32: Expected 1 errors</pre></div></span></div></th>
<th class="column col2 conformant">Pass</th>
<th class="column col2 conformant">Pass</th>
<th class="column col2 conformant">Pass</th>
<th class="column col2 not-conformant"><div class="hover-text">Unknown (2f-/0f+)<span class="tooltip-text" id="bottom" style="max-width: 400px; width: max-content; white-space: normal; word-wrap: break-word; overflow-wrap: break-word; text-align: left;"><div><strong>Errors Diff:</strong><br><pre style='margin: 5px 0; font-size: 0.9em; white-space: pre-wrap; word-wrap: break-word; overflow-wrap: break-word;'>Line 15: Expected 1 errors<br>Line 32: Expected 1 errors</pre></div></span></div></th>
</tr>
<tr><th class="column col1">&nbsp;&nbsp;&nbsp;&nbsp;&nbsp;dataclasses_inheritance</th>
<th class="column col2 conformant">Pass</th>
<th class="column col2 conformant">Pass</th>
<th class="column col2 conformant">Pass</th>
<th class="column col2 conformant">Pass</th>
<th class="column col2 not-conformant"><div class="hover-text">Unknown (2f-/0f+)<span class="tooltip-text" id="bottom" style="max-width: 400px; width: max-content; white-space: normal; word-wrap: break-word; overflow-wrap: break-word; text-align: left;"><div><strong>Errors Diff:</strong><br><pre style='margin: 5px 0; font-size: 0.9em; white-space: pre-wrap; word-wrap: break-word; overflow-wrap: break-word;'>Line 62: Expected 1 errors<br>Line 66: Expected 1 errors</pre></div></span></div></th>
</tr>
<tr><th class="column col1">&nbsp;&nbsp;&nbsp;&nbsp;&nbsp;dataclasses_kwonly</th>
<th class="column col2 conformant">Pass</th>
<th class="column col2 conformant">Pass</th>
<th class="column col2 conformant">Pass</th>
<th class="column col2 conformant">Pass</th>
<th class="column col2 conformant">Pass</th>
</tr>
<tr><th class="column col1">&nbsp;&nbsp;&nbsp;&nbsp;&nbsp;dataclasses_match_args</th>
<th class="column col2 conformant">Pass</th>
<th class="column col2 conformant">Pass</th>
<th class="column col2 conformant">Pass</th>
<th class="column col2 conformant">Pass</th>
<th class="column col2 not-conformant"><div class="hover-text">Unknown (0f-/1f+)<span class="tooltip-text" id="bottom" style="max-width: 400px; width: max-content; white-space: normal; word-wrap: break-word; overflow-wrap: break-word; text-align: left;"><div><strong>Errors Diff:</strong><br><pre style='margin: 5px 0; font-size: 0.9em; white-space: pre-wrap; word-wrap: break-word; overflow-wrap: break-word;'>Line 49: Unexpected errors ['dataclasses_match_args.py:49:1: error[type-assertion-failure] Type `tuple[()]` does not match asserted type `Unknown | tuple[()]`']</pre></div></span></div></th>
</tr>
<tr><th class="column col1">&nbsp;&nbsp;&nbsp;&nbsp;&nbsp;dataclasses_order</th>
<th class="column col2 conformant">Pass</th>
<th class="column col2 conformant">Pass</th>
<th class="column col2 conformant">Pass</th>
<th class="column col2 conformant">Pass</th>
<th class="column col2 conformant">Pass</th>
</tr>
<tr><th class="column col1">&nbsp;&nbsp;&nbsp;&nbsp;&nbsp;dataclasses_postinit</th>
<th class="column col2 conformant">Pass</th>
<th class="column col2 conformant">Pass</th>
<th class="column col2 conformant">Pass</th>
<th class="column col2 conformant">Pass</th>
<th class="column col2 conformant">Pass</th>
</tr>
<tr><th class="column col1">&nbsp;&nbsp;&nbsp;&nbsp;&nbsp;dataclasses_slots</th>
<th class="column col2 partially-conformant"><div class="hover-text">Partial<span class="tooltip-text" id="bottom" style="max-width: 400px; width: max-content; white-space: normal; word-wrap: break-word; overflow-wrap: break-word; text-align: left;"><div style='margin-bottom: 10px;'><strong>Notes:</strong><p>Does not reject write to instance variable that is not defined in __slots__.</p></div><div><strong>Errors Diff:</strong><br><pre style='margin: 5px 0; font-size: 0.9em; white-space: pre-wrap; word-wrap: break-word; overflow-wrap: break-word;'>Line 25: Expected 1 errors<br>Line 38: Expected 1 errors</pre></div></span></div></th>
<th class="column col2 conformant">Pass</th>
<th class="column col2 conformant">Pass</th>
<th class="column col2 not-conformant"><div class="hover-text">Unknown (2f-/0f+)<span class="tooltip-text" id="bottom" style="max-width: 400px; width: max-content; white-space: normal; word-wrap: break-word; overflow-wrap: break-word; text-align: left;"><div><strong>Errors Diff:</strong><br><pre style='margin: 5px 0; font-size: 0.9em; white-space: pre-wrap; word-wrap: break-word; overflow-wrap: break-word;'>Line 25: Expected 1 errors<br>Line 38: Expected 1 errors</pre></div></span></div></th>
<th class="column col2 not-conformant"><div class="hover-text">Unknown (3f-/0f+)<span class="tooltip-text" id="bottom" style="max-width: 400px; width: max-content; white-space: normal; word-wrap: break-word; overflow-wrap: break-word; text-align: left;"><div><strong>Errors Diff:</strong><br><pre style='margin: 5px 0; font-size: 0.9em; white-space: pre-wrap; word-wrap: break-word; overflow-wrap: break-word;'>Line 25: Expected 1 errors<br>Line 38: Expected 1 errors<br>Lines 10, 11: Expected error (tag 'DC1')</pre></div></span></div></th>
</tr>
<tr><th class="column col1">&nbsp;&nbsp;&nbsp;&nbsp;&nbsp;dataclasses_transform_class</th>
<th class="column col2 conformant">Pass</th>
<th class="column col2 conformant">Pass</th>
<th class="column col2 conformant">Pass</th>
<th class="column col2 conformant">Pass</th>
<th class="column col2 not-conformant"><div class="hover-text">Unknown (1f-/0f+)<span class="tooltip-text" id="bottom" style="max-width: 400px; width: max-content; white-space: normal; word-wrap: break-word; overflow-wrap: break-word; text-align: left;"><div><strong>Errors Diff:</strong><br><pre style='margin: 5px 0; font-size: 0.9em; white-space: pre-wrap; word-wrap: break-word; overflow-wrap: break-word;'>Line 51: Expected 1 errors</pre></div></span></div></th>
</tr>
<tr><th class="column col1">&nbsp;&nbsp;&nbsp;&nbsp;&nbsp;dataclasses_transform_converter</th>
<th class="column col2 not-conformant"><div class="hover-text">Unsupported<span class="tooltip-text" id="bottom" style="max-width: 400px; width: max-content; white-space: normal; word-wrap: break-word; overflow-wrap: break-word; text-align: left;"><div style='margin-bottom: 10px;'><strong>Notes:</strong><p>Converter parameter not yet supported.</p></div><div><strong>Errors Diff:</strong><br><pre style='margin: 5px 0; font-size: 0.9em; white-space: pre-wrap; word-wrap: break-word; overflow-wrap: break-word;'>Line 118: Expected 1 errors<br>Line 112: Unexpected errors ['dataclasses_transform_converter.py:112: error: Argument 1 to "DC2" has incompatible type "str"; expected "int"  [arg-type]', 'dataclasses_transform_converter.py:112: error: Argument 2 to "DC2" has incompatible type "str"; expected "int"  [arg-type]', 'dataclasses_transform_converter.py:112: error: Argument 3 to "DC2" has incompatible type "str"; expected "int"  [arg-type]', 'dataclasses_transform_converter.py:112: error: Argument 4 to "DC2" has incompatible type "bytes"; expected "ConverterClass"  [arg-type]', 'dataclasses_transform_converter.py:112: error: Argument 5 to "DC2" has incompatible type "list[Never]"; expected "int"  [arg-type]']<br>Line 114: Unexpected errors ['dataclasses_transform_converter.py:114: error: Incompatible types in assignment (expression has type "str", variable has type "int")  [assignment]']<br>Line 115: Unexpected errors ['dataclasses_transform_converter.py:115: error: Incompatible types in assignment (expression has type "str", variable has type "ConverterClass")  [assignment]']<br>Line 116: Unexpected errors ['dataclasses_transform_converter.py:116: error: Incompatible types in assignment (expression has type "bytes", variable has type "ConverterClass")  [assignment]']<br>Line 121: Unexpected errors ['dataclasses_transform_converter.py:121: error: Argument 1 to "DC2" has incompatible type "str"; expected "int"  [arg-type]', 'dataclasses_transform_converter.py:121: error: Argument 2 to "DC2" has incompatible type "str"; expected "int"  [arg-type]', 'dataclasses_transform_converter.py:121: error: Argument 3 to "DC2" has incompatible type "str"; expected "int"  [arg-type]', 'dataclasses_transform_converter.py:121: error: Argument 4 to "DC2" has incompatible type "str"; expected "ConverterClass"  [arg-type]', 'dataclasses_transform_converter.py:121: error: Argument 5 to "DC2" has incompatible type "str"; expected "int"  [arg-type]', 'dataclasses_transform_converter.py:121: error: Argument 6 to "DC2" has incompatible type "tuple[tuple[str, str], tuple[str, str]]"; expected "dict[str, str]"  [arg-type]']</pre></div></span></div></th>
<th class="column col2 conformant">Pass</th>
<th class="column col2 conformant">Pass</th>
<th class="column col2 conformant">Pass</th>
<th class="column col2 not-conformant"><div class="hover-text">Unknown (6f-/8f+)<span class="tooltip-text" id="bottom" style="max-width: 400px; width: max-content; white-space: normal; word-wrap: break-word; overflow-wrap: break-word; text-align: left;"><div><strong>Errors Diff:</strong><br><pre style='margin: 5px 0; font-size: 0.9em; white-space: pre-wrap; word-wrap: break-word; overflow-wrap: break-word;'>Line 118: Expected 1 errors<br>Line 102: Unexpected errors ["dataclasses_transform_converter.py:102:42: error[invalid-argument-type] Argument to function `model_field` is incorrect: Expected `(str | bytes, /) -> ConverterClass`, found `<class 'ConverterClass'>`"]<br>Line 103: Unexpected errors ['dataclasses_transform_converter.py:103:31: error[invalid-argument-type] Argument to function `model_field` is incorrect: Expected `(str | list[str], /) -> int`, found `Overload[(s: str) -> int, (s: list[str]) -> int]`']<br>Line 104: Unexpected errors ['dataclasses_transform_converter.py:104:30: error[invalid-assignment] Object of type `dict[str, str] | dict[bytes, bytes]` is not assignable to `dict[str, str]`', "dataclasses_transform_converter.py:104:42: error[invalid-argument-type] Argument to function `model_field` is incorrect: Expected `(Iterable[list[str]] | Iterable[list[bytes]], /) -> dict[str, str] | dict[bytes, bytes]`, found `<class 'dict'>`"]<br>Line 112: Unexpected errors ['dataclasses_transform_converter.py:112:11: error[invalid-argument-type] Argument is incorrect: Expected `int`, found `Literal["f0"]`', 'dataclasses_transform_converter.py:112:17: error[invalid-argument-type] Argument is incorrect: Expected `int`, found `Literal["f1"]`', 'dataclasses_transform_converter.py:112:23: error[invalid-argument-type] Argument is incorrect: Expected `int`, found `Literal["f2"]`', 'dataclasses_transform_converter.py:112:29: error[invalid-argument-type] Argument is incorrect: Expected `ConverterClass`, found `Literal[b"f6"]`', 'dataclasses_transform_converter.py:112:36: error[invalid-argument-type] Argument is incorrect: Expected `int`, found `list[Unknown]`']<br>Line 114: Unexpected errors ['dataclasses_transform_converter.py:114:1: error[invalid-assignment] Object of type `Literal["f1"]` is not assignable to attribute `field0` of type `int`']<br>Line 115: Unexpected errors ['dataclasses_transform_converter.py:115:1: error[invalid-assignment] Object of type `Literal["f6"]` is not assignable to attribute `field3` of type `ConverterClass`']<br>Line 116: Unexpected errors ['dataclasses_transform_converter.py:116:1: error[invalid-assignment] Object of type `Literal[b"f6"]` is not assignable to attribute `field3` of type `ConverterClass`']<br>Line 121: Unexpected errors ['dataclasses_transform_converter.py:121:11: error[invalid-argument-type] Argument is incorrect: Expected `int`, found `Literal["f0"]`', 'dataclasses_transform_converter.py:121:17: error[invalid-argument-type] Argument is incorrect: Expected `int`, found `Literal["f1"]`', 'dataclasses_transform_converter.py:121:23: error[invalid-argument-type] Argument is incorrect: Expected `int`, found `Literal["f2"]`', 'dataclasses_transform_converter.py:121:29: error[invalid-argument-type] Argument is incorrect: Expected `ConverterClass`, found `Literal["f6"]`', 'dataclasses_transform_converter.py:121:35: error[invalid-argument-type] Argument is incorrect: Expected `int`, found `Literal["1"]`', 'dataclasses_transform_converter.py:121:40: error[invalid-argument-type] Argument is incorrect: Expected `dict[str, str]`, found `tuple[tuple[Literal["a"], Literal["1"]], tuple[Literal["b"], Literal["2"]]]`']</pre></div></span></div></th>
</tr>
<tr><th class="column col1">&nbsp;&nbsp;&nbsp;&nbsp;&nbsp;dataclasses_transform_field</th>
<th class="column col2 partially-conformant"><div class="hover-text">Partial<span class="tooltip-text" id="bottom" style="max-width: 400px; width: max-content; white-space: normal; word-wrap: break-word; overflow-wrap: break-word; text-align: left;"><div style='margin-bottom: 10px;'><strong>Notes:</strong><p>Does not properly handle field constructor that has default value for `kw_only` or `init` parameter.</p></div><div><strong>Errors Diff:</strong><br><pre style='margin: 5px 0; font-size: 0.9em; white-space: pre-wrap; word-wrap: break-word; overflow-wrap: break-word;'>Line 77: Unexpected errors ['dataclasses_transform_field.py:77: error: Missing named argument "id" for "CustomerModel2"  [call-arg]']</pre></div></span></div></th>
<th class="column col2 conformant">Pass</th>
<th class="column col2 conformant">Pass</th>
<th class="column col2 conformant">Pass</th>
<th class="column col2 conformant">Pass</th>
</tr>
<tr><th class="column col1">&nbsp;&nbsp;&nbsp;&nbsp;&nbsp;dataclasses_transform_func</th>
<th class="column col2 partially-conformant"><div class="hover-text">Partial<span class="tooltip-text" id="bottom" style="max-width: 400px; width: max-content; white-space: normal; word-wrap: break-word; overflow-wrap: break-word; text-align: left;"><div style='margin-bottom: 10px;'><strong>Notes:</strong><p>Does not handle `kw_only=False` override when `kw_only_default=True`.</p><p>Does not report error when `order=False` and comparison operators are used.</p></div><div><strong>Errors Diff:</strong><br><pre style='margin: 5px 0; font-size: 0.9em; white-space: pre-wrap; word-wrap: break-word; overflow-wrap: break-word;'>Line 60: Expected 1 errors<br>Line 52: Unexpected errors ['dataclasses_transform_func.py:52: error: Too many positional arguments for "Customer1"  [misc]']</pre></div></span></div></th>
<th class="column col2 conformant">Pass</th>
<th class="column col2 conformant">Pass</th>
<th class="column col2 conformant">Pass</th>
<th class="column col2 conformant">Pass</th>
</tr>
<tr><th class="column col1">&nbsp;&nbsp;&nbsp;&nbsp;&nbsp;dataclasses_transform_meta</th>
<th class="column col2 conformant">Pass</th>
<th class="column col2 conformant">Pass</th>
<th class="column col2 conformant">Pass</th>
<th class="column col2 conformant">Pass</th>
<th class="column col2 not-conformant"><div class="hover-text">Unknown (1f-/0f+)<span class="tooltip-text" id="bottom" style="max-width: 400px; width: max-content; white-space: normal; word-wrap: break-word; overflow-wrap: break-word; text-align: left;"><div><strong>Errors Diff:</strong><br><pre style='margin: 5px 0; font-size: 0.9em; white-space: pre-wrap; word-wrap: break-word; overflow-wrap: break-word;'>Line 51: Expected 1 errors</pre></div></span></div></th>
</tr>
<tr><th class="column col1">&nbsp;&nbsp;&nbsp;&nbsp;&nbsp;dataclasses_usage</th>
<th class="column col2 conformant"><div class="hover-text">Pass*<span class="tooltip-text" id="bottom" style="max-width: 400px; width: max-content; white-space: normal; word-wrap: break-word; overflow-wrap: break-word; text-align: left;"><div style='margin-bottom: 10px;'><strong>Notes:</strong><p>Does not detect unannotated usage of `dataclasses.field()`.</p></div></span></div></th>
<th class="column col2 conformant">Pass</th>
<th class="column col2 conformant">Pass</th>
<th class="column col2 conformant">Pass</th>
<th class="column col2 conformant">Pass</th>
</tr>
<tr><th class="column" colspan="6">
<a class="test_group" href="https://typing.readthedocs.io/en/latest/spec/typeddict.html">Typed dictionaries</a>
</th></tr>
<tr><th class="column col1">&nbsp;&nbsp;&nbsp;&nbsp;&nbsp;typeddicts_alt_syntax</th>
<th class="column col2 conformant"><div class="hover-text">Pass*<span class="tooltip-text" id="bottom" style="max-width: 400px; width: max-content; white-space: normal; word-wrap: break-word; overflow-wrap: break-word; text-align: left;"><div style='margin-bottom: 10px;'><strong>Notes:</strong><p>Does not support keyword-argument form of alternative syntax (deprecated in 3.11).</p></div></span></div></th>
<th class="column col2 conformant">Pass</th>
<th class="column col2 conformant">Pass</th>
<th class="column col2 conformant">Pass</th>
<th class="column col2 not-conformant"><div class="hover-text">Unknown (4f-/0f+)<span class="tooltip-text" id="bottom" style="max-width: 400px; width: max-content; white-space: normal; word-wrap: break-word; overflow-wrap: break-word; text-align: left;"><div><strong>Errors Diff:</strong><br><pre style='margin: 5px 0; font-size: 0.9em; white-space: pre-wrap; word-wrap: break-word; overflow-wrap: break-word;'>Line 23: Expected 1 errors<br>Line 27: Expected 1 errors<br>Line 31: Expected 1 errors<br>Line 35: Expected 1 errors</pre></div></span></div></th>
</tr>
<tr><th class="column col1">&nbsp;&nbsp;&nbsp;&nbsp;&nbsp;typeddicts_class_syntax</th>
<th class="column col2 conformant">Pass</th>
<th class="column col2 conformant">Pass</th>
<th class="column col2 conformant">Pass</th>
<th class="column col2 conformant">Pass</th>
<th class="column col2 conformant">Pass</th>
</tr>
<tr><th class="column col1">&nbsp;&nbsp;&nbsp;&nbsp;&nbsp;typeddicts_extra_items</th>
<th class="column col2 not-conformant"><div class="hover-text">Unsupported<span class="tooltip-text" id="bottom" style="max-width: 400px; width: max-content; white-space: normal; word-wrap: break-word; overflow-wrap: break-word; text-align: left;"><div style='margin-bottom: 10px;'><strong>Notes:</strong><p>Not supported.</p></div><div><strong>Errors Diff:</strong><br><pre style='margin: 5px 0; font-size: 0.9em; white-space: pre-wrap; word-wrap: break-word; overflow-wrap: break-word;'>Line 215: Expected 1 errors<br>Line 222: Expected 1 errors<br>Line 242: Expected 1 errors<br>Line 256: Expected 1 errors<br>Line 257: Expected 1 errors<br>Line 268: Expected 1 errors<br>Lines 91, 92: Expected error (tag 'MovieC')<br>Lines 94, 95: Expected error (tag 'MovieD')<br>Lines 184, 185: Expected error (tag 'MovieRequiredYear')<br>Lines 187, 188: Expected error (tag 'MovieNotRequiredYear')<br>Lines 196, 197: Expected error (tag 'BookWithPublisher')<br>Line 11: Unexpected errors ['typeddicts_extra_items.py:11: error: Unexpected keyword argument "extra_items" for "__init_subclass__" of "TypedDict"  [call-arg]']<br>Line 14: Unexpected errors ['typeddicts_extra_items.py:14: error: Extra key "novel_adaptation" for TypedDict "Movie"  [typeddict-unknown-key]']<br>Line 19: Unexpected errors ['typeddicts_extra_items.py:19: error: Unexpected keyword argument "extra_items" for "TypedDict"  [misc]']<br>Line 21: Unexpected errors ['typeddicts_extra_items.py:21: error: Extra keys ("name", "novel_adaptation") for TypedDict "MovieFunctional"  [typeddict-unknown-key]']<br>Line 29: Unexpected errors ['typeddicts_extra_items.py:29: error: Expression is of type "Any", not "bool"  [assert-type]', 'typeddicts_extra_items.py:29: error: TypedDict "Movie" has no key "novel_adaptation"  [typeddict-item]']<br>Line 33: Unexpected errors ['typeddicts_extra_items.py:33: error: Unexpected keyword argument "extra_items" for "__init_subclass__" of "TypedDict"  [call-arg]']<br>Line 40: Unexpected errors ['typeddicts_extra_items.py:40: error: Extra key "other_extra_key" for TypedDict "InheritedMovie"  [typeddict-unknown-key]']<br>Line 55: Unexpected errors ['typeddicts_extra_items.py:55: error: Unexpected keyword argument "closed" for "__init_subclass__" of "TypedDict"  [call-arg]']<br>Line 64: Unexpected errors ['typeddicts_extra_items.py:64: error: Unexpected keyword argument "closed" for "__init_subclass__" of "TypedDict"  [call-arg]']<br>Line 70: Unexpected errors ['typeddicts_extra_items.py:70: error: Unexpected keyword argument "extra_items" for "__init_subclass__" of "TypedDict"  [call-arg]']<br>Line 82: Unexpected errors ['typeddicts_extra_items.py:82: error: Unexpected keyword argument "closed" for "__init_subclass__" of "TypedDict"  [call-arg]']<br>Line 88: Unexpected errors ['typeddicts_extra_items.py:88: error: Unexpected keyword argument "closed" for "__init_subclass__" of "TypedDict"  [call-arg]']<br>Line 100: Unexpected errors ['typeddicts_extra_items.py:100: error: Unexpected keyword argument "extra_items" for "__init_subclass__" of "TypedDict"  [call-arg]']<br>Line 103: Unexpected errors ['typeddicts_extra_items.py:103: error: Unexpected keyword argument "closed" for "__init_subclass__" of "TypedDict"  [call-arg]']<br>Line 106: Unexpected errors ['typeddicts_extra_items.py:106: error: Unexpected keyword argument "extra_items" for "__init_subclass__" of "TypedDict"  [call-arg]']<br>Line 124: Unexpected errors ['typeddicts_extra_items.py:124: error: Unexpected keyword argument "extra_items" for "__init_subclass__" of "TypedDict"  [call-arg]']<br>Line 129: Unexpected errors ['typeddicts_extra_items.py:129: error: TypedDict "MovieEI" has no key "year"  [typeddict-item]']<br>Line 137: Unexpected errors ['typeddicts_extra_items.py:137: error: Unexpected keyword argument "extra_items" for "__init_subclass__" of "TypedDict"  [call-arg]']<br>Line 144: Unexpected errors ['typeddicts_extra_items.py:144: error: Unexpected keyword argument "year" for "unpack_extra"  [call-arg]']<br>Line 149: Unexpected errors ['typeddicts_extra_items.py:149: error: Unexpected keyword argument "extra_items" for "__init_subclass__" of "TypedDict"  [call-arg]']<br>Line 152: Unexpected errors ['typeddicts_extra_items.py:152: error: Unexpected keyword argument "extra_items" for "__init_subclass__" of "TypedDict"  [call-arg]']<br>Line 155: Unexpected errors ['typeddicts_extra_items.py:155: error: Unexpected keyword argument "extra_items" for "__init_subclass__" of "TypedDict"  [call-arg]']<br>Line 165: Unexpected errors ['typeddicts_extra_items.py:165: error: Unexpected keyword argument "extra_items" for "__init_subclass__" of "TypedDict"  [call-arg]']<br>Line 171: Unexpected errors ['typeddicts_extra_items.py:171: error: Unexpected keyword argument "extra_items" for "__init_subclass__" of "TypedDict"  [call-arg]']<br>Line 181: Unexpected errors ['typeddicts_extra_items.py:181: error: Unexpected keyword argument "extra_items" for "__init_subclass__" of "TypedDict"  [call-arg]']<br>Line 193: Unexpected errors ['typeddicts_extra_items.py:193: error: Unexpected keyword argument "extra_items" for "__init_subclass__" of "TypedDict"  [call-arg]']<br>Line 210: Unexpected errors ['typeddicts_extra_items.py:210: error: Unexpected keyword argument "extra_items" for "__init_subclass__" of "TypedDict"  [call-arg]']<br>Line 217: Unexpected errors ['typeddicts_extra_items.py:217: error: Unexpected keyword argument "extra_items" for "__init_subclass__" of "TypedDict"  [call-arg]']<br>Line 228: Unexpected errors ['typeddicts_extra_items.py:228: error: Unexpected keyword argument "extra_items" for "__init_subclass__" of "TypedDict"  [call-arg]']<br>Line 231: Unexpected errors ['typeddicts_extra_items.py:231: error: Unexpected keyword argument "extra_items" for "__init_subclass__" of "TypedDict"  [call-arg]']<br>Line 235: Unexpected errors ['typeddicts_extra_items.py:235: error: Unexpected keyword argument "extra_items" for "__init_subclass__" of "TypedDict"  [call-arg]']<br>Line 248: Unexpected errors ['typeddicts_extra_items.py:248: error: Unexpected keyword argument "extra_items" for "__init_subclass__" of "TypedDict"  [call-arg]']<br>Line 251: Unexpected errors ['typeddicts_extra_items.py:251: error: Unexpected keyword argument "extra_items" for "__init_subclass__" of "TypedDict"  [call-arg]']<br>Line 254: Unexpected errors ['typeddicts_extra_items.py:254: error: Extra key "year" for TypedDict "MovieExtraInt"  [typeddict-unknown-key]']<br>Line 255: Unexpected errors ['typeddicts_extra_items.py:255: error: Extra key "description" for TypedDict "MovieExtraStr"  [typeddict-unknown-key]']<br>Line 266: Unexpected errors ['typeddicts_extra_items.py:266: error: Extra key "year" for TypedDict "MovieExtraInt"  [typeddict-unknown-key]']<br>Line 280: Unexpected errors ['typeddicts_extra_items.py:280: error: Unexpected keyword argument "extra_items" for "__init_subclass__" of "TypedDict"  [call-arg]']<br>Line 284: Unexpected errors ['typeddicts_extra_items.py:284: error: Extra key "year" for TypedDict "ExtraMovie"  [typeddict-unknown-key]']<br>Line 289: Unexpected errors ['typeddicts_extra_items.py:289: error: Unexpected keyword argument "closed" for "__init_subclass__" of "TypedDict"  [call-arg]']<br>Line 299: Unexpected errors ['typeddicts_extra_items.py:299: error: Extra key "summary" for TypedDict "MovieExtraStr"  [typeddict-unknown-key]']<br>Line 300: Unexpected errors ['typeddicts_extra_items.py:300: error: Incompatible types in assignment (expression has type "MovieExtraStr", variable has type "Mapping[str, str]")  [assignment]']<br>Line 302: Unexpected errors ['typeddicts_extra_items.py:302: error: Extra key "year" for TypedDict "MovieExtraInt"  [typeddict-unknown-key]']<br>Line 304: Unexpected errors ['typeddicts_extra_items.py:304: error: Incompatible types in assignment (expression has type "MovieExtraInt", variable has type "Mapping[str, int | str]")  [assignment]']<br>Line 310: Unexpected errors ['typeddicts_extra_items.py:310: error: Expression is of type "list[tuple[str, object]]", not "list[tuple[str, int | str]]"  [assert-type]']<br>Line 311: Unexpected errors ['typeddicts_extra_items.py:311: error: Expression is of type "list[object]", not "list[int | str]"  [assert-type]']<br>Line 319: Unexpected errors ['typeddicts_extra_items.py:319: error: Unexpected keyword argument "extra_items" for "__init_subclass__" of "TypedDict"  [call-arg]']<br>Line 326: Unexpected errors ['typeddicts_extra_items.py:326: error: Incompatible types in assignment (expression has type "IntDict", variable has type "dict[str, int]")  [assignment]']<br>Line 329: Unexpected errors ['typeddicts_extra_items.py:329: error: Extra key "bar" for TypedDict "IntDictWithNum"  [typeddict-unknown-key]']<br>Line 330: Unexpected errors ['typeddicts_extra_items.py:330: error: Incompatible types in assignment (expression has type "IntDictWithNum", variable has type "dict[str, int]")  [assignment]']<br>Line 337: Unexpected errors ['typeddicts_extra_items.py:337: error: "IntDictWithNum" has no attribute "clear"  [attr-defined]']<br>Line 339: Unexpected errors ['typeddicts_extra_items.py:339: error: Expression is of type "Any", not "tuple[str, int]"  [assert-type]', 'typeddicts_extra_items.py:339: error: "IntDictWithNum" has no attribute "popitem"  [attr-defined]']<br>Line 342: Unexpected errors ['typeddicts_extra_items.py:342: error: TypedDict key must be a string literal; expected one of ("num")  [literal-required]']<br>Line 343: Unexpected errors ['typeddicts_extra_items.py:343: error: Expected TypedDict key to be string literal  [misc]']</pre></div></span></div></th>
<th class="column col2 conformant">Pass</th>
<th class="column col2 conformant">Pass</th>
<th class="column col2 conformant">Pass</th>
<th class="column col2 not-conformant"><div class="hover-text">Unknown (20f-/21f+)<span class="tooltip-text" id="bottom" style="max-width: 400px; width: max-content; white-space: normal; word-wrap: break-word; overflow-wrap: break-word; text-align: left;"><div><strong>Errors Diff:</strong><br><pre style='margin: 5px 0; font-size: 0.9em; white-space: pre-wrap; word-wrap: break-word; overflow-wrap: break-word;'>Line 22: Expected 1 errors<br>Line 49: Expected 1 errors<br>Line 67: Expected 1 errors<br>Line 73: Expected 1 errors<br>Line 109: Expected 1 errors<br>Line 114: Expected 1 errors<br>Line 117: Expected 1 errors<br>Line 143: Expected 1 errors<br>Line 174: Expected 1 errors<br>Line 215: Expected 1 errors<br>Line 222: Expected 1 errors<br>Line 242: Expected 1 errors<br>Line 256: Expected 1 errors<br>Line 257: Expected 1 errors<br>Line 268: Expected 1 errors<br>Lines 91, 92: Expected error (tag 'MovieC')<br>Lines 94, 95: Expected error (tag 'MovieD')<br>Lines 184, 185: Expected error (tag 'MovieRequiredYear')<br>Lines 187, 188: Expected error (tag 'MovieNotRequiredYear')<br>Lines 196, 197: Expected error (tag 'BookWithPublisher')<br>Line 14: Unexpected errors ['typeddicts_extra_items.py:14:37: error[invalid-key] Unknown key "novel_adaptation" for TypedDict `Movie`: Unknown key "novel_adaptation"']<br>Line 29: Unexpected errors ['typeddicts_extra_items.py:29:5: error[type-assertion-failure] Type `bool` does not match asserted type `str`', 'typeddicts_extra_items.py:29:23: error[invalid-key] Unknown key "novel_adaptation" for TypedDict `Movie`: Unknown key "novel_adaptation"']<br>Line 43: Unexpected errors ['typeddicts_extra_items.py:43:5: error[invalid-key] Unknown key "other_extra_key" for TypedDict `InheritedMovie`: Unknown key "other_extra_key"']<br>Line 129: Unexpected errors ['typeddicts_extra_items.py:129:15: error[invalid-argument-type] Cannot delete unknown key "year" from TypedDict `MovieEI`']<br>Line 254: Unexpected errors ['typeddicts_extra_items.py:254:63: error[invalid-key] Unknown key "year" for TypedDict `MovieExtraInt`: Unknown key "year"']<br>Line 255: Unexpected errors ['typeddicts_extra_items.py:255:63: error[invalid-key] Unknown key "description" for TypedDict `MovieExtraStr`: Unknown key "description"']<br>Line 266: Unexpected errors ['typeddicts_extra_items.py:266:64: error[invalid-key] Unknown key "year" for TypedDict `MovieExtraInt`: Unknown key "year"']<br>Line 284: Unexpected errors ['typeddicts_extra_items.py:284:43: error[invalid-key] Unknown key "year" for TypedDict `ExtraMovie`: Unknown key "year"']<br>Line 299: Unexpected errors ['typeddicts_extra_items.py:299:54: error[invalid-key] Unknown key "summary" for TypedDict `MovieExtraStr`: Unknown key "summary"']<br>Line 300: Unexpected errors ['typeddicts_extra_items.py:300:34: error[invalid-assignment] Object of type `MovieExtraStr` is not assignable to `Mapping[str, str]`']<br>Line 302: Unexpected errors ['typeddicts_extra_items.py:302:54: error[invalid-key] Unknown key "year" for TypedDict `MovieExtraInt`: Unknown key "year"']<br>Line 304: Unexpected errors ['typeddicts_extra_items.py:304:44: error[invalid-assignment] Object of type `MovieExtraInt` is not assignable to `Mapping[str, int | str]`']<br>Line 310: Unexpected errors ['typeddicts_extra_items.py:310:5: error[type-assertion-failure] Type `list[tuple[str, int | str]]` does not match asserted type `list[tuple[str, object]]`']<br>Line 311: Unexpected errors ['typeddicts_extra_items.py:311:5: error[type-assertion-failure] Type `list[int | str]` does not match asserted type `list[object]`']<br>Line 326: Unexpected errors ['typeddicts_extra_items.py:326:25: error[invalid-assignment] Object of type `IntDict` is not assignable to `dict[str, int]`']<br>Line 329: Unexpected errors ['typeddicts_extra_items.py:329:52: error[invalid-key] Unknown key "bar" for TypedDict `IntDictWithNum` - did you mean "num"?']<br>Line 330: Unexpected errors ['typeddicts_extra_items.py:330:32: error[invalid-assignment] Object of type `IntDictWithNum` is not assignable to `dict[str, int]`']<br>Line 337: Unexpected errors ['typeddicts_extra_items.py:337:1: error[unresolved-attribute] Object of type `IntDictWithNum` has no attribute `clear`']<br>Line 339: Unexpected errors ['typeddicts_extra_items.py:339:1: error[type-assertion-failure] Type `tuple[str, int]` does not match asserted type `Unknown`', 'typeddicts_extra_items.py:339:13: error[unresolved-attribute] Object of type `IntDictWithNum` has no attribute `popitem`']<br>Line 342: Unexpected errors ['typeddicts_extra_items.py:342:27: error[invalid-key] TypedDict `IntDictWithNum` can only be subscripted with a string literal key, got key of type `str`.']<br>Line 343: Unexpected errors ['typeddicts_extra_items.py:343:9: error[invalid-argument-type] Method `__delitem__` of type `(key: Literal["num"], /) -> None` cannot be called with key of type `str` on object of type `IntDictWithNum`']</pre></div></span></div></th>
</tr>
<tr><th class="column col1">&nbsp;&nbsp;&nbsp;&nbsp;&nbsp;typeddicts_final</th>
<th class="column col2 conformant">Pass</th>
<th class="column col2 conformant">Pass</th>
<th class="column col2 conformant">Pass</th>
<th class="column col2 conformant">Pass</th>
<th class="column col2 conformant">Pass</th>
</tr>
<tr><th class="column col1">&nbsp;&nbsp;&nbsp;&nbsp;&nbsp;typeddicts_inheritance</th>
<th class="column col2 conformant">Pass</th>
<th class="column col2 conformant">Pass</th>
<th class="column col2 conformant">Pass</th>
<th class="column col2 conformant">Pass</th>
<th class="column col2 not-conformant"><div class="hover-text">Unknown (2f-/0f+)<span class="tooltip-text" id="bottom" style="max-width: 400px; width: max-content; white-space: normal; word-wrap: break-word; overflow-wrap: break-word; text-align: left;"><div><strong>Errors Diff:</strong><br><pre style='margin: 5px 0; font-size: 0.9em; white-space: pre-wrap; word-wrap: break-word; overflow-wrap: break-word;'>Line 65: Expected 1 errors<br>Lines 54, 55: Expected error (tag 'Y1')</pre></div></span></div></th>
</tr>
<tr><th class="column col1">&nbsp;&nbsp;&nbsp;&nbsp;&nbsp;typeddicts_operations</th>
<th class="column col2 conformant">Pass</th>
<th class="column col2 conformant">Pass</th>
<th class="column col2 conformant">Pass</th>
<th class="column col2 conformant">Pass</th>
<th class="column col2 conformant">Pass</th>
</tr>
<tr><th class="column col1">&nbsp;&nbsp;&nbsp;&nbsp;&nbsp;typeddicts_readonly</th>
<th class="column col2 conformant">Pass</th>
<th class="column col2 conformant">Pass</th>
<th class="column col2 conformant">Pass</th>
<th class="column col2 conformant">Pass</th>
<th class="column col2 not-conformant"><div class="hover-text">Unknown (1f-/0f+)<span class="tooltip-text" id="bottom" style="max-width: 400px; width: max-content; white-space: normal; word-wrap: break-word; overflow-wrap: break-word; text-align: left;"><div><strong>Errors Diff:</strong><br><pre style='margin: 5px 0; font-size: 0.9em; white-space: pre-wrap; word-wrap: break-word; overflow-wrap: break-word;'>Line 36: Expected 1 errors</pre></div></span></div></th>
</tr>
<tr><th class="column col1">&nbsp;&nbsp;&nbsp;&nbsp;&nbsp;typeddicts_readonly_consistency</th>
<th class="column col2 conformant">Pass</th>
<th class="column col2 conformant">Pass</th>
<th class="column col2 conformant">Pass</th>
<th class="column col2 conformant">Pass</th>
<th class="column col2 conformant">Pass</th>
</tr>
<tr><th class="column col1">&nbsp;&nbsp;&nbsp;&nbsp;&nbsp;typeddicts_readonly_inheritance</th>
<th class="column col2 partially-conformant"><div class="hover-text">Partial<span class="tooltip-text" id="bottom" style="max-width: 400px; width: max-content; white-space: normal; word-wrap: break-word; overflow-wrap: break-word; text-align: left;"><div style='margin-bottom: 10px;'><strong>Notes:</strong><p>Incorrectly rejects non-ReadOnly override of ReadOnly item.</p><p>Incorrectly rejects override of ReadOnly item with another ReadOnly item with narrower type.</p><p>Incorrectly rejects override of NotRequired ReadOnly item with a Required ReadOnly item.</p></div><div><strong>Errors Diff:</strong><br><pre style='margin: 5px 0; font-size: 0.9em; white-space: pre-wrap; word-wrap: break-word; overflow-wrap: break-word;'>Line 19: Unexpected errors ['typeddicts_readonly_inheritance.py:19: error: Overwriting TypedDict field "name" while extending  [misc]']<br>Line 25: Unexpected errors ['typeddicts_readonly_inheritance.py:25: error: ReadOnly TypedDict key "name" TypedDict is mutated  [typeddict-readonly-mutated]']<br>Line 49: Unexpected errors ['typeddicts_readonly_inheritance.py:49: error: Overwriting TypedDict field "albums" while extending  [misc]']<br>Line 62: Unexpected errors ['typeddicts_readonly_inheritance.py:62: error: Overwriting TypedDict field "name" while extending  [misc]']<br>Line 76: Unexpected errors ['typeddicts_readonly_inheritance.py:76: error: Overwriting TypedDict field "ident" while extending  [misc]']<br>Line 81: Unexpected errors ['typeddicts_readonly_inheritance.py:81: error: ReadOnly TypedDict key "ident" TypedDict is mutated  [typeddict-readonly-mutated]']<br>Line 102: Unexpected errors ['typeddicts_readonly_inheritance.py:102: error: Overwriting TypedDict field "b" while extending  [misc]']</pre></div></span></div></th>
<th class="column col2 conformant">Pass</th>
<th class="column col2 conformant">Pass</th>
<th class="column col2 conformant">Pass</th>
<th class="column col2 not-conformant"><div class="hover-text">Unknown (6f-/0f+)<span class="tooltip-text" id="bottom" style="max-width: 400px; width: max-content; white-space: normal; word-wrap: break-word; overflow-wrap: break-word; text-align: left;"><div><strong>Errors Diff:</strong><br><pre style='margin: 5px 0; font-size: 0.9em; white-space: pre-wrap; word-wrap: break-word; overflow-wrap: break-word;'>Line 50: Expected 1 errors<br>Line 94: Expected 1 errors<br>Line 98: Expected 1 errors<br>Line 106: Expected 1 errors<br>Line 119: Expected 1 errors<br>Line 132: Expected 1 errors</pre></div></span></div></th>
</tr>
<tr><th class="column col1">&nbsp;&nbsp;&nbsp;&nbsp;&nbsp;typeddicts_readonly_kwargs</th>
<th class="column col2 conformant">Pass</th>
<th class="column col2 conformant">Pass</th>
<th class="column col2 conformant">Pass</th>
<th class="column col2 conformant">Pass</th>
<th class="column col2 not-conformant"><div class="hover-text">Unknown (1f-/0f+)<span class="tooltip-text" id="bottom" style="max-width: 400px; width: max-content; white-space: normal; word-wrap: break-word; overflow-wrap: break-word; text-align: left;"><div><strong>Errors Diff:</strong><br><pre style='margin: 5px 0; font-size: 0.9em; white-space: pre-wrap; word-wrap: break-word; overflow-wrap: break-word;'>Line 33: Expected 1 errors</pre></div></span></div></th>
</tr>
<tr><th class="column col1">&nbsp;&nbsp;&nbsp;&nbsp;&nbsp;typeddicts_readonly_update</th>
<th class="column col2 partially-conformant"><div class="hover-text">Partial<span class="tooltip-text" id="bottom" style="max-width: 400px; width: max-content; white-space: normal; word-wrap: break-word; overflow-wrap: break-word; text-align: left;"><div style='margin-bottom: 10px;'><strong>Notes:</strong><p>Incorrectly allows update of ReadOnly item.</p><p>Incorrectly rejects update involving an item with Never type.</p></div><div><strong>Errors Diff:</strong><br><pre style='margin: 5px 0; font-size: 0.9em; white-space: pre-wrap; word-wrap: break-word; overflow-wrap: break-word;'>Line 23: Expected 1 errors<br>Line 34: Unexpected errors ['typeddicts_readonly_update.py:34: error: Argument 1 to "update" of "TypedDict" has incompatible type "B"; expected "TypedDict({\'x\'?=: int, \'y\': int})"  [typeddict-item]']</pre></div></span></div></th>
<th class="column col2 conformant">Pass</th>
<th class="column col2 conformant">Pass</th>
<th class="column col2 conformant">Pass</th>
<th class="column col2 not-conformant"><div class="hover-text">Unknown (1f-/0f+)<span class="tooltip-text" id="bottom" style="max-width: 400px; width: max-content; white-space: normal; word-wrap: break-word; overflow-wrap: break-word; text-align: left;"><div><strong>Errors Diff:</strong><br><pre style='margin: 5px 0; font-size: 0.9em; white-space: pre-wrap; word-wrap: break-word; overflow-wrap: break-word;'>Line 23: Expected 1 errors</pre></div></span></div></th>
</tr>
<tr><th class="column col1">&nbsp;&nbsp;&nbsp;&nbsp;&nbsp;typeddicts_required</th>
<th class="column col2 conformant">Pass</th>
<th class="column col2 conformant">Pass</th>
<th class="column col2 conformant">Pass</th>
<th class="column col2 conformant">Pass</th>
<th class="column col2 not-conformant"><div class="hover-text">Unknown (3f-/0f+)<span class="tooltip-text" id="bottom" style="max-width: 400px; width: max-content; white-space: normal; word-wrap: break-word; overflow-wrap: break-word; text-align: left;"><div><strong>Errors Diff:</strong><br><pre style='margin: 5px 0; font-size: 0.9em; white-space: pre-wrap; word-wrap: break-word; overflow-wrap: break-word;'>Line 12: Expected 1 errors<br>Line 59: Expected 1 errors<br>Line 60: Expected 1 errors</pre></div></span></div></th>
</tr>
<tr><th class="column col1">&nbsp;&nbsp;&nbsp;&nbsp;&nbsp;typeddicts_type_consistency</th>
<th class="column col2 conformant">Pass</th>
<th class="column col2 conformant">Pass</th>
<th class="column col2 conformant">Pass</th>
<th class="column col2 conformant">Pass</th>
<th class="column col2 conformant">Pass</th>
</tr>
<tr><th class="column col1">&nbsp;&nbsp;&nbsp;&nbsp;&nbsp;typeddicts_usage</th>
<th class="column col2 conformant">Pass</th>
<th class="column col2 conformant">Pass</th>
<th class="column col2 conformant">Pass</th>
<th class="column col2 conformant">Pass</th>
<th class="column col2 conformant">Pass</th>
</tr>
<tr><th class="column" colspan="6">
<a class="test_group" href="https://typing.readthedocs.io/en/latest/spec/tuples.html">Tuples</a>
</th></tr>
<tr><th class="column col1">&nbsp;&nbsp;&nbsp;&nbsp;&nbsp;tuples_type_compat</th>
<th class="column col2 partially-conformant"><div class="hover-text">Partial<span class="tooltip-text" id="bottom" style="max-width: 400px; width: max-content; white-space: normal; word-wrap: break-word; overflow-wrap: break-word; text-align: left;"><div style='margin-bottom: 10px;'><strong>Notes:</strong><p>Does not support tuple narrowing based on `len()` type guard (optional).</p></div><div><strong>Errors Diff:</strong><br><pre style='margin: 5px 0; font-size: 0.9em; white-space: pre-wrap; word-wrap: break-word; overflow-wrap: break-word;'>Line 149: Unexpected errors ['tuples_type_compat.py:149: error: Expression is of type "Sequence[object]", not "Sequence[complex | list[int]]"  [assert-type]']<br>Line 152: Unexpected errors ['tuples_type_compat.py:152: error: Expression is of type "Sequence[object]", not "Sequence[int | str]"  [assert-type]']</pre></div></span></div></th>
<th class="column col2 partially-conformant"><div class="hover-text">Partial<span class="tooltip-text" id="bottom" style="max-width: 400px; width: max-content; white-space: normal; word-wrap: break-word; overflow-wrap: break-word; text-align: left;"><div style='margin-bottom: 10px;'><strong>Notes:</strong><p>Incorrectly marks a match case as unreachable.</p></div><div><strong>Errors Diff:</strong><br><pre style='margin: 5px 0; font-size: 0.9em; white-space: pre-wrap; word-wrap: break-word; overflow-wrap: break-word;'>Lines 111, 112: Expected error (tag 'func6_3')</pre></div></span></div></th>
<th class="column col2 conformant">Pass</th>
<th class="column col2 conformant">Pass</th>
<th class="column col2 conformant">Pass</th>
</tr>
<tr><th class="column col1">&nbsp;&nbsp;&nbsp;&nbsp;&nbsp;tuples_type_form</th>
<th class="column col2 conformant">Pass</th>
<th class="column col2 conformant">Pass</th>
<th class="column col2 conformant">Pass</th>
<th class="column col2 conformant">Pass</th>
<th class="column col2 conformant">Pass</th>
</tr>
<tr><th class="column col1">&nbsp;&nbsp;&nbsp;&nbsp;&nbsp;tuples_unpacked</th>
<th class="column col2 partially-conformant"><div class="hover-text">Partial<span class="tooltip-text" id="bottom" style="max-width: 400px; width: max-content; white-space: normal; word-wrap: break-word; overflow-wrap: break-word; text-align: left;"><div style='margin-bottom: 10px;'><strong>Notes:</strong><p>"More than one unpack" error is missing in some cases.</p></div><div><strong>Errors Diff:</strong><br><pre style='margin: 5px 0; font-size: 0.9em; white-space: pre-wrap; word-wrap: break-word; overflow-wrap: break-word;'>Line 41: Expected 1 errors<br>Lines 60, 61: Expected error (tag 't14')</pre></div></span></div></th>
<th class="column col2 conformant">Pass</th>
<th class="column col2 conformant">Pass</th>
<th class="column col2 conformant">Pass</th>
<th class="column col2 not-conformant"><div class="hover-text">Unknown (2f-/0f+)<span class="tooltip-text" id="bottom" style="max-width: 400px; width: max-content; white-space: normal; word-wrap: break-word; overflow-wrap: break-word; text-align: left;"><div><strong>Errors Diff:</strong><br><pre style='margin: 5px 0; font-size: 0.9em; white-space: pre-wrap; word-wrap: break-word; overflow-wrap: break-word;'>Line 59: Expected 1 errors<br>Lines 60, 61: Expected error (tag 't14')</pre></div></span></div></th>
</tr>
<tr><th class="column" colspan="6">
<a class="test_group" href="https://typing.readthedocs.io/en/latest/spec/namedtuples.html">Named tuples</a>
</th></tr>
<tr><th class="column col1">&nbsp;&nbsp;&nbsp;&nbsp;&nbsp;namedtuples_define_class</th>
<th class="column col2 partially-conformant"><div class="hover-text">Partial<span class="tooltip-text" id="bottom" style="max-width: 400px; width: max-content; white-space: normal; word-wrap: break-word; overflow-wrap: break-word; text-align: left;"><div style='margin-bottom: 10px;'><strong>Notes:</strong><p>Does not reject override of named tuple attribute in child class.</p></div><div><strong>Errors Diff:</strong><br><pre style='margin: 5px 0; font-size: 0.9em; white-space: pre-wrap; word-wrap: break-word; overflow-wrap: break-word;'>Line 69: Expected 1 errors<br>Line 106: Expected 1 errors<br>Line 59: Unexpected errors ['namedtuples_define_class.py:59: error: Invalid statement in NamedTuple definition; expected "field_name: field_type [= default]"  [misc]']<br>Line 65: Unexpected errors ['namedtuples_define_class.py:65: error: Missing positional argument "units" in call to "Point2"  [call-arg]']<br>Line 67: Unexpected errors ['namedtuples_define_class.py:67: error: Too many values to unpack (2 expected, 3 provided)  [misc]']</pre></div></span></div></th>
<th class="column col2 conformant">Pass</th>
<th class="column col2 conformant">Pass</th>
<th class="column col2 conformant">Pass</th>
<th class="column col2 not-conformant"><div class="hover-text">Unknown (1f-/0f+)<span class="tooltip-text" id="bottom" style="max-width: 400px; width: max-content; white-space: normal; word-wrap: break-word; overflow-wrap: break-word; text-align: left;"><div><strong>Errors Diff:</strong><br><pre style='margin: 5px 0; font-size: 0.9em; white-space: pre-wrap; word-wrap: break-word; overflow-wrap: break-word;'>Line 106: Expected 1 errors</pre></div></span></div></th>
</tr>
<tr><th class="column col1">&nbsp;&nbsp;&nbsp;&nbsp;&nbsp;namedtuples_define_functional</th>
<th class="column col2 conformant">Pass</th>
<th class="column col2 conformant">Pass</th>
<th class="column col2 conformant">Pass</th>
<th class="column col2 conformant">Pass</th>
<th class="column col2 conformant">Pass</th>
</tr>
<tr><th class="column col1">&nbsp;&nbsp;&nbsp;&nbsp;&nbsp;namedtuples_type_compat</th>
<th class="column col2 conformant">Pass</th>
<th class="column col2 conformant">Pass</th>
<th class="column col2 conformant">Pass</th>
<th class="column col2 conformant">Pass</th>
<th class="column col2 conformant">Pass</th>
</tr>
<tr><th class="column col1">&nbsp;&nbsp;&nbsp;&nbsp;&nbsp;namedtuples_usage</th>
<th class="column col2 partially-conformant"><div class="hover-text">Partial<span class="tooltip-text" id="bottom" style="max-width: 400px; width: max-content; white-space: normal; word-wrap: break-word; overflow-wrap: break-word; text-align: left;"><div style='margin-bottom: 10px;'><strong>Notes:</strong><p>Does not reject attempt to delete named tuple field by name.</p></div><div><strong>Errors Diff:</strong><br><pre style='margin: 5px 0; font-size: 0.9em; white-space: pre-wrap; word-wrap: break-word; overflow-wrap: break-word;'>Line 42: Expected 1 errors</pre></div></span></div></th>
<th class="column col2 conformant">Pass</th>
<th class="column col2 conformant">Pass</th>
<th class="column col2 conformant">Pass</th>
<th class="column col2 not-conformant"><div class="hover-text">Unknown (1f-/0f+)<span class="tooltip-text" id="bottom" style="max-width: 400px; width: max-content; white-space: normal; word-wrap: break-word; overflow-wrap: break-word; text-align: left;"><div><strong>Errors Diff:</strong><br><pre style='margin: 5px 0; font-size: 0.9em; white-space: pre-wrap; word-wrap: break-word; overflow-wrap: break-word;'>Line 42: Expected 1 errors</pre></div></span></div></th>
</tr>
<tr><th class="column" colspan="6">
<a class="test_group" href="https://typing.readthedocs.io/en/latest/spec/enums.html">Enumerations</a>
</th></tr>
<tr><th class="column col1">&nbsp;&nbsp;&nbsp;&nbsp;&nbsp;enums_behaviors</th>
<th class="column col2 conformant">Pass</th>
<th class="column col2 conformant">Pass</th>
<th class="column col2 conformant">Pass</th>
<th class="column col2 conformant">Pass</th>
<th class="column col2 conformant">Pass</th>
</tr>
<tr><th class="column col1">&nbsp;&nbsp;&nbsp;&nbsp;&nbsp;enums_definition</th>
<th class="column col2 conformant">Pass</th>
<th class="column col2 conformant">Pass</th>
<th class="column col2 conformant">Pass</th>
<th class="column col2 conformant">Pass</th>
<th class="column col2 conformant">Pass</th>
</tr>
<tr><th class="column col1">&nbsp;&nbsp;&nbsp;&nbsp;&nbsp;enums_expansion</th>
<th class="column col2 partially-conformant"><div class="hover-text">Partial<span class="tooltip-text" id="bottom" style="max-width: 400px; width: max-content; white-space: normal; word-wrap: break-word; overflow-wrap: break-word; text-align: left;"><div style='margin-bottom: 10px;'><strong>Notes:</strong><p>Improperly applies narrowing to Flag subclass.</p></div><div><strong>Errors Diff:</strong><br><pre style='margin: 5px 0; font-size: 0.9em; white-space: pre-wrap; word-wrap: break-word; overflow-wrap: break-word;'>Line 53: Expected 1 errors<br>Line 52: Unexpected errors ['enums_expansion.py:52: error: Expression is of type "Literal[CustomFlags.FLAG3]", not "CustomFlags"  [assert-type]']</pre></div></span></div></th>
<th class="column col2 conformant">Pass</th>
<th class="column col2 conformant">Pass</th>
<th class="column col2 conformant">Pass</th>
<th class="column col2 not-conformant"><div class="hover-text">Unknown (1f-/1f+)<span class="tooltip-text" id="bottom" style="max-width: 400px; width: max-content; white-space: normal; word-wrap: break-word; overflow-wrap: break-word; text-align: left;"><div><strong>Errors Diff:</strong><br><pre style='margin: 5px 0; font-size: 0.9em; white-space: pre-wrap; word-wrap: break-word; overflow-wrap: break-word;'>Line 53: Expected 1 errors<br>Line 52: Unexpected errors ['enums_expansion.py:52:9: error[type-assertion-failure] Type `CustomFlags` does not match asserted type `Literal[CustomFlags.FLAG3]`']</pre></div></span></div></th>
</tr>
<tr><th class="column col1">&nbsp;&nbsp;&nbsp;&nbsp;&nbsp;enums_member_names</th>
<th class="column col2 conformant"><div class="hover-text">Pass*<span class="tooltip-text" id="bottom" style="max-width: 400px; width: max-content; white-space: normal; word-wrap: break-word; overflow-wrap: break-word; text-align: left;"><div style='margin-bottom: 10px;'><strong>Notes:</strong><p>Does not support special-cased handling of member name literal types in some cases (optional).</p></div></span></div></th>
<th class="column col2 conformant">Pass</th>
<th class="column col2 conformant">Pass</th>
<th class="column col2 conformant">Pass</th>
<th class="column col2 conformant">Pass</th>
</tr>
<tr><th class="column col1">&nbsp;&nbsp;&nbsp;&nbsp;&nbsp;enums_member_values</th>
<th class="column col2 partially-conformant"><div class="hover-text">Partial<span class="tooltip-text" id="bottom" style="max-width: 400px; width: max-content; white-space: normal; word-wrap: break-word; overflow-wrap: break-word; text-align: left;"><div style='margin-bottom: 10px;'><strong>Notes:</strong><p>Does not enforce declared type of `_value_`.</p><p>Does not enforce assigned tuple types for enum members (optional).</p></div><div><strong>Errors Diff:</strong><br><pre style='margin: 5px 0; font-size: 0.9em; white-space: pre-wrap; word-wrap: break-word; overflow-wrap: break-word;'>Line 78: Expected 1 errors</pre></div></span></div></th>
<th class="column col2 conformant">Pass</th>
<th class="column col2 conformant">Pass</th>
<th class="column col2 conformant">Pass</th>
<th class="column col2 not-conformant"><div class="hover-text">Unknown (1f-/0f+)<span class="tooltip-text" id="bottom" style="max-width: 400px; width: max-content; white-space: normal; word-wrap: break-word; overflow-wrap: break-word; text-align: left;"><div><strong>Errors Diff:</strong><br><pre style='margin: 5px 0; font-size: 0.9em; white-space: pre-wrap; word-wrap: break-word; overflow-wrap: break-word;'>Line 78: Expected 1 errors</pre></div></span></div></th>
</tr>
<tr><th class="column col1">&nbsp;&nbsp;&nbsp;&nbsp;&nbsp;enums_members</th>
<th class="column col2 partially-conformant"><div class="hover-text">Partial<span class="tooltip-text" id="bottom" style="max-width: 400px; width: max-content; white-space: normal; word-wrap: break-word; overflow-wrap: break-word; text-align: left;"><div style='margin-bottom: 10px;'><strong>Notes:</strong><p>Does not treat attribute with annotation and no assignment as non-member.</p><p>Does not treat callables as non-members.</p><p>Does not honor `enum.member` as method decorator.</p><p>Does not properly handle aliased enum members.</p><p>Does not support `_ignore_` mechanism (optional).</p><p>Does not treat attributes with private names as non-members.</p></div><div><strong>Errors Diff:</strong><br><pre style='margin: 5px 0; font-size: 0.9em; white-space: pre-wrap; word-wrap: break-word; overflow-wrap: break-word;'>Line 82: Expected 1 errors<br>Line 83: Expected 1 errors<br>Line 129: Expected 1 errors<br>Line 27: Unexpected errors ['enums_members.py:27: error: Expression is of type "Literal[Pet.genus]", not "str"  [assert-type]']<br>Line 28: Unexpected errors ['enums_members.py:28: error: Expression is of type "Literal[Pet.species]", not "str"  [assert-type]']<br>Line 35: Unexpected errors ['enums_members.py:35: error: Expression is of type "Literal[Pet2.genus]", not "str"  [assert-type]']<br>Line 36: Unexpected errors ['enums_members.py:36: error: Expression is of type "Literal[Pet2.species]", not "str"  [assert-type]']<br>Line 100: Unexpected errors ['enums_members.py:100: error: Expression is of type "Literal[TrafficLight.AMBER]", not "Literal[TrafficLight.YELLOW]"  [assert-type]']<br>Line 117: Unexpected errors ['enums_members.py:117: error: Expression is of type "member[Callable[[Example], None]]", not "Any"  [assert-type]', 'enums_members.py:117: error: Parameter 1 of Literal[...] is invalid  [valid-type]']</pre></div></span></div></th>
<th class="column col2 conformant"><div class="hover-text">Pass*<span class="tooltip-text" id="bottom" style="max-width: 400px; width: max-content; white-space: normal; word-wrap: break-word; overflow-wrap: break-word; text-align: left;"><div style='margin-bottom: 10px;'><strong>Notes:</strong><p>Does not support `_ignore_` mechanism (optional).</p></div></span></div></th>
<th class="column col2 conformant">Pass</th>
<th class="column col2 conformant">Pass</th>
<th class="column col2 not-conformant"><div class="hover-text">Unknown (1f-/0f+)<span class="tooltip-text" id="bottom" style="max-width: 400px; width: max-content; white-space: normal; word-wrap: break-word; overflow-wrap: break-word; text-align: left;"><div><strong>Errors Diff:</strong><br><pre style='margin: 5px 0; font-size: 0.9em; white-space: pre-wrap; word-wrap: break-word; overflow-wrap: break-word;'>Line 50: Expected 1 errors</pre></div></span></div></th>
</tr>
<tr><th class="column" colspan="6">
<a class="test_group" href="https://typing.readthedocs.io/en/latest/spec/narrowing.html">Type narrowing</a>
</th></tr>
<tr><th class="column col1">&nbsp;&nbsp;&nbsp;&nbsp;&nbsp;narrowing_typeguard</th>
<th class="column col2 conformant">Pass</th>
<th class="column col2 conformant">Pass</th>
<th class="column col2 conformant">Pass</th>
<th class="column col2 conformant">Pass</th>
<th class="column col2 conformant">Pass</th>
</tr>
<tr><th class="column col1">&nbsp;&nbsp;&nbsp;&nbsp;&nbsp;narrowing_typeis</th>
<th class="column col2 conformant">Pass</th>
<th class="column col2 conformant">Pass</th>
<th class="column col2 conformant">Pass</th>
<th class="column col2 conformant">Pass</th>
<th class="column col2 not-conformant"><div class="hover-text">Unknown (0f-/2f+)<span class="tooltip-text" id="bottom" style="max-width: 400px; width: max-content; white-space: normal; word-wrap: break-word; overflow-wrap: break-word; text-align: left;"><div><strong>Errors Diff:</strong><br><pre style='margin: 5px 0; font-size: 0.9em; white-space: pre-wrap; word-wrap: break-word; overflow-wrap: break-word;'>Line 21: Unexpected errors ['narrowing_typeis.py:21:9: error[assert-type-unspellable-subtype] Type `tuple[str, ...]` does not match asserted type `tuple[str, ...] & ~tuple[str, str]`']<br>Line 38: Unexpected errors ['narrowing_typeis.py:38:9: error[assert-type-unspellable-subtype] Type `int` does not match asserted type `int & ~Awaitable[object]`']</pre></div></span></div></th>
</tr>
<tr><th class="column" colspan="6">
<a class="test_group" href="https://typing.readthedocs.io/en/latest/spec/directives.html">Type checker directives</a>
</th></tr>
<tr><th class="column col1">&nbsp;&nbsp;&nbsp;&nbsp;&nbsp;directives_assert_type</th>
<th class="column col2 conformant">Pass</th>
<th class="column col2 conformant">Pass</th>
<th class="column col2 conformant">Pass</th>
<th class="column col2 conformant">Pass</th>
<th class="column col2 conformant">Pass</th>
</tr>
<tr><th class="column col1">&nbsp;&nbsp;&nbsp;&nbsp;&nbsp;directives_cast</th>
<th class="column col2 conformant">Pass</th>
<th class="column col2 conformant">Pass</th>
<th class="column col2 conformant">Pass</th>
<th class="column col2 conformant">Pass</th>
<th class="column col2 conformant">Pass</th>
</tr>
<tr><th class="column col1">&nbsp;&nbsp;&nbsp;&nbsp;&nbsp;directives_deprecated</th>
<th class="column col2 conformant">Pass</th>
<th class="column col2 conformant">Pass</th>
<th class="column col2 conformant">Pass</th>
<th class="column col2 conformant">Pass</th>
<th class="column col2 not-conformant"><div class="hover-text">Unknown (12f-/0f+)<span class="tooltip-text" id="bottom" style="max-width: 400px; width: max-content; white-space: normal; word-wrap: break-word; overflow-wrap: break-word; text-align: left;"><div><strong>Errors Diff:</strong><br><pre style='margin: 5px 0; font-size: 0.9em; white-space: pre-wrap; word-wrap: break-word; overflow-wrap: break-word;'>Line 18: Expected 1 errors<br>Line 24: Expected 1 errors<br>Line 25: Expected 1 errors<br>Line 30: Expected 1 errors<br>Line 41: Expected 1 errors<br>Line 42: Expected 1 errors<br>Line 44: Expected 1 errors<br>Line 47: Expected 1 errors<br>Line 48: Expected 1 errors<br>Line 58: Expected 1 errors<br>Line 69: Expected 1 errors<br>Line 98: Expected 1 errors</pre></div></span></div></th>
</tr>
<tr><th class="column col1">&nbsp;&nbsp;&nbsp;&nbsp;&nbsp;directives_no_type_check</th>
<th class="column col2 partially-conformant"><div class="hover-text">Partial<span class="tooltip-text" id="bottom" style="max-width: 400px; width: max-content; white-space: normal; word-wrap: break-word; overflow-wrap: break-word; text-align: left;"><div style='margin-bottom: 10px;'><strong>Notes:</strong><p>Does not honor `@no_type_check` class decorator (allowed).</p><p>Does not reject invalid call of `@no_type_check` function.</p></div><div><strong>Errors Diff:</strong><br><pre style='margin: 5px 0; font-size: 0.9em; white-space: pre-wrap; word-wrap: break-word; overflow-wrap: break-word;'>Line 32: Expected 1 errors</pre></div></span></div></th>
<th class="column col2 conformant"><div class="hover-text">Pass*<span class="tooltip-text" id="bottom" style="max-width: 400px; width: max-content; white-space: normal; word-wrap: break-word; overflow-wrap: break-word; text-align: left;"><div style='margin-bottom: 10px;'><strong>Notes:</strong><p>Does not honor `@no_type_check` class decorator (allowed).</p></div></span></div></th>
<th class="column col2 conformant">Pass</th>
<th class="column col2 conformant">Pass</th>
<th class="column col2 conformant">Pass</th>
</tr>
<tr><th class="column col1">&nbsp;&nbsp;&nbsp;&nbsp;&nbsp;directives_reveal_type</th>
<th class="column col2 conformant">Pass</th>
<th class="column col2 conformant">Pass</th>
<th class="column col2 conformant">Pass</th>
<th class="column col2 conformant">Pass</th>
<th class="column col2 conformant">Pass</th>
</tr>
<tr><th class="column col1">&nbsp;&nbsp;&nbsp;&nbsp;&nbsp;directives_type_checking</th>
<th class="column col2 conformant">Pass</th>
<th class="column col2 conformant">Pass</th>
<th class="column col2 conformant">Pass</th>
<th class="column col2 conformant">Pass</th>
<th class="column col2 not-conformant"><div class="hover-text">Unknown (0f-/1f+)<span class="tooltip-text" id="bottom" style="max-width: 400px; width: max-content; white-space: normal; word-wrap: break-word; overflow-wrap: break-word; text-align: left;"><div><strong>Errors Diff:</strong><br><pre style='margin: 5px 0; font-size: 0.9em; white-space: pre-wrap; word-wrap: break-word; overflow-wrap: break-word;'>Line 11: Unexpected errors ['directives_type_checking.py:11:14: error[invalid-assignment] Object of type `Literal[""]` is not assignable to `int`']</pre></div></span></div></th>
</tr>
<tr><th class="column col1">&nbsp;&nbsp;&nbsp;&nbsp;&nbsp;directives_type_ignore</th>
<th class="column col2 partially-conformant"><div class="hover-text">Partial<span class="tooltip-text" id="bottom" style="max-width: 400px; width: max-content; white-space: normal; word-wrap: break-word; overflow-wrap: break-word; text-align: left;"><div style='margin-bottom: 10px;'><strong>Notes:</strong><p>Does not honor "# type: ignore" comment if comment includes additional text.</p></div><div><strong>Errors Diff:</strong><br><pre style='margin: 5px 0; font-size: 0.9em; white-space: pre-wrap; word-wrap: break-word; overflow-wrap: break-word;'>Line 11: Unexpected errors ['directives_type_ignore.py:11: error: Invalid "type: ignore" comment  [syntax]', 'directives_type_ignore.py:11: error: Incompatible types in assignment (expression has type "str", variable has type "int")  [assignment]']<br>Line 14: Unexpected errors ['directives_type_ignore.py:14: error: Incompatible types in assignment (expression has type "str", variable has type "int")  [assignment]']</pre></div></span></div></th>
<th class="column col2 conformant">Pass</th>
<th class="column col2 not-conformant"><div class="hover-text">Unknown (0f-/1f+)<span class="tooltip-text" id="bottom" style="max-width: 400px; width: max-content; white-space: normal; word-wrap: break-word; overflow-wrap: break-word; text-align: left;"><div><strong>Errors Diff:</strong><br><pre style='margin: 5px 0; font-size: 0.9em; white-space: pre-wrap; word-wrap: break-word; overflow-wrap: break-word;'>Line 14: Unexpected errors ['directives_type_ignore.py:14: error: Incompatible types in assignment (expression has type "str", variable has type "int")  [assignment]']</pre></div></span></div></th>
<th class="column col2 conformant">Pass</th>
<th class="column col2 conformant">Pass</th>
</tr>
<tr><th class="column col1">&nbsp;&nbsp;&nbsp;&nbsp;&nbsp;directives_type_ignore_file1</th>
<th class="column col2 conformant">Pass</th>
<th class="column col2 conformant">Pass</th>
<th class="column col2 conformant">Pass</th>
<th class="column col2 conformant">Pass</th>
<th class="column col2 conformant">Pass</th>
</tr>
<tr><th class="column col1">&nbsp;&nbsp;&nbsp;&nbsp;&nbsp;directives_type_ignore_file2</th>
<th class="column col2 conformant">Pass</th>
<th class="column col2 conformant">Pass</th>
<th class="column col2 conformant">Pass</th>
<th class="column col2 conformant">Pass</th>
<th class="column col2 conformant">Pass</th>
</tr>
<tr><th class="column col1">&nbsp;&nbsp;&nbsp;&nbsp;&nbsp;directives_version_platform</th>
<th class="column col2 conformant"><div class="hover-text">Pass*<span class="tooltip-text" id="bottom" style="max-width: 400px; width: max-content; white-space: normal; word-wrap: break-word; overflow-wrap: break-word; text-align: left;"><div style='margin-bottom: 10px;'><strong>Notes:</strong><p>Does not understand three-element form of sys.version checks.</p><p>Does not understand os.name checks.</p></div></span></div></th>
<th class="column col2 conformant">Pass</th>
<th class="column col2 conformant">Pass</th>
<th class="column col2 conformant">Pass</th>
<th class="column col2 not-conformant"><div class="hover-text">Unknown (0f-/4f+)<span class="tooltip-text" id="bottom" style="max-width: 400px; width: max-content; white-space: normal; word-wrap: break-word; overflow-wrap: break-word; text-align: left;"><div><strong>Errors Diff:</strong><br><pre style='margin: 5px 0; font-size: 0.9em; white-space: pre-wrap; word-wrap: break-word; overflow-wrap: break-word;'>Line 14: Unexpected errors ['directives_version_platform.py:14:17: error[invalid-assignment] Object of type `Literal[""]` is not assignable to `int`']<br>Line 22: Unexpected errors ['directives_version_platform.py:22:17: error[invalid-assignment] Object of type `Literal[""]` is not assignable to `int`']<br>Line 31: Unexpected errors ['directives_version_platform.py:31:17: error[invalid-assignment] Object of type `Literal[""]` is not assignable to `int`']<br>Line 36: Unexpected errors ['directives_version_platform.py:36:17: error[invalid-assignment] Object of type `Literal[""]` is not assignable to `int`']</pre></div></span></div></th>
</tr>
<tr><th class="column" colspan="6">
<a class="test_group" href="https://typing.readthedocs.io/en/latest/spec/historical.html">Historical and deprecated features</a>
</th></tr>
<tr><th class="column col1">&nbsp;&nbsp;&nbsp;&nbsp;&nbsp;historical_positional</th>
<th class="column col2 partially-conformant"><div class="hover-text">Partial<span class="tooltip-text" id="bottom" style="max-width: 400px; width: max-content; white-space: normal; word-wrap: break-word; overflow-wrap: break-word; text-align: left;"><div style='margin-bottom: 10px;'><strong>Notes:</strong><p>Does not reject positional-only parameter after non-positional-only parameter.</p><p>Treats keyword-only parameter as positional-only.</p><p>Applies legacy positional-only rules when PEP 570 syntax is used.</p></div><div><strong>Errors Diff:</strong><br><pre style='margin: 5px 0; font-size: 0.9em; white-space: pre-wrap; word-wrap: break-word; overflow-wrap: break-word;'>Line 26: Expected 1 errors<br>Line 54: Expected 1 errors<br>Line 48: Unexpected errors ['historical_positional.py:48: error: Unexpected keyword argument "__y" for "f3"  [call-arg]']<br>Line 69: Unexpected errors ['historical_positional.py:69: error: Unexpected keyword argument "__y" for "f4"  [call-arg]']</pre></div></span></div></th>
<th class="column col2 conformant">Pass</th>
<th class="column col2 conformant">Pass</th>
<th class="column col2 conformant">Pass</th>
<th class="column col2 not-conformant"><div class="hover-text">Unknown (2f-/0f+)<span class="tooltip-text" id="bottom" style="max-width: 400px; width: max-content; white-space: normal; word-wrap: break-word; overflow-wrap: break-word; text-align: left;"><div><strong>Errors Diff:</strong><br><pre style='margin: 5px 0; font-size: 0.9em; white-space: pre-wrap; word-wrap: break-word; overflow-wrap: break-word;'>Line 26: Expected 1 errors<br>Line 54: Expected 1 errors</pre></div></span></div></th>
</tr>
</tbody></table></div>

<div style="margin-top: 30px;"><h3>Summary Statistics</h3>
<div class="table_container"><table><tbody>
<tr><th class="col1">Type Checker</th>
<th class="column">Total Test Case Passes</th>
<th class="column">Total Test Case Partial</th>
<th class="column">Total False Positives</th>
<th class="column">Total False Negatives</th>
</tr>
<tr><th class="col1">mypy 1.19.1</th>
<td class="column conformant">81</td>
<td class="column partially-conformant">53</td>
<td class="column">209</td>
<td class="column">85</td>
</tr>
<tr><th class="col1">pyright 1.1.408</th>
<td class="column conformant">137</td>
<td class="column partially-conformant">2</td>
<td class="column">1</td>
<td class="column">1</td>
</tr>
<tr><th class="col1">zuban 0.6.0</th>
<td class="column conformant">136</td>
<td class="column partially-conformant">3</td>
<td class="column">7</td>
<td class="column">0</td>
</tr>
<tr><th class="col1">pyrefly 0.53.0</th>
<td class="column conformant">120</td>
<td class="column partially-conformant">19</td>
<td class="column">28</td>
<td class="column">33</td>
</tr>
<tr><th class="col1">ty 0.0.17 (8cec85718 2026-02-13)</th>
<td class="column conformant">57</td>
<td class="column partially-conformant">82</td>
<td class="column">156</td>
<td class="column">286</td>
</tr>
</tbody></table></div></div>

        <!-- <div>
        <h4>Mypy 1.8.0</h4>
        </div>
        <table>
            <tr>
                <th class="column" colspan="3">Test Category 1</th>
            </tr>
            <tr>
                <th class="column">xxx</th>
                <th class="column">Pass</th>
                <th class="column"></th>
            </tr>
        </table> -->
    </div>
</body>

</html>
